[ T-Track ]
    title = Geometry Check
     mesh =  xyz            # mesh type is xyz scoring mesh
   x-type =    2            # x-mesh is linear given by xmin, xmax and nx
     xmin =  -20.00000      # minimum value of x-mesh points
     xmax =   20.00000      # maximum value of x-mesh points
#    xdel =  0.2000000      # mesh width of x-mesh points
       nx =    200          # number of x-mesh points
#    data = ( x(i), i = 1, nx + 1 )
#          -2.00000E+01 -1.98000E+01 -1.96000E+01 -1.94000E+01 -1.92000E+01
#          -1.90000E+01 -1.88000E+01 -1.86000E+01 -1.84000E+01 -1.82000E+01
#          -1.80000E+01 -1.78000E+01 -1.76000E+01 -1.74000E+01 -1.72000E+01
#          -1.70000E+01 -1.68000E+01 -1.66000E+01 -1.64000E+01 -1.62000E+01
#          -1.60000E+01 -1.58000E+01 -1.56000E+01 -1.54000E+01 -1.52000E+01
#          -1.50000E+01 -1.48000E+01 -1.46000E+01 -1.44000E+01 -1.42000E+01
#          -1.40000E+01 -1.38000E+01 -1.36000E+01 -1.34000E+01 -1.32000E+01
#          -1.30000E+01 -1.28000E+01 -1.26000E+01 -1.24000E+01 -1.22000E+01
#          -1.20000E+01 -1.18000E+01 -1.16000E+01 -1.14000E+01 -1.12000E+01
#          -1.10000E+01 -1.08000E+01 -1.06000E+01 -1.04000E+01 -1.02000E+01
#          -1.00000E+01 -9.80000E+00 -9.60000E+00 -9.40000E+00 -9.20000E+00
#          -9.00000E+00 -8.80000E+00 -8.60000E+00 -8.40000E+00 -8.20000E+00
#          -8.00000E+00 -7.80000E+00 -7.60000E+00 -7.40000E+00 -7.20000E+00
#          -7.00000E+00 -6.80000E+00 -6.60000E+00 -6.40000E+00 -6.20000E+00
#          -6.00000E+00 -5.80000E+00 -5.60000E+00 -5.40000E+00 -5.20000E+00
#          -5.00000E+00 -4.80000E+00 -4.60000E+00 -4.40000E+00 -4.20000E+00
#          -4.00000E+00 -3.80000E+00 -3.60000E+00 -3.40000E+00 -3.20000E+00
#          -3.00000E+00 -2.80000E+00 -2.60000E+00 -2.40000E+00 -2.20000E+00
#          -2.00000E+00 -1.80000E+00 -1.60000E+00 -1.40000E+00 -1.20000E+00
#          -1.00000E+00 -8.00000E-01 -6.00000E-01 -4.00000E-01 -2.00000E-01
#           0.00000E+00  2.00000E-01  4.00000E-01  6.00000E-01  8.00000E-01
#           1.00000E+00  1.20000E+00  1.40000E+00  1.60000E+00  1.80000E+00
#           2.00000E+00  2.20000E+00  2.40000E+00  2.60000E+00  2.80000E+00
#           3.00000E+00  3.20000E+00  3.40000E+00  3.60000E+00  3.80000E+00
#           4.00000E+00  4.20000E+00  4.40000E+00  4.60000E+00  4.80000E+00
#           5.00000E+00  5.20000E+00  5.40000E+00  5.60000E+00  5.80000E+00
#           6.00000E+00  6.20000E+00  6.40000E+00  6.60000E+00  6.80000E+00
#           7.00000E+00  7.20000E+00  7.40000E+00  7.60000E+00  7.80000E+00
#           8.00000E+00  8.20000E+00  8.40000E+00  8.60000E+00  8.80000E+00
#           9.00000E+00  9.20000E+00  9.40000E+00  9.60000E+00  9.80000E+00
#           1.00000E+01  1.02000E+01  1.04000E+01  1.06000E+01  1.08000E+01
#           1.10000E+01  1.12000E+01  1.14000E+01  1.16000E+01  1.18000E+01
#           1.20000E+01  1.22000E+01  1.24000E+01  1.26000E+01  1.28000E+01
#           1.30000E+01  1.32000E+01  1.34000E+01  1.36000E+01  1.38000E+01
#           1.40000E+01  1.42000E+01  1.44000E+01  1.46000E+01  1.48000E+01
#           1.50000E+01  1.52000E+01  1.54000E+01  1.56000E+01  1.58000E+01
#           1.60000E+01  1.62000E+01  1.64000E+01  1.66000E+01  1.68000E+01
#           1.70000E+01  1.72000E+01  1.74000E+01  1.76000E+01  1.78000E+01
#           1.80000E+01  1.82000E+01  1.84000E+01  1.86000E+01  1.88000E+01
#           1.90000E+01  1.92000E+01  1.94000E+01  1.96000E+01  1.98000E+01
#           2.00000E+01
   y-type =    1            # y-mesh is given by the below data
       ny =      1          # number of y-mesh points
#    data = ( y(i), i = 1, ny + 1 )
           -5.00000E+00  5.00000E+00
   z-type =    2            # z-mesh is linear given by zmin, zmax and nz
     zmin =  -20.00000      # minimum value of z-mesh points
     zmax =   20.00000      # maximum value of z-mesh points
#    zdel =  0.2000000      # mesh width of z-mesh points
       nz =    200          # number of z-mesh points
#    data = ( z(i), i = 1, nz + 1 )
#          -2.00000E+01 -1.98000E+01 -1.96000E+01 -1.94000E+01 -1.92000E+01
#          -1.90000E+01 -1.88000E+01 -1.86000E+01 -1.84000E+01 -1.82000E+01
#          -1.80000E+01 -1.78000E+01 -1.76000E+01 -1.74000E+01 -1.72000E+01
#          -1.70000E+01 -1.68000E+01 -1.66000E+01 -1.64000E+01 -1.62000E+01
#          -1.60000E+01 -1.58000E+01 -1.56000E+01 -1.54000E+01 -1.52000E+01
#          -1.50000E+01 -1.48000E+01 -1.46000E+01 -1.44000E+01 -1.42000E+01
#          -1.40000E+01 -1.38000E+01 -1.36000E+01 -1.34000E+01 -1.32000E+01
#          -1.30000E+01 -1.28000E+01 -1.26000E+01 -1.24000E+01 -1.22000E+01
#          -1.20000E+01 -1.18000E+01 -1.16000E+01 -1.14000E+01 -1.12000E+01
#          -1.10000E+01 -1.08000E+01 -1.06000E+01 -1.04000E+01 -1.02000E+01
#          -1.00000E+01 -9.80000E+00 -9.60000E+00 -9.40000E+00 -9.20000E+00
#          -9.00000E+00 -8.80000E+00 -8.60000E+00 -8.40000E+00 -8.20000E+00
#          -8.00000E+00 -7.80000E+00 -7.60000E+00 -7.40000E+00 -7.20000E+00
#          -7.00000E+00 -6.80000E+00 -6.60000E+00 -6.40000E+00 -6.20000E+00
#          -6.00000E+00 -5.80000E+00 -5.60000E+00 -5.40000E+00 -5.20000E+00
#          -5.00000E+00 -4.80000E+00 -4.60000E+00 -4.40000E+00 -4.20000E+00
#          -4.00000E+00 -3.80000E+00 -3.60000E+00 -3.40000E+00 -3.20000E+00
#          -3.00000E+00 -2.80000E+00 -2.60000E+00 -2.40000E+00 -2.20000E+00
#          -2.00000E+00 -1.80000E+00 -1.60000E+00 -1.40000E+00 -1.20000E+00
#          -1.00000E+00 -8.00000E-01 -6.00000E-01 -4.00000E-01 -2.00000E-01
#           0.00000E+00  2.00000E-01  4.00000E-01  6.00000E-01  8.00000E-01
#           1.00000E+00  1.20000E+00  1.40000E+00  1.60000E+00  1.80000E+00
#           2.00000E+00  2.20000E+00  2.40000E+00  2.60000E+00  2.80000E+00
#           3.00000E+00  3.20000E+00  3.40000E+00  3.60000E+00  3.80000E+00
#           4.00000E+00  4.20000E+00  4.40000E+00  4.60000E+00  4.80000E+00
#           5.00000E+00  5.20000E+00  5.40000E+00  5.60000E+00  5.80000E+00
#           6.00000E+00  6.20000E+00  6.40000E+00  6.60000E+00  6.80000E+00
#           7.00000E+00  7.20000E+00  7.40000E+00  7.60000E+00  7.80000E+00
#           8.00000E+00  8.20000E+00  8.40000E+00  8.60000E+00  8.80000E+00
#           9.00000E+00  9.20000E+00  9.40000E+00  9.60000E+00  9.80000E+00
#           1.00000E+01  1.02000E+01  1.04000E+01  1.06000E+01  1.08000E+01
#           1.10000E+01  1.12000E+01  1.14000E+01  1.16000E+01  1.18000E+01
#           1.20000E+01  1.22000E+01  1.24000E+01  1.26000E+01  1.28000E+01
#           1.30000E+01  1.32000E+01  1.34000E+01  1.36000E+01  1.38000E+01
#           1.40000E+01  1.42000E+01  1.44000E+01  1.46000E+01  1.48000E+01
#           1.50000E+01  1.52000E+01  1.54000E+01  1.56000E+01  1.58000E+01
#           1.60000E+01  1.62000E+01  1.64000E+01  1.66000E+01  1.68000E+01
#           1.70000E+01  1.72000E+01  1.74000E+01  1.76000E+01  1.78000E+01
#           1.80000E+01  1.82000E+01  1.84000E+01  1.86000E+01  1.88000E+01
#           1.90000E+01  1.92000E+01  1.94000E+01  1.96000E+01  1.98000E+01
#           2.00000E+01
   e-type =    1            # e-mesh is given by the below data
       ne =      1          # number of e-mesh points
#    data = ( e(i), i = 1, ne + 1 )
            0.00000E+00  1.00000E+03
   t-type =    2            # t-mesh is linear given by tmin, tmax and nt
     tmin =   0.000000      # minimum value of t-mesh points
     tmax =   1.000000      # maximum value of t-mesh points
#    tdel =  0.1000000      # mesh width of t-mesh points
       nt =     10          # number of t-mesh points
#    data = ( t(i), i = 1, nt + 1 )
#           0.00000E+00  1.00000E-01  2.00000E-01  3.00000E-01  4.00000E-01
#           5.00000E-01  6.00000E-01  7.00000E-01  8.00000E-01  9.00000E-01
#           1.00000E+00
     unit =    1            # unit is [1/cm^2/source]
 material =  all            # (D=all) number of specific material
  2D-type =    3            # 1:Cont, 2:Clust, 3:Color, 4:xyz, 5:mat, 6:Clust+Cont, 7:Col+Cont
     axis =      xz            # axis of output
     file = hpge_geo.out    # file name of output for the above axis
     part =  all      
# kf/name :  0        
    gshow =    3            # 0: no 1:bnd, 2:bnd+mat, 3:bnd+reg 4:bnd+lat 5:bmp style
    resol =    1            # (D=1) resolution of gshow or rshow
    width = 0.5000000       # (D=0.5) width of lines for gshow or rshow
   epsout =    1            # (D=0) generate eps file by ANGEL
#    used :        main (  %)        temp (  %)       total (  %)
#  memory :         419 (  0)           0 (  0)         419 (  0)

#------------------------------------------------------------------------------
#newpage:
#   no. =  1   ie  =  1   iy  =  1   part. = all     
#   e = (   0.0000E+00  -   1.0000E+03  )
#   y = (  -5.0000E+00  -   5.0000E+00  )
#  it =  1
#   t = (   0.0000E+00  -   1.0000E-01  )

'no. =  1,  ie =  1,  iy =  1,  it =  1'
msuc: {\huge Geometry Check}
msdr: {\it plotted by \ANGEL \version}
msdl: {\it calculated by \PHITS  3.34}

x: z [cm]
y: x [cm]
set: c1[ 1.000] c2[ 0.900] c5[ 0.800] c6[ 1.000] c7[ 0.000] c8[ 0.000]
p: h2fs form[c1] xfac[c2] afac[c5] scal[c6] xorg[c7] yorg[c8] nosp
p: xmin( -20.00000    ) xmax(  20.00000    )
p: ymin( -20.00000    ) ymax(  20.00000    )
#  nx = 200   nz = 200
# ( ( data(z,x), z = 1, nz ), x = nx, 1, -1 )

#------------------------------------------------------------------------------
# gshow
#------------------------------------------------------------------------------

p: legs[c5*0.875]

w:100/ x(  -0.1030144E+02) y(  -0.1030140E+02) ix(2) iy(2) s(   0.7000E+00)

h: x ny1,0  y2=[y1](void),ic[lightgray]
 -1.000000E+00 -1.000000E+00

hb:   line clip z   cb(lightgray)
frame:
 -1.9999951E+01 -1.9999907E+01
  2.0000049E+01 -1.9999907E+01
  2.0000049E+01  2.0000093E+01
 -1.9999951E+01  2.0000093E+01
clip:
 -2.019896E+01 -2.019891E+01
  2.019905E+01 -2.019891E+01
  2.019905E+01 -1.999692E+01
  2.019905E+01 -1.979493E+01
  2.019905E+01 -1.959294E+01
  2.019905E+01 -1.939095E+01
  2.019905E+01 -1.918896E+01
  2.019905E+01 -1.898697E+01
  2.019905E+01 -1.878498E+01
  2.019905E+01 -1.858299E+01
  2.019905E+01 -1.838100E+01
  2.019905E+01 -1.817901E+01
  2.019905E+01 -1.797702E+01
  2.019905E+01 -1.777503E+01
  2.019905E+01 -1.757304E+01
  2.019905E+01 -1.737105E+01
  2.019905E+01 -1.716906E+01
  2.019905E+01 -1.696707E+01
  2.019905E+01 -1.676508E+01
  2.019905E+01 -1.656309E+01
  2.019905E+01 -1.636110E+01
  2.019905E+01 -1.615911E+01
  2.019905E+01 -1.595712E+01
  2.019905E+01 -1.575513E+01
  2.019905E+01 -1.555314E+01
  2.019905E+01 -1.535115E+01
  2.019905E+01 -1.514916E+01
  2.019905E+01 -1.494717E+01
  2.019905E+01 -1.474518E+01
  2.019905E+01 -1.454319E+01
  2.019905E+01 -1.434120E+01
  2.019905E+01 -1.413921E+01
  2.019905E+01 -1.393722E+01
  2.019905E+01 -1.373523E+01
  2.019905E+01 -1.353324E+01
  2.019905E+01 -1.333125E+01
  2.019905E+01 -1.312926E+01
  2.019905E+01 -1.292727E+01
  2.019905E+01 -1.272528E+01
  2.019905E+01 -1.252329E+01
  2.019905E+01 -1.232130E+01
  2.019905E+01 -1.211931E+01
  2.019905E+01 -1.191732E+01
  2.019905E+01 -1.171533E+01
  2.019905E+01 -1.151334E+01
  2.019905E+01 -1.131135E+01
  2.019905E+01 -1.110936E+01
  2.019905E+01 -1.090737E+01
  2.019905E+01 -1.070538E+01
  2.019905E+01 -1.050339E+01
  2.019905E+01 -1.030140E+01
  2.019905E+01 -1.009941E+01
  2.019905E+01 -9.897419E+00
  2.019905E+01 -9.695429E+00
  2.019905E+01 -9.493439E+00
  2.019905E+01 -9.291448E+00
  2.019905E+01 -9.089458E+00
  2.019905E+01 -8.887468E+00
  2.019905E+01 -8.685478E+00
  2.019905E+01 -8.483488E+00
  2.019905E+01 -8.281498E+00
  2.019905E+01 -8.079508E+00
  2.019905E+01 -7.877518E+00
  2.019905E+01 -7.675528E+00
  2.019905E+01 -7.473538E+00
  2.019905E+01 -7.271548E+00
  2.019905E+01 -7.069558E+00
  2.019905E+01 -6.867568E+00
  2.019905E+01 -6.665578E+00
  2.019905E+01 -6.463588E+00
  2.019905E+01 -6.261598E+00
  2.019905E+01 -6.059608E+00
  2.019905E+01 -5.857618E+00
  2.019905E+01 -5.655628E+00
  2.019905E+01 -5.453638E+00
  2.019905E+01 -5.251647E+00
  2.019905E+01 -5.049657E+00
  2.019905E+01 -4.847667E+00
  2.019905E+01 -4.645677E+00
  2.019905E+01 -4.443687E+00
  2.019905E+01 -4.241697E+00
  2.019905E+01 -4.039707E+00
  2.019905E+01 -3.837717E+00
  2.019905E+01 -3.635727E+00
  2.019905E+01 -3.433737E+00
  2.019905E+01 -3.231747E+00
  2.019905E+01 -3.029757E+00
  2.019905E+01 -2.827767E+00
  2.019905E+01 -2.625777E+00
  2.019905E+01 -2.423787E+00
  2.019905E+01 -2.221797E+00
  2.019905E+01 -2.019807E+00
  2.019905E+01 -1.817817E+00
  2.019905E+01 -1.615827E+00
  2.019905E+01 -1.413837E+00
  2.019905E+01 -1.211846E+00
  2.019905E+01 -1.009856E+00
  2.019905E+01 -8.078664E-01
  2.019905E+01 -6.058763E-01
  2.019905E+01 -4.038863E-01
  2.019905E+01 -2.018962E-01
  2.019905E+01  9.382716E-05
  2.019905E+01  2.020839E-01
  2.019905E+01  4.040739E-01
  2.019905E+01  6.060640E-01
  2.019905E+01  8.080540E-01
  2.019905E+01  1.010044E+00
  2.019905E+01  1.212034E+00
  2.019905E+01  1.414024E+00
  2.019905E+01  1.616014E+00
  2.019905E+01  1.818004E+00
  2.019905E+01  2.019994E+00
  2.019905E+01  2.221984E+00
  2.019905E+01  2.423974E+00
  2.019905E+01  2.625964E+00
  2.019905E+01  2.827955E+00
  2.019905E+01  3.029945E+00
  2.019905E+01  3.231935E+00
  2.019905E+01  3.433925E+00
  2.019905E+01  3.635915E+00
  2.019905E+01  3.837905E+00
  2.019905E+01  4.039895E+00
  2.019905E+01  4.241885E+00
  2.019905E+01  4.443875E+00
  2.019905E+01  4.645865E+00
  2.019905E+01  4.847855E+00
  2.019905E+01  5.049845E+00
  2.019905E+01  5.251835E+00
  2.019905E+01  5.453825E+00
  2.019905E+01  5.655815E+00
  2.019905E+01  5.857805E+00
  2.019905E+01  6.059795E+00
  2.019905E+01  6.261785E+00
  2.019905E+01  6.463775E+00
  2.019905E+01  6.665765E+00
  2.019905E+01  6.867756E+00
  2.019905E+01  7.069746E+00
  2.019905E+01  7.271736E+00
  2.019905E+01  7.473726E+00
  2.019905E+01  7.675716E+00
  2.019905E+01  7.877706E+00
  2.019905E+01  8.079696E+00
  2.019905E+01  8.281686E+00
  2.019905E+01  8.483676E+00
  2.019905E+01  8.685666E+00
  2.019905E+01  8.887656E+00
  2.019905E+01  9.089646E+00
  2.019905E+01  9.291636E+00
  2.019905E+01  9.493626E+00
  2.019905E+01  9.695616E+00
  2.019905E+01  9.897606E+00
  2.019905E+01  1.009960E+01
  2.019905E+01  1.030159E+01
  2.019905E+01  1.050358E+01
  2.019905E+01  1.070557E+01
  2.019905E+01  1.090756E+01
  2.019905E+01  1.110955E+01
  2.019905E+01  1.131154E+01
  2.019905E+01  1.151353E+01
  2.019905E+01  1.171552E+01
  2.019905E+01  1.191751E+01
  2.019905E+01  1.211950E+01
  2.019905E+01  1.232149E+01
  2.019905E+01  1.252348E+01
  2.019905E+01  1.272547E+01
  2.019905E+01  1.292746E+01
  2.019905E+01  1.312945E+01
  2.019905E+01  1.333144E+01
  2.019905E+01  1.353343E+01
  2.019905E+01  1.373542E+01
  2.019905E+01  1.393741E+01
  2.019905E+01  1.413940E+01
  2.019905E+01  1.434139E+01
  2.019905E+01  1.454338E+01
  2.019905E+01  1.474537E+01
  2.019905E+01  1.494736E+01
  2.019905E+01  1.514935E+01
  2.019905E+01  1.535134E+01
  2.019905E+01  1.555333E+01
  2.019905E+01  1.575532E+01
  2.019905E+01  1.595731E+01
  2.019905E+01  1.615930E+01
  2.019905E+01  1.636129E+01
  2.019905E+01  1.656328E+01
  2.019905E+01  1.676527E+01
  2.019905E+01  1.696726E+01
  2.019905E+01  1.716925E+01
  2.019905E+01  1.737124E+01
  2.019905E+01  1.757323E+01
  2.019905E+01  1.777522E+01
  2.019905E+01  1.797721E+01
  2.019905E+01  1.817920E+01
  2.019905E+01  1.838119E+01
  2.019905E+01  1.858318E+01
  2.019905E+01  1.878517E+01
  2.019905E+01  1.898716E+01
  2.019905E+01  1.918915E+01
  2.019905E+01  1.939114E+01
  2.019905E+01  1.959313E+01
  2.019905E+01  1.979512E+01
  2.019905E+01  1.999711E+01
  2.019905E+01  2.019910E+01
  1.999706E+01  2.019910E+01
  1.979507E+01  2.019910E+01
  1.959308E+01  2.019910E+01
  1.939109E+01  2.019910E+01
  1.918910E+01  2.019910E+01
  1.898711E+01  2.019910E+01
  1.878512E+01  2.019910E+01
  1.858313E+01  2.019910E+01
  1.838114E+01  2.019910E+01
  1.817915E+01  2.019910E+01
  1.797716E+01  2.019910E+01
  1.777517E+01  2.019910E+01
  1.757318E+01  2.019910E+01
  1.737119E+01  2.019910E+01
  1.716920E+01  2.019910E+01
  1.696721E+01  2.019910E+01
  1.676522E+01  2.019910E+01
  1.656323E+01  2.019910E+01
  1.636124E+01  2.019910E+01
  1.615925E+01  2.019910E+01
  1.595726E+01  2.019910E+01
  1.575527E+01  2.019910E+01
  1.555328E+01  2.019910E+01
  1.535129E+01  2.019910E+01
  1.514930E+01  2.019910E+01
  1.494731E+01  2.019910E+01
  1.474532E+01  2.019910E+01
  1.454333E+01  2.019910E+01
  1.434134E+01  2.019910E+01
  1.413935E+01  2.019910E+01
  1.393736E+01  2.019910E+01
  1.373537E+01  2.019910E+01
  1.353338E+01  2.019910E+01
  1.333139E+01  2.019910E+01
  1.312940E+01  2.019910E+01
  1.292741E+01  2.019910E+01
  1.272542E+01  2.019910E+01
  1.252343E+01  2.019910E+01
  1.232144E+01  2.019910E+01
  1.211945E+01  2.019910E+01
  1.191746E+01  2.019910E+01
  1.171547E+01  2.019910E+01
  1.151348E+01  2.019910E+01
  1.131149E+01  2.019910E+01
  1.110950E+01  2.019910E+01
  1.090751E+01  2.019910E+01
  1.070552E+01  2.019910E+01
  1.050353E+01  2.019910E+01
  1.030154E+01  2.019910E+01
  1.009955E+01  2.019910E+01
  9.897562E+00  2.019910E+01
  9.695572E+00  2.019910E+01
  9.493582E+00  2.019910E+01
  9.291592E+00  2.019910E+01
  9.089602E+00  2.019910E+01
  8.887612E+00  2.019910E+01
  8.685622E+00  2.019910E+01
  8.483631E+00  2.019910E+01
  8.281641E+00  2.019910E+01
  8.079651E+00  2.019910E+01
  7.877661E+00  2.019910E+01
  7.675671E+00  2.019910E+01
  7.473681E+00  2.019910E+01
  7.271691E+00  2.019910E+01
  7.069701E+00  2.019910E+01
  6.867711E+00  2.019910E+01
  6.665721E+00  2.019910E+01
  6.463731E+00  2.019910E+01
  6.261741E+00  2.019910E+01
  6.059751E+00  2.019910E+01
  5.857761E+00  2.019910E+01
  5.655771E+00  2.019910E+01
  5.453781E+00  2.019910E+01
  5.251791E+00  2.019910E+01
  5.049801E+00  2.019910E+01
  4.847811E+00  2.019910E+01
  4.645821E+00  2.019910E+01
  4.443830E+00  2.019910E+01
  4.241840E+00  2.019910E+01
  4.039850E+00  2.019910E+01
  3.837860E+00  2.019910E+01
  3.635870E+00  2.019910E+01
  3.433880E+00  2.019910E+01
  3.231890E+00  2.019910E+01
  3.029900E+00  2.019910E+01
  2.827910E+00  2.019910E+01
  2.625920E+00  2.019910E+01
  2.423930E+00  2.019910E+01
  2.221940E+00  2.019910E+01
  2.019950E+00  2.019910E+01
  1.817960E+00  2.019910E+01
  1.615970E+00  2.019910E+01
  1.413980E+00  2.019910E+01
  1.211990E+00  2.019910E+01
  1.010000E+00  2.019910E+01
  8.080096E-01  2.019910E+01
  6.060195E-01  2.019910E+01
  4.040295E-01  2.019910E+01
  2.020394E-01  2.019910E+01
  4.938271E-05  2.019910E+01
 -2.019407E-01  2.019910E+01
 -4.039307E-01  2.019910E+01
 -6.059208E-01  2.019910E+01
 -8.079108E-01  2.019910E+01
 -1.009901E+00  2.019910E+01
 -1.211891E+00  2.019910E+01
 -1.413881E+00  2.019910E+01
 -1.615871E+00  2.019910E+01
 -1.817861E+00  2.019910E+01
 -2.019851E+00  2.019910E+01
 -2.221841E+00  2.019910E+01
 -2.423831E+00  2.019910E+01
 -2.625821E+00  2.019910E+01
 -2.827811E+00  2.019910E+01
 -3.029801E+00  2.019910E+01
 -3.231791E+00  2.019910E+01
 -3.433781E+00  2.019910E+01
 -3.635772E+00  2.019910E+01
 -3.837762E+00  2.019910E+01
 -4.039752E+00  2.019910E+01
 -4.241742E+00  2.019910E+01
 -4.443732E+00  2.019910E+01
 -4.645722E+00  2.019910E+01
 -4.847712E+00  2.019910E+01
 -5.049702E+00  2.019910E+01
 -5.251692E+00  2.019910E+01
 -5.453682E+00  2.019910E+01
 -5.655672E+00  2.019910E+01
 -5.857662E+00  2.019910E+01
 -6.059652E+00  2.019910E+01
 -6.261642E+00  2.019910E+01
 -6.463632E+00  2.019910E+01
 -6.665622E+00  2.019910E+01
 -6.867612E+00  2.019910E+01
 -7.069602E+00  2.019910E+01
 -7.271592E+00  2.019910E+01
 -7.473582E+00  2.019910E+01
 -7.675573E+00  2.019910E+01
 -7.877563E+00  2.019910E+01
 -8.079553E+00  2.019910E+01
 -8.281543E+00  2.019910E+01
 -8.483533E+00  2.019910E+01
 -8.685523E+00  2.019910E+01
 -8.887513E+00  2.019910E+01
 -9.089503E+00  2.019910E+01
 -9.291493E+00  2.019910E+01
 -9.493483E+00  2.019910E+01
 -9.695473E+00  2.019910E+01
 -9.897463E+00  2.019910E+01
 -1.009945E+01  2.019910E+01
 -1.030144E+01  2.019910E+01
 -1.050343E+01  2.019910E+01
 -1.070542E+01  2.019910E+01
 -1.090741E+01  2.019910E+01
 -1.110940E+01  2.019910E+01
 -1.131139E+01  2.019910E+01
 -1.151338E+01  2.019910E+01
 -1.171537E+01  2.019910E+01
 -1.191736E+01  2.019910E+01
 -1.211935E+01  2.019910E+01
 -1.232134E+01  2.019910E+01
 -1.252333E+01  2.019910E+01
 -1.272532E+01  2.019910E+01
 -1.292731E+01  2.019910E+01
 -1.312930E+01  2.019910E+01
 -1.333129E+01  2.019910E+01
 -1.353328E+01  2.019910E+01
 -1.373527E+01  2.019910E+01
 -1.393726E+01  2.019910E+01
 -1.413925E+01  2.019910E+01
 -1.434124E+01  2.019910E+01
 -1.454323E+01  2.019910E+01
 -1.474522E+01  2.019910E+01
 -1.494721E+01  2.019910E+01
 -1.514920E+01  2.019910E+01
 -1.535119E+01  2.019910E+01
 -1.555318E+01  2.019910E+01
 -1.575517E+01  2.019910E+01
 -1.595716E+01  2.019910E+01
 -1.615915E+01  2.019910E+01
 -1.636114E+01  2.019910E+01
 -1.656313E+01  2.019910E+01
 -1.676512E+01  2.019910E+01
 -1.696711E+01  2.019910E+01
 -1.716910E+01  2.019910E+01
 -1.737109E+01  2.019910E+01
 -1.757308E+01  2.019910E+01
 -1.777507E+01  2.019910E+01
 -1.797707E+01  2.019910E+01
 -1.817906E+01  2.019910E+01
 -1.838105E+01  2.019910E+01
 -1.858304E+01  2.019910E+01
 -1.878503E+01  2.019910E+01
 -1.898702E+01  2.019910E+01
 -1.918901E+01  2.019910E+01
 -1.939100E+01  2.019910E+01
 -1.959299E+01  2.019910E+01
 -1.979498E+01  2.019910E+01
 -1.999697E+01  2.019910E+01
 -2.019896E+01  2.019910E+01
 -2.019896E+01  1.999711E+01
 -2.019896E+01  1.979512E+01
 -2.019896E+01  1.959313E+01
 -2.019896E+01  1.939114E+01
 -2.019896E+01  1.918915E+01
 -2.019896E+01  1.898716E+01
 -2.019896E+01  1.878517E+01
 -2.019896E+01  1.858318E+01
 -2.019896E+01  1.838119E+01
 -2.019896E+01  1.817920E+01
 -2.019896E+01  1.797721E+01
 -2.019896E+01  1.777522E+01
 -2.019896E+01  1.757323E+01
 -2.019896E+01  1.737124E+01
 -2.019896E+01  1.716925E+01
 -2.019896E+01  1.696726E+01
 -2.019896E+01  1.676527E+01
 -2.019896E+01  1.656328E+01
 -2.019896E+01  1.636129E+01
 -2.019896E+01  1.615930E+01
 -2.019896E+01  1.595731E+01
 -2.019896E+01  1.575532E+01
 -2.019896E+01  1.555333E+01
 -2.019896E+01  1.535134E+01
 -2.019896E+01  1.514935E+01
 -2.019896E+01  1.494736E+01
 -2.019896E+01  1.474537E+01
 -2.019896E+01  1.454338E+01
 -2.019896E+01  1.434139E+01
 -2.019896E+01  1.413940E+01
 -2.019896E+01  1.393741E+01
 -2.019896E+01  1.373542E+01
 -2.019896E+01  1.353343E+01
 -2.019896E+01  1.333144E+01
 -2.019896E+01  1.312945E+01
 -2.019896E+01  1.292746E+01
 -2.019896E+01  1.272547E+01
 -2.019896E+01  1.252348E+01
 -2.019896E+01  1.232149E+01
 -2.019896E+01  1.211950E+01
 -2.019896E+01  1.191751E+01
 -2.019896E+01  1.171552E+01
 -2.019896E+01  1.151353E+01
 -2.019896E+01  1.131154E+01
 -2.019896E+01  1.110955E+01
 -2.019896E+01  1.090756E+01
 -2.019896E+01  1.070557E+01
 -2.019896E+01  1.050358E+01
 -2.019896E+01  1.030159E+01
 -2.019896E+01  1.009960E+01
 -2.019896E+01  9.897606E+00
 -2.019896E+01  9.695616E+00
 -2.019896E+01  9.493626E+00
 -2.019896E+01  9.291636E+00
 -2.019896E+01  9.089646E+00
 -2.019896E+01  8.887656E+00
 -2.019896E+01  8.685666E+00
 -2.019896E+01  8.483676E+00
 -2.019896E+01  8.281686E+00
 -2.019896E+01  8.079696E+00
 -2.019896E+01  7.877706E+00
 -2.019896E+01  7.675716E+00
 -2.019896E+01  7.473726E+00
 -2.019896E+01  7.271736E+00
 -2.019896E+01  7.069746E+00
 -2.019896E+01  6.867756E+00
 -2.019896E+01  6.665765E+00
 -2.019896E+01  6.463775E+00
 -2.019896E+01  6.261785E+00
 -2.019896E+01  6.059795E+00
 -2.019896E+01  5.857805E+00
 -2.019896E+01  5.655815E+00
 -2.019896E+01  5.453825E+00
 -2.019896E+01  5.251835E+00
 -2.019896E+01  5.049845E+00
 -2.019896E+01  4.847855E+00
 -2.019896E+01  4.645865E+00
 -2.019896E+01  4.443875E+00
 -2.019896E+01  4.241885E+00
 -2.019896E+01  4.039895E+00
 -2.019896E+01  3.837905E+00
 -2.019896E+01  3.635915E+00
 -2.019896E+01  3.433925E+00
 -2.019896E+01  3.231935E+00
 -2.019896E+01  3.029945E+00
 -2.019896E+01  2.827955E+00
 -2.019896E+01  2.625964E+00
 -2.019896E+01  2.423974E+00
 -2.019896E+01  2.221984E+00
 -2.019896E+01  2.019994E+00
 -2.019896E+01  1.818004E+00
 -2.019896E+01  1.616014E+00
 -2.019896E+01  1.414024E+00
 -2.019896E+01  1.212034E+00
 -2.019896E+01  1.010044E+00
 -2.019896E+01  8.080540E-01
 -2.019896E+01  6.060640E-01
 -2.019896E+01  4.040739E-01
 -2.019896E+01  2.020839E-01
 -2.019896E+01  9.382716E-05
 -2.019896E+01 -2.018962E-01
 -2.019896E+01 -4.038863E-01
 -2.019896E+01 -6.058763E-01
 -2.019896E+01 -8.078664E-01
 -2.019896E+01 -1.009856E+00
 -2.019896E+01 -1.211846E+00
 -2.019896E+01 -1.413837E+00
 -2.019896E+01 -1.615827E+00
 -2.019896E+01 -1.817817E+00
 -2.019896E+01 -2.019807E+00
 -2.019896E+01 -2.221797E+00
 -2.019896E+01 -2.423787E+00
 -2.019896E+01 -2.625777E+00
 -2.019896E+01 -2.827767E+00
 -2.019896E+01 -3.029757E+00
 -2.019896E+01 -3.231747E+00
 -2.019896E+01 -3.433737E+00
 -2.019896E+01 -3.635727E+00
 -2.019896E+01 -3.837717E+00
 -2.019896E+01 -4.039707E+00
 -2.019896E+01 -4.241697E+00
 -2.019896E+01 -4.443687E+00
 -2.019896E+01 -4.645677E+00
 -2.019896E+01 -4.847667E+00
 -2.019896E+01 -5.049657E+00
 -2.019896E+01 -5.251647E+00
 -2.019896E+01 -5.453638E+00
 -2.019896E+01 -5.655628E+00
 -2.019896E+01 -5.857618E+00
 -2.019896E+01 -6.059608E+00
 -2.019896E+01 -6.261598E+00
 -2.019896E+01 -6.463588E+00
 -2.019896E+01 -6.665578E+00
 -2.019896E+01 -6.867568E+00
 -2.019896E+01 -7.069558E+00
 -2.019896E+01 -7.271548E+00
 -2.019896E+01 -7.473538E+00
 -2.019896E+01 -7.675528E+00
 -2.019896E+01 -7.877518E+00
 -2.019896E+01 -8.079508E+00
 -2.019896E+01 -8.281498E+00
 -2.019896E+01 -8.483488E+00
 -2.019896E+01 -8.685478E+00
 -2.019896E+01 -8.887468E+00
 -2.019896E+01 -9.089458E+00
 -2.019896E+01 -9.291448E+00
 -2.019896E+01 -9.493439E+00
 -2.019896E+01 -9.695429E+00
 -2.019896E+01 -9.897419E+00
 -2.019896E+01 -1.009941E+01
 -2.019896E+01 -1.030140E+01
 -2.019896E+01 -1.050339E+01
 -2.019896E+01 -1.070538E+01
 -2.019896E+01 -1.090737E+01
 -2.019896E+01 -1.110936E+01
 -2.019896E+01 -1.131135E+01
 -2.019896E+01 -1.151334E+01
 -2.019896E+01 -1.171533E+01
 -2.019896E+01 -1.191732E+01
 -2.019896E+01 -1.211931E+01
 -2.019896E+01 -1.232130E+01
 -2.019896E+01 -1.252329E+01
 -2.019896E+01 -1.272528E+01
 -2.019896E+01 -1.292727E+01
 -2.019896E+01 -1.312926E+01
 -2.019896E+01 -1.333125E+01
 -2.019896E+01 -1.353324E+01
 -2.019896E+01 -1.373523E+01
 -2.019896E+01 -1.393722E+01
 -2.019896E+01 -1.413921E+01
 -2.019896E+01 -1.434120E+01
 -2.019896E+01 -1.454319E+01
 -2.019896E+01 -1.474518E+01
 -2.019896E+01 -1.494717E+01
 -2.019896E+01 -1.514916E+01
 -2.019896E+01 -1.535115E+01
 -2.019896E+01 -1.555314E+01
 -2.019896E+01 -1.575513E+01
 -2.019896E+01 -1.595712E+01
 -2.019896E+01 -1.615911E+01
 -2.019896E+01 -1.636110E+01
 -2.019896E+01 -1.656309E+01
 -2.019896E+01 -1.676508E+01
 -2.019896E+01 -1.696707E+01
 -2.019896E+01 -1.716906E+01
 -2.019896E+01 -1.737105E+01
 -2.019896E+01 -1.757304E+01
 -2.019896E+01 -1.777503E+01
 -2.019896E+01 -1.797702E+01
 -2.019896E+01 -1.817901E+01
 -2.019896E+01 -1.838100E+01
 -2.019896E+01 -1.858299E+01
 -2.019896E+01 -1.878498E+01
 -2.019896E+01 -1.898697E+01
 -2.019896E+01 -1.918896E+01
 -2.019896E+01 -1.939095E+01
 -2.019896E+01 -1.959294E+01
 -2.019896E+01 -1.979493E+01
 -2.019896E+01 -1.999692E+01
 -2.019896E+01 -2.019891E+01

w:108/ x(  -0.2019407E+00) y(  -0.3029757E+01) ix(2) iy(2) s(   0.7000E+00)

h: x ny1,0  y2=[y1](Aluminium),ic[orange]
 -1.000000E+00 -1.000000E+00

hb:   line clip z   cb(orange)
clip:
 -2.021837E-01 -3.030000E+00
  9.400000E+00 -3.029757E+00
  9.400000E+00 -2.921349E+00
  9.291592E+00 -2.900000E+00
  9.161835E+00 -2.900000E+00
  9.089602E+00 -2.900000E+00
  8.959845E+00 -2.900000E+00
  8.887612E+00 -2.900000E+00
  8.757855E+00 -2.900000E+00
  8.685622E+00 -2.900000E+00
  8.555865E+00 -2.900000E+00
  8.483631E+00 -2.900000E+00
  8.353875E+00 -2.900000E+00
  8.281641E+00 -2.900000E+00
  8.151885E+00 -2.900000E+00
  8.079651E+00 -2.900000E+00
  7.949894E+00 -2.900000E+00
  7.877661E+00 -2.900000E+00
  7.747904E+00 -2.900000E+00
  7.675671E+00 -2.900000E+00
  7.545914E+00 -2.900000E+00
  7.473681E+00 -2.900000E+00
  7.343924E+00 -2.900000E+00
  7.271691E+00 -2.900000E+00
  7.141934E+00 -2.900000E+00
  7.069701E+00 -2.900000E+00
  6.939944E+00 -2.900000E+00
  6.867711E+00 -2.900000E+00
  6.737954E+00 -2.900000E+00
  6.665721E+00 -2.900000E+00
  6.535964E+00 -2.900000E+00
  6.463731E+00 -2.900000E+00
  6.333974E+00 -2.900000E+00
  6.261741E+00 -2.900000E+00
  6.131984E+00 -2.900000E+00
  6.059751E+00 -2.900000E+00
  5.929994E+00 -2.900000E+00
  5.857761E+00 -2.900000E+00
  5.728004E+00 -2.900000E+00
  5.655771E+00 -2.900000E+00
  5.526014E+00 -2.900000E+00
  5.453781E+00 -2.900000E+00
  5.324024E+00 -2.900000E+00
  5.251791E+00 -2.900000E+00
  5.122034E+00 -2.900000E+00
  5.049801E+00 -2.900000E+00
  4.920044E+00 -2.900000E+00
  4.847811E+00 -2.900000E+00
  4.718054E+00 -2.900000E+00
  4.645821E+00 -2.900000E+00
  4.516064E+00 -2.900000E+00
  4.443830E+00 -2.900000E+00
  4.314074E+00 -2.900000E+00
  4.241840E+00 -2.900000E+00
  4.112084E+00 -2.900000E+00
  4.039850E+00 -2.900000E+00
  3.910093E+00 -2.900000E+00
  3.837860E+00 -2.900000E+00
  3.708103E+00 -2.900000E+00
  3.635870E+00 -2.900000E+00
  3.506113E+00 -2.900000E+00
  3.433880E+00 -2.900000E+00
  3.304123E+00 -2.900000E+00
  3.231890E+00 -2.900000E+00
  3.102133E+00 -2.900000E+00
  3.029900E+00 -2.900000E+00
  2.900143E+00 -2.900000E+00
  2.827910E+00 -2.900000E+00
  2.698153E+00 -2.900000E+00
  2.625920E+00 -2.900000E+00
  2.496163E+00 -2.900000E+00
  2.423930E+00 -2.900000E+00
  2.294173E+00 -2.900000E+00
  2.221940E+00 -2.900000E+00
  2.092183E+00 -2.900000E+00
  2.019950E+00 -2.900000E+00
  1.890193E+00 -2.900000E+00
  1.817960E+00 -2.900000E+00
  1.688203E+00 -2.900000E+00
  1.615970E+00 -2.900000E+00
  1.486213E+00 -2.900000E+00
  1.413980E+00 -2.900000E+00
  1.284223E+00 -2.900000E+00
  1.211990E+00 -2.900000E+00
  1.082233E+00 -2.900000E+00
  1.010000E+00 -2.900000E+00
  8.802427E-01 -2.900000E+00
  8.080096E-01 -2.900000E+00
  6.782527E-01 -2.900000E+00
  6.060195E-01 -2.900000E+00
  4.762626E-01 -2.900000E+00
  4.040295E-01 -2.900000E+00
  2.742726E-01 -2.900000E+00
  2.020394E-01 -2.900000E+00
  7.228251E-02 -2.900000E+00
  4.938271E-05 -2.900000E+00
 -1.297075E-01 -2.900000E+00
 -2.000000E-01 -2.827767E+00
 -2.000000E-01 -2.825826E+00
 -2.000000E-01 -2.625777E+00
 -2.000000E-01 -2.623836E+00
 -2.000000E-01 -2.423787E+00
 -2.000000E-01 -2.421846E+00
 -2.000000E-01 -2.221797E+00
 -2.000000E-01 -2.219856E+00
 -2.000000E-01 -2.019807E+00
 -2.000000E-01 -2.017866E+00
 -2.000000E-01 -1.817817E+00
 -2.000000E-01 -1.815876E+00
 -2.000000E-01 -1.615827E+00
 -2.000000E-01 -1.613886E+00
 -2.000000E-01 -1.413837E+00
 -2.000000E-01 -1.411896E+00
 -2.000000E-01 -1.211846E+00
 -2.000000E-01 -1.209906E+00
 -2.000000E-01 -1.009856E+00
 -2.000000E-01 -1.007916E+00
 -2.000000E-01 -8.078664E-01
 -2.000000E-01 -8.059257E-01
 -2.000000E-01 -6.058763E-01
 -2.000000E-01 -6.039357E-01
 -2.000000E-01 -4.038863E-01
 -2.000000E-01 -4.019456E-01
 -2.000000E-01 -2.018962E-01
 -2.000000E-01 -1.999556E-01
 -2.000000E-01  9.382716E-05
 -2.000000E-01  2.034494E-03
 -2.000000E-01  2.020839E-01
 -2.000000E-01  2.040245E-01
 -2.000000E-01  4.040739E-01
 -2.000000E-01  4.060146E-01
 -2.000000E-01  6.060640E-01
 -2.000000E-01  6.080046E-01
 -2.000000E-01  8.080540E-01
 -2.000000E-01  8.099947E-01
 -2.000000E-01  1.010044E+00
 -2.000000E-01  1.011985E+00
 -2.000000E-01  1.212034E+00
 -2.000000E-01  1.213975E+00
 -2.000000E-01  1.414024E+00
 -2.000000E-01  1.415965E+00
 -2.000000E-01  1.616014E+00
 -2.000000E-01  1.617955E+00
 -2.000000E-01  1.818004E+00
 -2.000000E-01  1.819945E+00
 -2.000000E-01  2.019994E+00
 -2.000000E-01  2.021935E+00
 -2.000000E-01  2.221984E+00
 -2.000000E-01  2.223925E+00
 -2.000000E-01  2.423974E+00
 -2.000000E-01  2.425915E+00
 -2.000000E-01  2.625964E+00
 -2.000000E-01  2.627905E+00
 -2.000000E-01  2.827955E+00
  4.938271E-05  2.900000E+00
  9.291592E+00  2.900000E+00
  9.400000E+00  2.921536E+00
  9.400000E+00  3.029945E+00
  9.291647E+00  3.030000E+00
  9.089602E+00  3.030000E+00
  8.887612E+00  3.030000E+00
  8.685622E+00  3.030000E+00
  8.483631E+00  3.030000E+00
  8.281641E+00  3.030000E+00
  8.079651E+00  3.030000E+00
  7.877661E+00  3.030000E+00
  7.675671E+00  3.030000E+00
  7.473681E+00  3.030000E+00
  7.271691E+00  3.030000E+00
  7.069701E+00  3.030000E+00
  6.867711E+00  3.030000E+00
  6.665721E+00  3.030000E+00
  6.463731E+00  3.030000E+00
  6.261741E+00  3.030000E+00
  6.059751E+00  3.030000E+00
  5.857761E+00  3.030000E+00
  5.655771E+00  3.030000E+00
  5.453781E+00  3.030000E+00
  5.251791E+00  3.030000E+00
  5.049801E+00  3.030000E+00
  4.847811E+00  3.030000E+00
  4.645821E+00  3.030000E+00
  4.443830E+00  3.030000E+00
  4.241840E+00  3.030000E+00
  4.039850E+00  3.030000E+00
  3.837860E+00  3.030000E+00
  3.635870E+00  3.030000E+00
  3.433880E+00  3.030000E+00
  3.231890E+00  3.030000E+00
  3.029900E+00  3.030000E+00
  2.827910E+00  3.030000E+00
  2.625920E+00  3.030000E+00
  2.423930E+00  3.030000E+00
  2.221940E+00  3.030000E+00
  2.019950E+00  3.030000E+00
  1.817960E+00  3.030000E+00
  1.615970E+00  3.030000E+00
  1.413980E+00  3.030000E+00
  1.211990E+00  3.030000E+00
  1.010000E+00  3.030000E+00
  8.080096E-01  3.030000E+00
  6.060195E-01  3.030000E+00
  4.040295E-01  3.030000E+00
  2.020394E-01  3.030000E+00
  4.938271E-05  3.030000E+00
 -2.019407E-01  3.030000E+00
 -3.000000E-01  3.029945E+00
 -3.000000E-01  2.931885E+00
 -3.000000E-01  2.827955E+00
 -3.000000E-01  2.729895E+00
 -3.000000E-01  2.625964E+00
 -3.000000E-01  2.527905E+00
 -3.000000E-01  2.423974E+00
 -3.000000E-01  2.325915E+00
 -3.000000E-01  2.221984E+00
 -3.000000E-01  2.123925E+00
 -3.000000E-01  2.019994E+00
 -3.000000E-01  1.921935E+00
 -3.000000E-01  1.818004E+00
 -3.000000E-01  1.719945E+00
 -3.000000E-01  1.616014E+00
 -3.000000E-01  1.517955E+00
 -3.000000E-01  1.414024E+00
 -3.000000E-01  1.315965E+00
 -3.000000E-01  1.212034E+00
 -3.000000E-01  1.113975E+00
 -3.000000E-01  1.010044E+00
 -3.000000E-01  9.119847E-01
 -3.000000E-01  8.080540E-01
 -3.000000E-01  7.099947E-01
 -3.000000E-01  6.060640E-01
 -3.000000E-01  5.080046E-01
 -3.000000E-01  4.040739E-01
 -3.000000E-01  3.060146E-01
 -3.000000E-01  2.020839E-01
 -3.000000E-01  1.040245E-01
 -3.000000E-01  9.382716E-05
 -3.000000E-01 -9.796551E-02
 -3.000000E-01 -2.018962E-01
 -3.000000E-01 -2.999556E-01
 -3.000000E-01 -4.038863E-01
 -3.000000E-01 -5.019456E-01
 -3.000000E-01 -6.058763E-01
 -3.000000E-01 -7.039357E-01
 -3.000000E-01 -8.078664E-01
 -3.000000E-01 -9.059257E-01
 -3.000000E-01 -1.009856E+00
 -3.000000E-01 -1.107916E+00
 -3.000000E-01 -1.211846E+00
 -3.000000E-01 -1.309906E+00
 -3.000000E-01 -1.413837E+00
 -3.000000E-01 -1.511896E+00
 -3.000000E-01 -1.615827E+00
 -3.000000E-01 -1.713886E+00
 -3.000000E-01 -1.817817E+00
 -3.000000E-01 -1.915876E+00
 -3.000000E-01 -2.019807E+00
 -3.000000E-01 -2.117866E+00
 -3.000000E-01 -2.221797E+00
 -3.000000E-01 -2.319856E+00
 -3.000000E-01 -2.423787E+00
 -3.000000E-01 -2.521846E+00
 -3.000000E-01 -2.625777E+00
 -3.000000E-01 -2.723836E+00
 -3.000000E-01 -2.827767E+00
 -3.000000E-01 -2.925826E+00
 -3.000000E-01 -3.029757E+00

w:106/ x(   0.4600000E+01) y(  -0.2763859E+01) ix(2) iy(2) s(   0.7000E+00)

hb:   line clip z   cb(lightgray)
clip:
 -7.218375E-02 -2.900000E+00
  9.363825E+00 -2.900000E+00
  9.400000E+00 -2.827767E+00
  9.400000E+00 -2.719359E+00
  9.291592E+00 -2.700000E+00
  9.163825E+00 -2.700000E+00
  9.089602E+00 -2.700000E+00
  8.961835E+00 -2.700000E+00
  8.887612E+00 -2.700000E+00
  8.759845E+00 -2.700000E+00
  8.685622E+00 -2.700000E+00
  8.557855E+00 -2.700000E+00
  8.483631E+00 -2.700000E+00
  8.355865E+00 -2.700000E+00
  8.281641E+00 -2.700000E+00
  8.153875E+00 -2.700000E+00
  8.079651E+00 -2.700000E+00
  7.951885E+00 -2.700000E+00
  7.877661E+00 -2.700000E+00
  7.749894E+00 -2.700000E+00
  7.675671E+00 -2.700000E+00
  7.547904E+00 -2.700000E+00
  7.473681E+00 -2.700000E+00
  7.345914E+00 -2.700000E+00
  7.271691E+00 -2.700000E+00
  7.143924E+00 -2.700000E+00
  7.069701E+00 -2.700000E+00
  6.941934E+00 -2.700000E+00
  6.867711E+00 -2.700000E+00
  6.739944E+00 -2.700000E+00
  6.665721E+00 -2.700000E+00
  6.537954E+00 -2.700000E+00
  6.463731E+00 -2.700000E+00
  6.335964E+00 -2.700000E+00
  6.261741E+00 -2.700000E+00
  6.133974E+00 -2.700000E+00
  6.059751E+00 -2.700000E+00
  5.931984E+00 -2.700000E+00
  5.857761E+00 -2.700000E+00
  5.729994E+00 -2.700000E+00
  5.655771E+00 -2.700000E+00
  5.528004E+00 -2.700000E+00
  5.453781E+00 -2.700000E+00
  5.326014E+00 -2.700000E+00
  5.251791E+00 -2.700000E+00
  5.124024E+00 -2.700000E+00
  5.049801E+00 -2.700000E+00
  4.922034E+00 -2.700000E+00
  4.847811E+00 -2.700000E+00
  4.720044E+00 -2.700000E+00
  4.645821E+00 -2.700000E+00
  4.518054E+00 -2.700000E+00
  4.443830E+00 -2.700000E+00
  4.316064E+00 -2.700000E+00
  4.241840E+00 -2.700000E+00
  4.114074E+00 -2.700000E+00
  4.039850E+00 -2.700000E+00
  3.912084E+00 -2.700000E+00
  3.837860E+00 -2.700000E+00
  3.710093E+00 -2.700000E+00
  3.635870E+00 -2.700000E+00
  3.508103E+00 -2.700000E+00
  3.433880E+00 -2.700000E+00
  3.306113E+00 -2.700000E+00
  3.231890E+00 -2.700000E+00
  3.104123E+00 -2.700000E+00
  3.029900E+00 -2.700000E+00
  2.902133E+00 -2.700000E+00
  2.827910E+00 -2.700000E+00
  2.700143E+00 -2.700000E+00
  2.625920E+00 -2.700000E+00
  2.498153E+00 -2.700000E+00
  2.423930E+00 -2.700000E+00
  2.296163E+00 -2.700000E+00
  2.221940E+00 -2.700000E+00
  2.094173E+00 -2.700000E+00
  2.019950E+00 -2.700000E+00
  1.892183E+00 -2.700000E+00
  1.817960E+00 -2.700000E+00
  1.690193E+00 -2.700000E+00
  1.615970E+00 -2.700000E+00
  1.488203E+00 -2.700000E+00
  1.413980E+00 -2.700000E+00
  1.286213E+00 -2.700000E+00
  1.211990E+00 -2.700000E+00
  1.084223E+00 -2.700000E+00
  1.010000E+00 -2.700000E+00
  8.822328E-01 -2.700000E+00
  8.080096E-01 -2.700000E+00
  6.802427E-01 -2.700000E+00
  6.060195E-01 -2.700000E+00
  4.782527E-01 -2.700000E+00
  4.040295E-01 -2.700000E+00
  2.762626E-01 -2.700000E+00
  2.020394E-01 -2.700000E+00
  7.427256E-02 -2.700000E+00
  4.938271E-05 -2.700000E+00
 -2.000000E-01 -2.627717E+00
 -2.000000E-01 -2.827767E+00

w:105/ x(   0.4700000E+01) y(  -0.1575000E+01) ix(2) iy(2) s(   0.7000E+00)

hb:   line clip z   cb(orange)
clip:
  6.776264E-21 -2.625826E+00
  4.938271E-05 -2.700000E+00
  7.427256E-02 -2.700000E+00
  2.020394E-01 -2.700000E+00
  2.762626E-01 -2.700000E+00
  4.040295E-01 -2.700000E+00
  4.782527E-01 -2.700000E+00
  6.060195E-01 -2.700000E+00
  6.802427E-01 -2.700000E+00
  8.080096E-01 -2.700000E+00
  8.822328E-01 -2.700000E+00
  1.010000E+00 -2.700000E+00
  1.084223E+00 -2.700000E+00
  1.211990E+00 -2.700000E+00
  1.286213E+00 -2.700000E+00
  1.413980E+00 -2.700000E+00
  1.488203E+00 -2.700000E+00
  1.615970E+00 -2.700000E+00
  1.690193E+00 -2.700000E+00
  1.817960E+00 -2.700000E+00
  1.892183E+00 -2.700000E+00
  2.019950E+00 -2.700000E+00
  2.094173E+00 -2.700000E+00
  2.221940E+00 -2.700000E+00
  2.296163E+00 -2.700000E+00
  2.423930E+00 -2.700000E+00
  2.498153E+00 -2.700000E+00
  2.625920E+00 -2.700000E+00
  2.700143E+00 -2.700000E+00
  2.827910E+00 -2.700000E+00
  2.902133E+00 -2.700000E+00
  3.029900E+00 -2.700000E+00
  3.104123E+00 -2.700000E+00
  3.231890E+00 -2.700000E+00
  3.306113E+00 -2.700000E+00
  3.433880E+00 -2.700000E+00
  3.508103E+00 -2.700000E+00
  3.635870E+00 -2.700000E+00
  3.710093E+00 -2.700000E+00
  3.837860E+00 -2.700000E+00
  3.912084E+00 -2.700000E+00
  4.039850E+00 -2.700000E+00
  4.114074E+00 -2.700000E+00
  4.241840E+00 -2.700000E+00
  4.316064E+00 -2.700000E+00
  4.443830E+00 -2.700000E+00
  4.518054E+00 -2.700000E+00
  4.645821E+00 -2.700000E+00
  4.720044E+00 -2.700000E+00
  4.847811E+00 -2.700000E+00
  4.922034E+00 -2.700000E+00
  5.049801E+00 -2.700000E+00
  5.124024E+00 -2.700000E+00
  5.251791E+00 -2.700000E+00
  5.326014E+00 -2.700000E+00
  5.453781E+00 -2.700000E+00
  5.528004E+00 -2.700000E+00
  5.655771E+00 -2.700000E+00
  5.729994E+00 -2.700000E+00
  5.857761E+00 -2.700000E+00
  5.931984E+00 -2.700000E+00
  6.059751E+00 -2.700000E+00
  6.133974E+00 -2.700000E+00
  6.261741E+00 -2.700000E+00
  6.335964E+00 -2.700000E+00
  6.463731E+00 -2.700000E+00
  6.537954E+00 -2.700000E+00
  6.665721E+00 -2.700000E+00
  6.739944E+00 -2.700000E+00
  6.867711E+00 -2.700000E+00
  6.941934E+00 -2.700000E+00
  7.069701E+00 -2.700000E+00
  7.143924E+00 -2.700000E+00
  7.271691E+00 -2.700000E+00
  7.345914E+00 -2.700000E+00
  7.473681E+00 -2.700000E+00
  7.547904E+00 -2.700000E+00
  7.675671E+00 -2.700000E+00
  7.749894E+00 -2.700000E+00
  7.877661E+00 -2.700000E+00
  7.951885E+00 -2.700000E+00
  8.079651E+00 -2.700000E+00
  8.153875E+00 -2.700000E+00
  8.281641E+00 -2.700000E+00
  8.355865E+00 -2.700000E+00
  8.483631E+00 -2.700000E+00
  8.557855E+00 -2.700000E+00
  8.685622E+00 -2.700000E+00
  8.759845E+00 -2.700000E+00
  8.887612E+00 -2.700000E+00
  8.961835E+00 -2.700000E+00
  9.089602E+00 -2.700000E+00
  9.163825E+00 -2.700000E+00
  9.291592E+00 -2.700000E+00
  9.365815E+00 -2.700000E+00
  9.400000E+00 -2.625777E+00
  9.317368E+00 -2.600000E+00
  9.291592E+00 -2.600000E+00
  9.265815E+00 -2.600000E+00
  9.089602E+00 -2.600000E+00
  9.080000E+00 -2.423787E+00
  9.080000E+00 -2.231398E+00
  9.080000E+00 -2.221797E+00
  9.080000E+00 -2.029408E+00
  9.080000E+00 -2.019807E+00
  9.080000E+00 -1.827418E+00
  9.080000E+00 -1.817817E+00
  9.080000E+00 -1.625428E+00
  9.080000E+00 -1.615827E+00
  9.080000E+00 -1.423438E+00
  9.080000E+00 -1.413837E+00
  9.080000E+00 -1.221448E+00
  9.080000E+00 -1.211846E+00
  9.080000E+00 -1.019458E+00
  9.080000E+00 -1.009856E+00
  9.080000E+00 -8.174680E-01
  9.080000E+00 -8.078664E-01
  9.080000E+00 -6.154779E-01
  9.080000E+00 -6.058763E-01
  9.043488E+00 -4.500000E-01
  8.887612E+00 -4.500000E-01
  8.731735E+00 -4.500000E-01
  8.685622E+00 -4.500000E-01
  8.529745E+00 -4.500000E-01
  8.483631E+00 -4.500000E-01
  8.327755E+00 -4.500000E-01
  8.281641E+00 -4.500000E-01
  8.125765E+00 -4.500000E-01
  8.079651E+00 -4.500000E-01
  7.923775E+00 -4.500000E-01
  7.877661E+00 -4.500000E-01
  7.721785E+00 -4.500000E-01
  7.675671E+00 -4.500000E-01
  7.519795E+00 -4.500000E-01
  7.473681E+00 -4.500000E-01
  7.317805E+00 -4.500000E-01
  7.271691E+00 -4.500000E-01
  7.115815E+00 -4.500000E-01
  7.069701E+00 -4.500000E-01
  6.913825E+00 -4.500000E-01
  6.867711E+00 -4.500000E-01
  6.711835E+00 -4.500000E-01
  6.665721E+00 -4.500000E-01
  6.509845E+00 -4.500000E-01
  6.463731E+00 -4.500000E-01
  6.307855E+00 -4.500000E-01
  6.261741E+00 -4.500000E-01
  6.105865E+00 -4.500000E-01
  6.059751E+00 -4.500000E-01
  5.903875E+00 -4.500000E-01
  5.857761E+00 -4.500000E-01
  5.701885E+00 -4.500000E-01
  5.655771E+00 -4.500000E-01
  5.499894E+00 -4.500000E-01
  5.453781E+00 -4.500000E-01
  5.297904E+00 -4.500000E-01
  5.251791E+00 -4.500000E-01
  5.095914E+00 -4.500000E-01
  5.049801E+00 -4.500000E-01
  4.893924E+00 -4.500000E-01
  4.847811E+00 -4.500000E-01
  4.691934E+00 -4.500000E-01
  4.645821E+00 -4.500000E-01
  4.489944E+00 -4.500000E-01
  4.443830E+00 -4.500000E-01
  4.287954E+00 -4.500000E-01
  4.241840E+00 -4.500000E-01
  4.085964E+00 -4.500000E-01
  4.039850E+00 -4.500000E-01
  3.883974E+00 -4.500000E-01
  3.837860E+00 -4.500000E-01
  3.740000E+00 -5.080160E-01
  3.740000E+00 -6.058763E-01
  3.740000E+00 -7.037367E-01
  3.740000E+00 -8.078664E-01
  3.740000E+00 -9.057267E-01
  3.740000E+00 -1.009856E+00
  3.740000E+00 -1.107717E+00
  3.740000E+00 -1.211846E+00
  3.740000E+00 -1.309707E+00
  3.740000E+00 -1.413837E+00
  3.740000E+00 -1.511697E+00
  3.740000E+00 -1.615827E+00
  3.740000E+00 -1.713687E+00
  3.740000E+00 -1.817817E+00
  3.740000E+00 -1.915677E+00
  3.740000E+00 -2.019807E+00
  3.740000E+00 -2.117667E+00
  3.740000E+00 -2.221797E+00
  3.740000E+00 -2.319657E+00
  3.740000E+00 -2.423787E+00
  3.740000E+00 -2.521647E+00
  3.635870E+00 -2.600000E+00
  3.610093E+00 -2.600000E+00
  3.433880E+00 -2.600000E+00
  3.408103E+00 -2.600000E+00
  3.231890E+00 -2.600000E+00
  3.206113E+00 -2.600000E+00
  3.029900E+00 -2.600000E+00
  3.004123E+00 -2.600000E+00
  2.827910E+00 -2.600000E+00
  2.802133E+00 -2.600000E+00
  2.625920E+00 -2.600000E+00
  2.600143E+00 -2.600000E+00
  2.423930E+00 -2.600000E+00
  2.398153E+00 -2.600000E+00
  2.221940E+00 -2.600000E+00
  2.196163E+00 -2.600000E+00
  2.019950E+00 -2.600000E+00
  1.994173E+00 -2.600000E+00
  1.817960E+00 -2.600000E+00
  1.792183E+00 -2.600000E+00
  1.615970E+00 -2.600000E+00
  1.590193E+00 -2.600000E+00
  1.413980E+00 -2.600000E+00
  1.388203E+00 -2.600000E+00
  1.211990E+00 -2.600000E+00
  1.186213E+00 -2.600000E+00
  1.010000E+00 -2.600000E+00
  9.842228E-01 -2.600000E+00
  8.080096E-01 -2.600000E+00
  7.822328E-01 -2.600000E+00
  6.060195E-01 -2.600000E+00
  5.802427E-01 -2.600000E+00
  4.040295E-01 -2.600000E+00
  3.782527E-01 -2.600000E+00
  2.020394E-01 -2.600000E+00
  1.762626E-01 -2.600000E+00
  4.938271E-05 -2.600000E+00
  6.776264E-21 -2.625727E+00

w:107/ x(   0.3800000E-01) y(   0.0000000E+00) ix(2) iy(2) s(   0.7000E+00)

h: x ny1,0  y2=[y1](Mylar),ic[yellow]
 -1.000000E+00 -1.000000E+00

hb:   line clip z   cb(yellow)
clip:
  6.776264E-21 -2.423836E+00
  4.938271E-05 -2.600000E+00
  7.600000E-02 -2.499737E+00
  7.600000E-02 -2.423787E+00
  7.600000E-02 -2.347836E+00
  7.600000E-02 -2.221797E+00
  7.600000E-02 -2.145846E+00
  7.600000E-02 -2.019807E+00
  7.600000E-02 -1.943856E+00
  7.600000E-02 -1.817817E+00
  7.600000E-02 -1.741866E+00
  7.600000E-02 -1.615827E+00
  7.600000E-02 -1.539876E+00
  7.600000E-02 -1.413837E+00
  7.600000E-02 -1.337886E+00
  7.600000E-02 -1.211846E+00
  7.600000E-02 -1.135896E+00
  7.600000E-02 -1.009856E+00
  7.600000E-02 -9.339058E-01
  7.600000E-02 -8.078664E-01
  7.600000E-02 -7.319158E-01
  7.600000E-02 -6.058763E-01
  7.600000E-02 -5.299257E-01
  7.600000E-02 -4.038863E-01
  7.600000E-02 -3.279357E-01
  7.600000E-02 -2.018962E-01
  7.600000E-02 -1.259456E-01
  7.600000E-02  9.382716E-05
  7.600000E-02  7.604444E-02
  7.600000E-02  2.020839E-01
  7.600000E-02  2.780345E-01
  7.600000E-02  4.040739E-01
  7.600000E-02  4.800245E-01
  7.600000E-02  6.060640E-01
  7.600000E-02  6.820146E-01
  7.600000E-02  8.080540E-01
  7.600000E-02  8.840046E-01
  7.600000E-02  1.010044E+00
  7.600000E-02  1.085995E+00
  7.600000E-02  1.212034E+00
  7.600000E-02  1.287985E+00
  7.600000E-02  1.414024E+00
  7.600000E-02  1.489975E+00
  7.600000E-02  1.616014E+00
  7.600000E-02  1.691965E+00
  7.600000E-02  1.818004E+00
  7.600000E-02  1.893955E+00
  7.600000E-02  2.019994E+00
  7.600000E-02  2.095945E+00
  7.600000E-02  2.221984E+00
  7.600000E-02  2.297935E+00
  7.600000E-02  2.423974E+00
  7.600000E-02  2.499925E+00
  6.776264E-21  2.424024E+00
  0.000000E+00  2.221984E+00
  0.000000E+00  2.019994E+00
  0.000000E+00  1.818004E+00
  0.000000E+00  1.616014E+00
  0.000000E+00  1.414024E+00
  0.000000E+00  1.212034E+00
  0.000000E+00  1.010044E+00
  0.000000E+00  8.080540E-01
  0.000000E+00  6.060640E-01
  0.000000E+00  4.040739E-01
  0.000000E+00  2.020839E-01
  0.000000E+00  9.382716E-05
  0.000000E+00 -2.018962E-01
  0.000000E+00 -4.038863E-01
  0.000000E+00 -6.058763E-01
  0.000000E+00 -8.078664E-01
  0.000000E+00 -1.009856E+00
  0.000000E+00 -1.211846E+00
  0.000000E+00 -1.413837E+00
  0.000000E+00 -1.615827E+00
  0.000000E+00 -1.817817E+00
  0.000000E+00 -2.019807E+00
  0.000000E+00 -2.221797E+00
  0.000000E+00 -2.423787E+00

w:102/ x(   0.1211990E+01) y(  -0.1413837E+01) ix(2) iy(2) s(   0.7000E+00)

h: x ny1,0  y2=[y1](Germanium),ic[cyan]
 -1.000000E+00 -1.000000E+00

hb:   line clip z   cb(cyan)
clip:
  7.600000E-02 -2.549826E+00
  2.020394E-01 -2.600000E+00
  3.782527E-01 -2.600000E+00
  3.635870E+00 -2.600000E+00
  3.740000E+00 -2.527916E+00
  3.740000E+00 -2.423787E+00
  3.740000E+00 -2.319657E+00
  3.740000E+00 -2.221797E+00
  3.740000E+00 -2.117667E+00
  3.740000E+00 -2.019807E+00
  3.740000E+00 -1.915677E+00
  3.740000E+00 -1.817817E+00
  3.740000E+00 -1.713687E+00
  3.740000E+00 -1.615827E+00
  3.740000E+00 -1.511697E+00
  3.740000E+00 -1.413837E+00
  3.740000E+00 -1.309707E+00
  3.740000E+00 -1.211846E+00
  3.740000E+00 -1.107717E+00
  3.740000E+00 -1.009856E+00
  3.740000E+00 -9.057267E-01
  3.740000E+00 -8.078664E-01
  3.740000E+00 -7.037367E-01
  3.740000E+00 -6.058763E-01
  3.740000E+00 -5.017466E-01
  3.635870E+00 -4.500000E-01
  3.479994E+00 -4.500000E-01
  3.433880E+00 -4.500000E-01
  3.278004E+00 -4.500000E-01
  3.231890E+00 -4.500000E-01
  3.076014E+00 -4.500000E-01
  3.029900E+00 -4.500000E-01
  2.874024E+00 -4.500000E-01
  2.827910E+00 -4.500000E-01
  2.672034E+00 -4.500000E-01
  2.625920E+00 -4.500000E-01
  2.470044E+00 -4.500000E-01
  2.423930E+00 -4.500000E-01
  2.268054E+00 -4.500000E-01
  2.221940E+00 -4.500000E-01
  2.066064E+00 -4.500000E-01
  2.019950E+00 -4.500000E-01
  1.864074E+00 -4.500000E-01
  1.817960E+00 -4.500000E-01
  1.627855E+00 -4.157718E-01
  1.615970E+00 -4.106493E-01
  1.601566E+00 -4.038863E-01
  1.490860E+00 -3.270056E-01
  1.413980E+00 -2.312755E-01
  1.397833E+00 -2.018962E-01
  1.354002E+00 -5.988361E-02
  1.384361E+00  1.724652E-01
  1.413980E+00  2.312755E-01
  1.490957E+00  3.270968E-01
  1.601949E+00  4.040739E-01
  1.772853E+00  4.491804E-01
  3.635870E+00  4.500000E-01
  3.740000E+00  5.019343E-01
  3.740000E+00  6.060640E-01
  3.740000E+00  7.101937E-01
  3.740000E+00  8.080540E-01
  3.740000E+00  9.121837E-01
  3.740000E+00  1.010044E+00
  3.740000E+00  1.114174E+00
  3.740000E+00  1.212034E+00
  3.740000E+00  1.316164E+00
  3.740000E+00  1.414024E+00
  3.740000E+00  1.518154E+00
  3.740000E+00  1.616014E+00
  3.740000E+00  1.720144E+00
  3.740000E+00  1.818004E+00
  3.740000E+00  1.922134E+00
  3.740000E+00  2.019994E+00
  3.740000E+00  2.124124E+00
  3.740000E+00  2.221984E+00
  3.740000E+00  2.326114E+00
  3.740000E+00  2.423974E+00
  3.740000E+00  2.528104E+00
  3.635870E+00  2.600000E+00
  3.459845E+00  2.600000E+00
  3.433880E+00  2.600000E+00
  3.257855E+00  2.600000E+00
  3.231890E+00  2.600000E+00
  3.055865E+00  2.600000E+00
  3.029900E+00  2.600000E+00
  2.853875E+00  2.600000E+00
  2.827910E+00  2.600000E+00
  2.651885E+00  2.600000E+00
  2.625920E+00  2.600000E+00
  2.449894E+00  2.600000E+00
  2.423930E+00  2.600000E+00
  2.247904E+00  2.600000E+00
  2.221940E+00  2.600000E+00
  2.045914E+00  2.600000E+00
  2.019950E+00  2.600000E+00
  1.843924E+00  2.600000E+00
  1.817960E+00  2.600000E+00
  1.641934E+00  2.600000E+00
  1.615970E+00  2.600000E+00
  1.439944E+00  2.600000E+00
  1.413980E+00  2.600000E+00
  1.237954E+00  2.600000E+00
  1.211990E+00  2.600000E+00
  1.035964E+00  2.600000E+00
  1.010000E+00  2.600000E+00
  8.339741E-01  2.600000E+00
  8.080096E-01  2.600000E+00
  6.319840E-01  2.600000E+00
  6.060195E-01  2.600000E+00
  4.299940E-01  2.600000E+00
  4.040295E-01  2.600000E+00
  2.280039E-01  2.600000E+00
  2.020394E-01  2.600000E+00
  7.600000E-02  2.550014E+00
  7.600000E-02  2.423974E+00
  7.600000E-02  2.297935E+00
  7.600000E-02  2.221984E+00
  7.600000E-02  2.095945E+00
  7.600000E-02  2.019994E+00
  7.600000E-02  1.893955E+00
  7.600000E-02  1.818004E+00
  7.600000E-02  1.691965E+00
  7.600000E-02  1.616014E+00
  7.600000E-02  1.489975E+00
  7.600000E-02  1.414024E+00
  7.600000E-02  1.287985E+00
  7.600000E-02  1.212034E+00
  7.600000E-02  1.085995E+00
  7.600000E-02  1.010044E+00
  7.600000E-02  8.840046E-01
  7.600000E-02  8.080540E-01
  7.600000E-02  6.820146E-01
  7.600000E-02  6.060640E-01
  7.600000E-02  4.800245E-01
  7.600000E-02  4.040739E-01
  7.600000E-02  2.780345E-01
  7.600000E-02  2.020839E-01
  7.600000E-02  7.604444E-02
  7.600000E-02  9.382716E-05
  7.600000E-02 -1.259456E-01
  7.600000E-02 -2.018962E-01
  7.600000E-02 -3.279357E-01
  7.600000E-02 -4.038863E-01
  7.600000E-02 -5.299257E-01
  7.600000E-02 -6.058763E-01
  7.600000E-02 -7.319158E-01
  7.600000E-02 -8.078664E-01
  7.600000E-02 -9.339058E-01
  7.600000E-02 -1.009856E+00
  7.600000E-02 -1.135896E+00
  7.600000E-02 -1.211846E+00
  7.600000E-02 -1.337886E+00
  7.600000E-02 -1.413837E+00
  7.600000E-02 -1.539876E+00
  7.600000E-02 -1.615827E+00
  7.600000E-02 -1.741866E+00
  7.600000E-02 -1.817817E+00
  7.600000E-02 -1.943856E+00
  7.600000E-02 -2.019807E+00
  7.600000E-02 -2.145846E+00
  7.600000E-02 -2.221797E+00
  7.600000E-02 -2.347836E+00
  7.600000E-02 -2.423787E+00

w:104/ x(   0.9240000E+01) y(   0.0000000E+00) ix(2) iy(2) s(   0.7000E+00)

hb:   line clip z   cb(orange)
clip:
  9.080000E+00 -2.433388E+00
  9.089602E+00 -2.600000E+00
  9.265815E+00 -2.600000E+00
  9.291592E+00 -2.600000E+00
  9.400000E+00 -2.532195E+00
  9.400000E+00 -2.423787E+00
  9.400000E+00 -2.315378E+00
  9.400000E+00 -2.221797E+00
  9.400000E+00 -2.113388E+00
  9.400000E+00 -2.019807E+00
  9.400000E+00 -1.911398E+00
  9.400000E+00 -1.817817E+00
  9.400000E+00 -1.709408E+00
  9.400000E+00 -1.615827E+00
  9.400000E+00 -1.507418E+00
  9.400000E+00 -1.413837E+00
  9.400000E+00 -1.305428E+00
  9.400000E+00 -1.211846E+00
  9.400000E+00 -1.103438E+00
  9.400000E+00 -1.009856E+00
  9.400000E+00 -9.014481E-01
  9.400000E+00 -8.078664E-01
  9.400000E+00 -6.994580E-01
  9.400000E+00 -6.058763E-01
  9.400000E+00 -4.974680E-01
  9.400000E+00 -4.038863E-01
  9.400000E+00 -2.954779E-01
  9.400000E+00 -2.018962E-01
  9.400000E+00 -9.348789E-02
  9.400000E+00  9.382716E-05
  9.400000E+00  1.085022E-01
  9.400000E+00  2.020839E-01
  9.400000E+00  3.104922E-01
  9.400000E+00  4.040739E-01
  9.400000E+00  5.124823E-01
  9.400000E+00  6.060640E-01
  9.400000E+00  7.144723E-01
  9.400000E+00  8.080540E-01
  9.400000E+00  9.164624E-01
  9.400000E+00  1.010044E+00
  9.400000E+00  1.118452E+00
  9.400000E+00  1.212034E+00
  9.400000E+00  1.320442E+00
  9.400000E+00  1.414024E+00
  9.400000E+00  1.522433E+00
  9.400000E+00  1.616014E+00
  9.400000E+00  1.724423E+00
  9.400000E+00  1.818004E+00
  9.400000E+00  1.926413E+00
  9.400000E+00  2.019994E+00
  9.400000E+00  2.128403E+00
  9.400000E+00  2.221984E+00
  9.400000E+00  2.330393E+00
  9.400000E+00  2.423974E+00
  9.400000E+00  2.532383E+00
  9.291592E+00  2.600000E+00
  9.115566E+00  2.600000E+00
  9.080000E+00  2.433576E+00
  9.080000E+00 -2.423787E+00

w:109/ x(   0.1800000E+01) y(   0.0000000E+00) ix(2) iy(2) s(   0.7000E+00)

hb:   line clip z   cb(lightgray)
clip:
  1.611322E+00 -4.085345E-01
  1.615970E+00 -4.106493E-01
  1.627855E+00 -4.157718E-01
  1.817960E+00 -4.496415E-01
  1.860049E+00 -4.459755E-01
  1.998434E+00 -4.038863E-01
  2.019950E+00 -3.925838E-01
  2.127097E+00 -3.090432E-01
  2.202167E+00 -2.018962E-01
  2.221940E+00 -1.564183E-01
  2.249180E+00 -2.714667E-02
  2.250000E+00  9.382716E-05
  2.249170E+00  2.732360E-02
  2.221940E+00  1.564183E-01
  2.202072E+00  2.020839E-01
  2.127006E+00  3.091396E-01
  2.019950E+00  3.925838E-01
  1.998051E+00  4.040739E-01
  1.859884E+00  4.459977E-01
  1.817960E+00  4.496415E-01
  1.772853E+00  4.491804E-01
  1.615970E+00  4.106493E-01
  1.611450E+00  4.085938E-01
  1.601949E+00  4.040739E-01
  1.413980E+00  2.312755E-01
  1.403414E+00  2.126494E-01
  1.397928E+00  2.020839E-01
  1.384361E+00  1.724652E-01
  1.350000E+00  9.382716E-05
  1.354002E+00 -5.988361E-02
  1.397833E+00 -2.018962E-01
  1.403349E+00 -2.125272E-01
  1.413980E+00 -2.312755E-01
  1.601566E+00 -4.038863E-01

w:103/ x(   0.5526918E+01) y(   0.0000000E+00) ix(2) iy(2) s(   0.7000E+00)

hb:   line clip z   cb(lightgray)
clip:
  1.973836E+00 -4.500000E-01
  8.933725E+00 -4.500000E-01
  9.080000E+00 -4.038863E-01
  9.080000E+00 -2.114978E-01
  9.080000E+00 -2.018962E-01
  9.080000E+00 -9.507794E-03
  9.080000E+00  9.382716E-05
  9.080000E+00  1.924823E-01
  9.080000E+00  2.020839E-01
  9.080000E+00  3.944723E-01
  9.080000E+00  4.040739E-01
  8.933538E+00  4.500000E-01
  8.887612E+00  4.500000E-01
  8.841685E+00  4.500000E-01
  8.685622E+00  4.500000E-01
  8.639695E+00  4.500000E-01
  8.483631E+00  4.500000E-01
  8.437705E+00  4.500000E-01
  8.281641E+00  4.500000E-01
  8.235715E+00  4.500000E-01
  8.079651E+00  4.500000E-01
  8.033725E+00  4.500000E-01
  7.877661E+00  4.500000E-01
  7.831735E+00  4.500000E-01
  7.675671E+00  4.500000E-01
  7.629745E+00  4.500000E-01
  7.473681E+00  4.500000E-01
  7.427755E+00  4.500000E-01
  7.271691E+00  4.500000E-01
  7.225765E+00  4.500000E-01
  7.069701E+00  4.500000E-01
  7.023775E+00  4.500000E-01
  6.867711E+00  4.500000E-01
  6.821785E+00  4.500000E-01
  6.665721E+00  4.500000E-01
  6.619795E+00  4.500000E-01
  6.463731E+00  4.500000E-01
  6.417805E+00  4.500000E-01
  6.261741E+00  4.500000E-01
  6.215815E+00  4.500000E-01
  6.059751E+00  4.500000E-01
  6.013825E+00  4.500000E-01
  5.857761E+00  4.500000E-01
  5.811835E+00  4.500000E-01
  5.655771E+00  4.500000E-01
  5.609845E+00  4.500000E-01
  5.453781E+00  4.500000E-01
  5.407855E+00  4.500000E-01
  5.251791E+00  4.500000E-01
  5.205865E+00  4.500000E-01
  5.049801E+00  4.500000E-01
  5.003875E+00  4.500000E-01
  4.847811E+00  4.500000E-01
  4.801885E+00  4.500000E-01
  4.645821E+00  4.500000E-01
  4.599894E+00  4.500000E-01
  4.443830E+00  4.500000E-01
  4.397904E+00  4.500000E-01
  4.241840E+00  4.500000E-01
  4.195914E+00  4.500000E-01
  4.039850E+00  4.500000E-01
  3.993924E+00  4.500000E-01
  3.837860E+00  4.500000E-01
  3.791934E+00  4.500000E-01
  3.635870E+00  4.500000E-01
  3.589944E+00  4.500000E-01
  3.433880E+00  4.500000E-01
  3.387954E+00  4.500000E-01
  3.231890E+00  4.500000E-01
  3.185964E+00  4.500000E-01
  3.029900E+00  4.500000E-01
  2.983974E+00  4.500000E-01
  2.827910E+00  4.500000E-01
  2.781984E+00  4.500000E-01
  2.625920E+00  4.500000E-01
  2.579994E+00  4.500000E-01
  2.423930E+00  4.500000E-01
  2.378004E+00  4.500000E-01
  2.221940E+00  4.500000E-01
  2.176014E+00  4.500000E-01
  2.019950E+00  4.500000E-01
  1.998051E+00  4.040739E-01
  2.012527E+00  3.966512E-01
  2.019950E+00  3.925838E-01
  2.049573E+00  3.744505E-01
  2.202072E+00  2.020839E-01
  2.221940E+00  1.564183E-01
  2.250000E+00  9.382716E-05
  2.221940E+00 -1.564183E-01
  2.208594E+00 -1.885501E-01
  2.174824E+00 -2.490125E-01
  2.019950E+00 -3.925838E-01
  1.998434E+00 -4.038863E-01

w:105/ x(   0.4700000E+01) y(   0.1575000E+01) ix(2) iy(2) s(   0.7000E+00)

hb:   line clip z   cb(orange)
clip:
  3.740000E+00  5.082036E-01
  3.837860E+00  4.500000E-01
  3.993924E+00  4.500000E-01
  9.043676E+00  4.500000E-01
  9.080000E+00  6.060640E-01
  9.080000E+00  7.984524E-01
  9.080000E+00  8.080540E-01
  9.080000E+00  1.000442E+00
  9.080000E+00  1.010044E+00
  9.080000E+00  1.202433E+00
  9.080000E+00  1.212034E+00
  9.080000E+00  1.404423E+00
  9.080000E+00  1.414024E+00
  9.080000E+00  1.606413E+00
  9.080000E+00  1.616014E+00
  9.080000E+00  1.808403E+00
  9.080000E+00  1.818004E+00
  9.080000E+00  2.010393E+00
  9.080000E+00  2.019994E+00
  9.080000E+00  2.212383E+00
  9.080000E+00  2.221984E+00
  9.080000E+00  2.414373E+00
  9.089602E+00  2.600000E+00
  9.115566E+00  2.600000E+00
  9.291592E+00  2.600000E+00
  9.400000E+00  2.625964E+00
  9.365627E+00  2.700000E+00
  9.291592E+00  2.700000E+00
  9.217556E+00  2.700000E+00
  9.089602E+00  2.700000E+00
  9.015566E+00  2.700000E+00
  8.887612E+00  2.700000E+00
  8.813576E+00  2.700000E+00
  8.685622E+00  2.700000E+00
  8.611586E+00  2.700000E+00
  8.483631E+00  2.700000E+00
  8.409596E+00  2.700000E+00
  8.281641E+00  2.700000E+00
  8.207606E+00  2.700000E+00
  8.079651E+00  2.700000E+00
  8.005616E+00  2.700000E+00
  7.877661E+00  2.700000E+00
  7.803626E+00  2.700000E+00
  7.675671E+00  2.700000E+00
  7.601636E+00  2.700000E+00
  7.473681E+00  2.700000E+00
  7.399646E+00  2.700000E+00
  7.271691E+00  2.700000E+00
  7.197656E+00  2.700000E+00
  7.069701E+00  2.700000E+00
  6.995666E+00  2.700000E+00
  6.867711E+00  2.700000E+00
  6.793676E+00  2.700000E+00
  6.665721E+00  2.700000E+00
  6.591685E+00  2.700000E+00
  6.463731E+00  2.700000E+00
  6.389695E+00  2.700000E+00
  6.261741E+00  2.700000E+00
  6.187705E+00  2.700000E+00
  6.059751E+00  2.700000E+00
  5.985715E+00  2.700000E+00
  5.857761E+00  2.700000E+00
  5.783725E+00  2.700000E+00
  5.655771E+00  2.700000E+00
  5.581735E+00  2.700000E+00
  5.453781E+00  2.700000E+00
  5.379745E+00  2.700000E+00
  5.251791E+00  2.700000E+00
  5.177755E+00  2.700000E+00
  5.049801E+00  2.700000E+00
  4.975765E+00  2.700000E+00
  4.847811E+00  2.700000E+00
  4.773775E+00  2.700000E+00
  4.645821E+00  2.700000E+00
  4.571785E+00  2.700000E+00
  4.443830E+00  2.700000E+00
  4.369795E+00  2.700000E+00
  4.241840E+00  2.700000E+00
  4.167805E+00  2.700000E+00
  4.039850E+00  2.700000E+00
  3.965815E+00  2.700000E+00
  3.837860E+00  2.700000E+00
  3.763825E+00  2.700000E+00
  3.635870E+00  2.700000E+00
  3.561835E+00  2.700000E+00
  3.433880E+00  2.700000E+00
  3.359845E+00  2.700000E+00
  3.231890E+00  2.700000E+00
  3.157855E+00  2.700000E+00
  3.029900E+00  2.700000E+00
  2.955865E+00  2.700000E+00
  2.827910E+00  2.700000E+00
  2.753875E+00  2.700000E+00
  2.625920E+00  2.700000E+00
  2.551885E+00  2.700000E+00
  2.423930E+00  2.700000E+00
  2.349894E+00  2.700000E+00
  2.221940E+00  2.700000E+00
  2.147904E+00  2.700000E+00
  2.019950E+00  2.700000E+00
  1.945914E+00  2.700000E+00
  1.817960E+00  2.700000E+00
  1.743924E+00  2.700000E+00
  1.615970E+00  2.700000E+00
  1.541934E+00  2.700000E+00
  1.413980E+00  2.700000E+00
  1.339944E+00  2.700000E+00
  1.211990E+00  2.700000E+00
  1.137954E+00  2.700000E+00
  1.010000E+00  2.700000E+00
  9.359641E-01  2.700000E+00
  8.080096E-01  2.700000E+00
  7.339741E-01  2.700000E+00
  6.060195E-01  2.700000E+00
  5.319840E-01  2.700000E+00
  4.040295E-01  2.700000E+00
  3.299940E-01  2.700000E+00
  2.020394E-01  2.700000E+00
  1.280039E-01  2.700000E+00
  4.938271E-05  2.700000E+00
  6.776264E-21  2.626014E+00
  2.601386E-02  2.600000E+00
  2.020394E-01  2.600000E+00
  3.661835E+00  2.600000E+00
  3.740000E+00  2.423974E+00
  3.740000E+00  2.326114E+00
  3.740000E+00  2.221984E+00
  3.740000E+00  2.124124E+00
  3.740000E+00  2.019994E+00
  3.740000E+00  1.922134E+00
  3.740000E+00  1.818004E+00
  3.740000E+00  1.720144E+00
  3.740000E+00  1.616014E+00
  3.740000E+00  1.518154E+00
  3.740000E+00  1.414024E+00
  3.740000E+00  1.316164E+00
  3.740000E+00  1.212034E+00
  3.740000E+00  1.114174E+00
  3.740000E+00  1.010044E+00
  3.740000E+00  9.121837E-01
  3.740000E+00  8.080540E-01
  3.740000E+00  7.101937E-01
  3.740000E+00  6.060640E-01

w:106/ x(   0.4600000E+01) y(   0.2763953E+01) ix(2) iy(2) s(   0.7000E+00)

hb:   line clip z   cb(lightgray)
clip:
 -2.000000E-01  2.627905E+00
  4.938271E-05  2.700000E+00
  9.291592E+00  2.700000E+00
  9.400000E+00  2.719546E+00
  9.400000E+00  2.827955E+00
  9.363637E+00  2.900000E+00
  9.291592E+00  2.900000E+00
  9.219546E+00  2.900000E+00
  9.089602E+00  2.900000E+00
  9.017556E+00  2.900000E+00
  8.887612E+00  2.900000E+00
  8.815566E+00  2.900000E+00
  8.685622E+00  2.900000E+00
  8.613576E+00  2.900000E+00
  8.483631E+00  2.900000E+00
  8.411586E+00  2.900000E+00
  8.281641E+00  2.900000E+00
  8.209596E+00  2.900000E+00
  8.079651E+00  2.900000E+00
  8.007606E+00  2.900000E+00
  7.877661E+00  2.900000E+00
  7.805616E+00  2.900000E+00
  7.675671E+00  2.900000E+00
  7.603626E+00  2.900000E+00
  7.473681E+00  2.900000E+00
  7.401636E+00  2.900000E+00
  7.271691E+00  2.900000E+00
  7.199646E+00  2.900000E+00
  7.069701E+00  2.900000E+00
  6.997656E+00  2.900000E+00
  6.867711E+00  2.900000E+00
  6.795666E+00  2.900000E+00
  6.665721E+00  2.900000E+00
  6.593676E+00  2.900000E+00
  6.463731E+00  2.900000E+00
  6.391685E+00  2.900000E+00
  6.261741E+00  2.900000E+00
  6.189695E+00  2.900000E+00
  6.059751E+00  2.900000E+00
  5.987705E+00  2.900000E+00
  5.857761E+00  2.900000E+00
  5.785715E+00  2.900000E+00
  5.655771E+00  2.900000E+00
  5.583725E+00  2.900000E+00
  5.453781E+00  2.900000E+00
  5.381735E+00  2.900000E+00
  5.251791E+00  2.900000E+00
  5.179745E+00  2.900000E+00
  5.049801E+00  2.900000E+00
  4.977755E+00  2.900000E+00
  4.847811E+00  2.900000E+00
  4.775765E+00  2.900000E+00
  4.645821E+00  2.900000E+00
  4.573775E+00  2.900000E+00
  4.443830E+00  2.900000E+00
  4.371785E+00  2.900000E+00
  4.241840E+00  2.900000E+00
  4.169795E+00  2.900000E+00
  4.039850E+00  2.900000E+00
  3.967805E+00  2.900000E+00
  3.837860E+00  2.900000E+00
  3.765815E+00  2.900000E+00
  3.635870E+00  2.900000E+00
  3.563825E+00  2.900000E+00
  3.433880E+00  2.900000E+00
  3.361835E+00  2.900000E+00
  3.231890E+00  2.900000E+00
  3.159845E+00  2.900000E+00
  3.029900E+00  2.900000E+00
  2.957855E+00  2.900000E+00
  2.827910E+00  2.900000E+00
  2.755865E+00  2.900000E+00
  2.625920E+00  2.900000E+00
  2.553875E+00  2.900000E+00
  2.423930E+00  2.900000E+00
  2.351885E+00  2.900000E+00
  2.221940E+00  2.900000E+00
  2.149894E+00  2.900000E+00
  2.019950E+00  2.900000E+00
  1.947904E+00  2.900000E+00
  1.817960E+00  2.900000E+00
  1.745914E+00  2.900000E+00
  1.615970E+00  2.900000E+00
  1.543924E+00  2.900000E+00
  1.413980E+00  2.900000E+00
  1.341934E+00  2.900000E+00
  1.211990E+00  2.900000E+00
  1.139944E+00  2.900000E+00
  1.010000E+00  2.900000E+00
  9.379542E-01  2.900000E+00
  8.080096E-01  2.900000E+00
  7.359641E-01  2.900000E+00
  6.060195E-01  2.900000E+00
  5.339741E-01  2.900000E+00
  4.040295E-01  2.900000E+00
  3.319840E-01  2.900000E+00
  2.020394E-01  2.900000E+00
  1.299940E-01  2.900000E+00
  4.938271E-05  2.900000E+00
 -7.199609E-02  2.900000E+00
 -2.000000E-01  2.827955E+00

wt: s[c5]
\vspace{-3}
  emin  &=&   0.0000E+00 [MeV]
  emax  &=&   1.0000E+03 [MeV]
  ymin  &=&  -5.0000E+00 [cm]
  ymax  &=&   5.0000E+00 [cm]
  part. &=& all     
  tmin  &=&   0.0000E+00 [nsec]
  tmax  &=&   1.0000E-01 [nsec]
e:
 
# Information for Restart Calculation
# This calculation was newly started
# istdev =  2 # 1:Batch variance, 2:History variance
# resc2  = 0.00000000000000000E+00 # Total source weight or Total source weight / maxcas
# resc3  = 0.00000000000000000E+00 # Total history number or Total batch number
# maxcas =          50 # History / Batch, only used for istdev=1
# bitrseed = 0000000000000000000000000000000000000000000000000000000000000000 # bit data of rseed
