[ T-Track ]
    title = Track Detection using [T-track] tally
     mesh =  xyz            # mesh type is xyz scoring mesh
   x-type =    2            # x-mesh is linear given by xmin, xmax and nx
     xmin =  -20.00000      # minimum value of x-mesh points
     xmax =   20.00000      # maximum value of x-mesh points
#    xdel =  0.2000000      # mesh width of x-mesh points
       nx =    200          # number of x-mesh points
#    data = ( x(i), i = 1, nx + 1 )
#          -2.00000E+01 -1.98000E+01 -1.96000E+01 -1.94000E+01 -1.92000E+01
#          -1.90000E+01 -1.88000E+01 -1.86000E+01 -1.84000E+01 -1.82000E+01
#          -1.80000E+01 -1.78000E+01 -1.76000E+01 -1.74000E+01 -1.72000E+01
#          -1.70000E+01 -1.68000E+01 -1.66000E+01 -1.64000E+01 -1.62000E+01
#          -1.60000E+01 -1.58000E+01 -1.56000E+01 -1.54000E+01 -1.52000E+01
#          -1.50000E+01 -1.48000E+01 -1.46000E+01 -1.44000E+01 -1.42000E+01
#          -1.40000E+01 -1.38000E+01 -1.36000E+01 -1.34000E+01 -1.32000E+01
#          -1.30000E+01 -1.28000E+01 -1.26000E+01 -1.24000E+01 -1.22000E+01
#          -1.20000E+01 -1.18000E+01 -1.16000E+01 -1.14000E+01 -1.12000E+01
#          -1.10000E+01 -1.08000E+01 -1.06000E+01 -1.04000E+01 -1.02000E+01
#          -1.00000E+01 -9.80000E+00 -9.60000E+00 -9.40000E+00 -9.20000E+00
#          -9.00000E+00 -8.80000E+00 -8.60000E+00 -8.40000E+00 -8.20000E+00
#          -8.00000E+00 -7.80000E+00 -7.60000E+00 -7.40000E+00 -7.20000E+00
#          -7.00000E+00 -6.80000E+00 -6.60000E+00 -6.40000E+00 -6.20000E+00
#          -6.00000E+00 -5.80000E+00 -5.60000E+00 -5.40000E+00 -5.20000E+00
#          -5.00000E+00 -4.80000E+00 -4.60000E+00 -4.40000E+00 -4.20000E+00
#          -4.00000E+00 -3.80000E+00 -3.60000E+00 -3.40000E+00 -3.20000E+00
#          -3.00000E+00 -2.80000E+00 -2.60000E+00 -2.40000E+00 -2.20000E+00
#          -2.00000E+00 -1.80000E+00 -1.60000E+00 -1.40000E+00 -1.20000E+00
#          -1.00000E+00 -8.00000E-01 -6.00000E-01 -4.00000E-01 -2.00000E-01
#           0.00000E+00  2.00000E-01  4.00000E-01  6.00000E-01  8.00000E-01
#           1.00000E+00  1.20000E+00  1.40000E+00  1.60000E+00  1.80000E+00
#           2.00000E+00  2.20000E+00  2.40000E+00  2.60000E+00  2.80000E+00
#           3.00000E+00  3.20000E+00  3.40000E+00  3.60000E+00  3.80000E+00
#           4.00000E+00  4.20000E+00  4.40000E+00  4.60000E+00  4.80000E+00
#           5.00000E+00  5.20000E+00  5.40000E+00  5.60000E+00  5.80000E+00
#           6.00000E+00  6.20000E+00  6.40000E+00  6.60000E+00  6.80000E+00
#           7.00000E+00  7.20000E+00  7.40000E+00  7.60000E+00  7.80000E+00
#           8.00000E+00  8.20000E+00  8.40000E+00  8.60000E+00  8.80000E+00
#           9.00000E+00  9.20000E+00  9.40000E+00  9.60000E+00  9.80000E+00
#           1.00000E+01  1.02000E+01  1.04000E+01  1.06000E+01  1.08000E+01
#           1.10000E+01  1.12000E+01  1.14000E+01  1.16000E+01  1.18000E+01
#           1.20000E+01  1.22000E+01  1.24000E+01  1.26000E+01  1.28000E+01
#           1.30000E+01  1.32000E+01  1.34000E+01  1.36000E+01  1.38000E+01
#           1.40000E+01  1.42000E+01  1.44000E+01  1.46000E+01  1.48000E+01
#           1.50000E+01  1.52000E+01  1.54000E+01  1.56000E+01  1.58000E+01
#           1.60000E+01  1.62000E+01  1.64000E+01  1.66000E+01  1.68000E+01
#           1.70000E+01  1.72000E+01  1.74000E+01  1.76000E+01  1.78000E+01
#           1.80000E+01  1.82000E+01  1.84000E+01  1.86000E+01  1.88000E+01
#           1.90000E+01  1.92000E+01  1.94000E+01  1.96000E+01  1.98000E+01
#           2.00000E+01
   y-type =    1            # y-mesh is given by the below data
       ny =      1          # number of y-mesh points
#    data = ( y(i), i = 1, ny + 1 )
           -5.00000E+00  5.00000E+00
   z-type =    2            # z-mesh is linear given by zmin, zmax and nz
     zmin =  -20.00000      # minimum value of z-mesh points
     zmax =   20.00000      # maximum value of z-mesh points
#    zdel =  0.2000000      # mesh width of z-mesh points
       nz =    200          # number of z-mesh points
#    data = ( z(i), i = 1, nz + 1 )
#          -2.00000E+01 -1.98000E+01 -1.96000E+01 -1.94000E+01 -1.92000E+01
#          -1.90000E+01 -1.88000E+01 -1.86000E+01 -1.84000E+01 -1.82000E+01
#          -1.80000E+01 -1.78000E+01 -1.76000E+01 -1.74000E+01 -1.72000E+01
#          -1.70000E+01 -1.68000E+01 -1.66000E+01 -1.64000E+01 -1.62000E+01
#          -1.60000E+01 -1.58000E+01 -1.56000E+01 -1.54000E+01 -1.52000E+01
#          -1.50000E+01 -1.48000E+01 -1.46000E+01 -1.44000E+01 -1.42000E+01
#          -1.40000E+01 -1.38000E+01 -1.36000E+01 -1.34000E+01 -1.32000E+01
#          -1.30000E+01 -1.28000E+01 -1.26000E+01 -1.24000E+01 -1.22000E+01
#          -1.20000E+01 -1.18000E+01 -1.16000E+01 -1.14000E+01 -1.12000E+01
#          -1.10000E+01 -1.08000E+01 -1.06000E+01 -1.04000E+01 -1.02000E+01
#          -1.00000E+01 -9.80000E+00 -9.60000E+00 -9.40000E+00 -9.20000E+00
#          -9.00000E+00 -8.80000E+00 -8.60000E+00 -8.40000E+00 -8.20000E+00
#          -8.00000E+00 -7.80000E+00 -7.60000E+00 -7.40000E+00 -7.20000E+00
#          -7.00000E+00 -6.80000E+00 -6.60000E+00 -6.40000E+00 -6.20000E+00
#          -6.00000E+00 -5.80000E+00 -5.60000E+00 -5.40000E+00 -5.20000E+00
#          -5.00000E+00 -4.80000E+00 -4.60000E+00 -4.40000E+00 -4.20000E+00
#          -4.00000E+00 -3.80000E+00 -3.60000E+00 -3.40000E+00 -3.20000E+00
#          -3.00000E+00 -2.80000E+00 -2.60000E+00 -2.40000E+00 -2.20000E+00
#          -2.00000E+00 -1.80000E+00 -1.60000E+00 -1.40000E+00 -1.20000E+00
#          -1.00000E+00 -8.00000E-01 -6.00000E-01 -4.00000E-01 -2.00000E-01
#           0.00000E+00  2.00000E-01  4.00000E-01  6.00000E-01  8.00000E-01
#           1.00000E+00  1.20000E+00  1.40000E+00  1.60000E+00  1.80000E+00
#           2.00000E+00  2.20000E+00  2.40000E+00  2.60000E+00  2.80000E+00
#           3.00000E+00  3.20000E+00  3.40000E+00  3.60000E+00  3.80000E+00
#           4.00000E+00  4.20000E+00  4.40000E+00  4.60000E+00  4.80000E+00
#           5.00000E+00  5.20000E+00  5.40000E+00  5.60000E+00  5.80000E+00
#           6.00000E+00  6.20000E+00  6.40000E+00  6.60000E+00  6.80000E+00
#           7.00000E+00  7.20000E+00  7.40000E+00  7.60000E+00  7.80000E+00
#           8.00000E+00  8.20000E+00  8.40000E+00  8.60000E+00  8.80000E+00
#           9.00000E+00  9.20000E+00  9.40000E+00  9.60000E+00  9.80000E+00
#           1.00000E+01  1.02000E+01  1.04000E+01  1.06000E+01  1.08000E+01
#           1.10000E+01  1.12000E+01  1.14000E+01  1.16000E+01  1.18000E+01
#           1.20000E+01  1.22000E+01  1.24000E+01  1.26000E+01  1.28000E+01
#           1.30000E+01  1.32000E+01  1.34000E+01  1.36000E+01  1.38000E+01
#           1.40000E+01  1.42000E+01  1.44000E+01  1.46000E+01  1.48000E+01
#           1.50000E+01  1.52000E+01  1.54000E+01  1.56000E+01  1.58000E+01
#           1.60000E+01  1.62000E+01  1.64000E+01  1.66000E+01  1.68000E+01
#           1.70000E+01  1.72000E+01  1.74000E+01  1.76000E+01  1.78000E+01
#           1.80000E+01  1.82000E+01  1.84000E+01  1.86000E+01  1.88000E+01
#           1.90000E+01  1.92000E+01  1.94000E+01  1.96000E+01  1.98000E+01
#           2.00000E+01
   e-type =    1            # e-mesh is given by the below data
       ne =      1          # number of e-mesh points
#    data = ( e(i), i = 1, ne + 1 )
            0.00000E+00  1.00000E+03
   t-type =    2            # t-mesh is linear given by tmin, tmax and nt
     tmin =   0.000000      # minimum value of t-mesh points
     tmax =   1.000000      # maximum value of t-mesh points
#    tdel =  0.1000000      # mesh width of t-mesh points
       nt =     10          # number of t-mesh points
#    data = ( t(i), i = 1, nt + 1 )
#           0.00000E+00  1.00000E-01  2.00000E-01  3.00000E-01  4.00000E-01
#           5.00000E-01  6.00000E-01  7.00000E-01  8.00000E-01  9.00000E-01
#           1.00000E+00
     unit =    1            # unit is [1/cm^2/source]
 material =  all            # (D=all) number of specific material
  2D-type =    3            # 1:Cont, 2:Clust, 3:Color, 4:xyz, 5:mat, 6:Clust+Cont, 7:Col+Cont
     axis =      xz            # axis of output
     file = track_xz.out    # file name of output for the above axis
     part =  all      
# kf/name :  0        
    gshow =    3            # 0: no 1:bnd, 2:bnd+mat, 3:bnd+reg 4:bnd+lat 5:bmp style
    resol =    1            # (D=1) resolution of gshow or rshow
    width = 0.5000000       # (D=0.5) width of lines for gshow or rshow
   epsout =    1            # (D=0) generate eps file by ANGEL
#    used :        main (  %)        temp (  %)       total (  %)
#  memory :         419 (  0)           0 (  0)         419 (  0)

#------------------------------------------------------------------------------
#newpage:
#   no. =  1   ie  =  1   iy  =  1   part. = all     
#   e = (   0.0000E+00  -   1.0000E+03  )
#   y = (  -5.0000E+00  -   5.0000E+00  )
#  it =  1
#   t = (   0.0000E+00  -   1.0000E-01  )

'no. =  1,  ie =  1,  iy =  1,  it =  1'
msuc: {\huge Track Detection using [T-track] tally}
msdr: {\it plotted by \ANGEL \version}
msdl: {\it calculated by \PHITS  3.34}

x: z [cm]
y: x [cm]
set: c1[ 1.000] c2[ 0.900] c5[ 0.800] c6[ 1.000] c7[ 0.000] c8[ 0.000]
p: h2fs form[c1] xfac[c2] afac[c5] scal[c6] xorg[c7] yorg[c8] nosp
p: xmin( -20.00000    ) xmax(  20.00000    )
p: ymin( -20.00000    ) ymax(  20.00000    )
#  nx = 200   nz = 200
# ( ( data(z,x), z = 1, nz ), x = nx, 1, -1 )

#------------------------------------------------------------------------------
# gshow
#------------------------------------------------------------------------------

p: legs[c5*0.875]

w:100/ x(  -0.1191736E+02) y(  -0.1191732E+02) ix(2) iy(2) s(   0.7000E+00)

h: x ny1,0  y2=[y1](void),ic[lightgray]
 -1.000000E+00 -1.000000E+00

hb:   line clip z   cb(lightgray)
frame:
 -1.9999951E+01 -1.9999907E+01
  2.0000049E+01 -1.9999907E+01
  2.0000049E+01  2.0000093E+01
 -1.9999951E+01  2.0000093E+01
clip:
 -2.019896E+01 -2.019891E+01
  2.019905E+01 -2.019891E+01
  2.019905E+01 -1.999692E+01
  2.019905E+01 -1.979493E+01
  2.019905E+01 -1.959294E+01
  2.019905E+01 -1.939095E+01
  2.019905E+01 -1.918896E+01
  2.019905E+01 -1.898697E+01
  2.019905E+01 -1.878498E+01
  2.019905E+01 -1.858299E+01
  2.019905E+01 -1.838100E+01
  2.019905E+01 -1.817901E+01
  2.019905E+01 -1.797702E+01
  2.019905E+01 -1.777503E+01
  2.019905E+01 -1.757304E+01
  2.019905E+01 -1.737105E+01
  2.019905E+01 -1.716906E+01
  2.019905E+01 -1.696707E+01
  2.019905E+01 -1.676508E+01
  2.019905E+01 -1.656309E+01
  2.019905E+01 -1.636110E+01
  2.019905E+01 -1.615911E+01
  2.019905E+01 -1.595712E+01
  2.019905E+01 -1.575513E+01
  2.019905E+01 -1.555314E+01
  2.019905E+01 -1.535115E+01
  2.019905E+01 -1.514916E+01
  2.019905E+01 -1.494717E+01
  2.019905E+01 -1.474518E+01
  2.019905E+01 -1.454319E+01
  2.019905E+01 -1.434120E+01
  2.019905E+01 -1.413921E+01
  2.019905E+01 -1.393722E+01
  2.019905E+01 -1.373523E+01
  2.019905E+01 -1.353324E+01
  2.019905E+01 -1.333125E+01
  2.019905E+01 -1.312926E+01
  2.019905E+01 -1.292727E+01
  2.019905E+01 -1.272528E+01
  2.019905E+01 -1.252329E+01
  2.019905E+01 -1.232130E+01
  2.019905E+01 -1.211931E+01
  2.019905E+01 -1.191732E+01
  2.019905E+01 -1.171533E+01
  2.019905E+01 -1.151334E+01
  2.019905E+01 -1.131135E+01
  2.019905E+01 -1.110936E+01
  2.019905E+01 -1.090737E+01
  2.019905E+01 -1.070538E+01
  2.019905E+01 -1.050339E+01
  2.019905E+01 -1.030140E+01
  2.019905E+01 -1.009941E+01
  2.019905E+01 -9.897419E+00
  2.019905E+01 -9.695429E+00
  2.019905E+01 -9.493439E+00
  2.019905E+01 -9.291448E+00
  2.019905E+01 -9.089458E+00
  2.019905E+01 -8.887468E+00
  2.019905E+01 -8.685478E+00
  2.019905E+01 -8.483488E+00
  2.019905E+01 -8.281498E+00
  2.019905E+01 -8.079508E+00
  2.019905E+01 -7.877518E+00
  2.019905E+01 -7.675528E+00
  2.019905E+01 -7.473538E+00
  2.019905E+01 -7.271548E+00
  2.019905E+01 -7.069558E+00
  2.019905E+01 -6.867568E+00
  2.019905E+01 -6.665578E+00
  2.019905E+01 -6.463588E+00
  2.019905E+01 -6.261598E+00
  2.019905E+01 -6.059608E+00
  2.019905E+01 -5.857618E+00
  2.019905E+01 -5.655628E+00
  2.019905E+01 -5.453638E+00
  2.019905E+01 -5.251647E+00
  2.019905E+01 -5.049657E+00
  2.019905E+01 -4.847667E+00
  2.019905E+01 -4.645677E+00
  2.019905E+01 -4.443687E+00
  2.019905E+01 -4.241697E+00
  2.019905E+01 -4.039707E+00
  2.019905E+01 -3.837717E+00
  2.019905E+01 -3.635727E+00
  2.019905E+01 -3.433737E+00
  2.019905E+01 -3.231747E+00
  2.019905E+01 -3.029757E+00
  2.019905E+01 -2.827767E+00
  2.019905E+01 -2.625777E+00
  2.019905E+01 -2.423787E+00
  2.019905E+01 -2.221797E+00
  2.019905E+01 -2.019807E+00
  2.019905E+01 -1.817817E+00
  2.019905E+01 -1.615827E+00
  2.019905E+01 -1.413837E+00
  2.019905E+01 -1.211846E+00
  2.019905E+01 -1.009856E+00
  2.019905E+01 -8.078664E-01
  2.019905E+01 -6.058763E-01
  2.019905E+01 -4.038863E-01
  2.019905E+01 -2.018962E-01
  2.019905E+01  9.382716E-05
  2.019905E+01  2.020839E-01
  2.019905E+01  4.040739E-01
  2.019905E+01  6.060640E-01
  2.019905E+01  8.080540E-01
  2.019905E+01  1.010044E+00
  2.019905E+01  1.212034E+00
  2.019905E+01  1.414024E+00
  2.019905E+01  1.616014E+00
  2.019905E+01  1.818004E+00
  2.019905E+01  2.019994E+00
  2.019905E+01  2.221984E+00
  2.019905E+01  2.423974E+00
  2.019905E+01  2.625964E+00
  2.019905E+01  2.827955E+00
  2.019905E+01  3.029945E+00
  2.019905E+01  3.231935E+00
  2.019905E+01  3.433925E+00
  2.019905E+01  3.635915E+00
  2.019905E+01  3.837905E+00
  2.019905E+01  4.039895E+00
  2.019905E+01  4.241885E+00
  2.019905E+01  4.443875E+00
  2.019905E+01  4.645865E+00
  2.019905E+01  4.847855E+00
  2.019905E+01  5.049845E+00
  2.019905E+01  5.251835E+00
  2.019905E+01  5.453825E+00
  2.019905E+01  5.655815E+00
  2.019905E+01  5.857805E+00
  2.019905E+01  6.059795E+00
  2.019905E+01  6.261785E+00
  2.019905E+01  6.463775E+00
  2.019905E+01  6.665765E+00
  2.019905E+01  6.867756E+00
  2.019905E+01  7.069746E+00
  2.019905E+01  7.271736E+00
  2.019905E+01  7.473726E+00
  2.019905E+01  7.675716E+00
  2.019905E+01  7.877706E+00
  2.019905E+01  8.079696E+00
  2.019905E+01  8.281686E+00
  2.019905E+01  8.483676E+00
  2.019905E+01  8.685666E+00
  2.019905E+01  8.887656E+00
  2.019905E+01  9.089646E+00
  2.019905E+01  9.291636E+00
  2.019905E+01  9.493626E+00
  2.019905E+01  9.695616E+00
  2.019905E+01  9.897606E+00
  2.019905E+01  1.009960E+01
  2.019905E+01  1.030159E+01
  2.019905E+01  1.050358E+01
  2.019905E+01  1.070557E+01
  2.019905E+01  1.090756E+01
  2.019905E+01  1.110955E+01
  2.019905E+01  1.131154E+01
  2.019905E+01  1.151353E+01
  2.019905E+01  1.171552E+01
  2.019905E+01  1.191751E+01
  2.019905E+01  1.211950E+01
  2.019905E+01  1.232149E+01
  2.019905E+01  1.252348E+01
  2.019905E+01  1.272547E+01
  2.019905E+01  1.292746E+01
  2.019905E+01  1.312945E+01
  2.019905E+01  1.333144E+01
  2.019905E+01  1.353343E+01
  2.019905E+01  1.373542E+01
  2.019905E+01  1.393741E+01
  2.019905E+01  1.413940E+01
  2.019905E+01  1.434139E+01
  2.019905E+01  1.454338E+01
  2.019905E+01  1.474537E+01
  2.019905E+01  1.494736E+01
  2.019905E+01  1.514935E+01
  2.019905E+01  1.535134E+01
  2.019905E+01  1.555333E+01
  2.019905E+01  1.575532E+01
  2.019905E+01  1.595731E+01
  2.019905E+01  1.615930E+01
  2.019905E+01  1.636129E+01
  2.019905E+01  1.656328E+01
  2.019905E+01  1.676527E+01
  2.019905E+01  1.696726E+01
  2.019905E+01  1.716925E+01
  2.019905E+01  1.737124E+01
  2.019905E+01  1.757323E+01
  2.019905E+01  1.777522E+01
  2.019905E+01  1.797721E+01
  2.019905E+01  1.817920E+01
  2.019905E+01  1.838119E+01
  2.019905E+01  1.858318E+01
  2.019905E+01  1.878517E+01
  2.019905E+01  1.898716E+01
  2.019905E+01  1.918915E+01
  2.019905E+01  1.939114E+01
  2.019905E+01  1.959313E+01
  2.019905E+01  1.979512E+01
  2.019905E+01  1.999711E+01
  2.019905E+01  2.019910E+01
  1.999706E+01  2.019910E+01
  1.979507E+01  2.019910E+01
  1.959308E+01  2.019910E+01
  1.939109E+01  2.019910E+01
  1.918910E+01  2.019910E+01
  1.898711E+01  2.019910E+01
  1.878512E+01  2.019910E+01
  1.858313E+01  2.019910E+01
  1.838114E+01  2.019910E+01
  1.817915E+01  2.019910E+01
  1.797716E+01  2.019910E+01
  1.777517E+01  2.019910E+01
  1.757318E+01  2.019910E+01
  1.737119E+01  2.019910E+01
  1.716920E+01  2.019910E+01
  1.696721E+01  2.019910E+01
  1.676522E+01  2.019910E+01
  1.656323E+01  2.019910E+01
  1.636124E+01  2.019910E+01
  1.615925E+01  2.019910E+01
  1.595726E+01  2.019910E+01
  1.575527E+01  2.019910E+01
  1.555328E+01  2.019910E+01
  1.535129E+01  2.019910E+01
  1.514930E+01  2.019910E+01
  1.494731E+01  2.019910E+01
  1.474532E+01  2.019910E+01
  1.454333E+01  2.019910E+01
  1.434134E+01  2.019910E+01
  1.413935E+01  2.019910E+01
  1.393736E+01  2.019910E+01
  1.373537E+01  2.019910E+01
  1.353338E+01  2.019910E+01
  1.333139E+01  2.019910E+01
  1.312940E+01  2.019910E+01
  1.292741E+01  2.019910E+01
  1.272542E+01  2.019910E+01
  1.252343E+01  2.019910E+01
  1.232144E+01  2.019910E+01
  1.211945E+01  2.019910E+01
  1.191746E+01  2.019910E+01
  1.171547E+01  2.019910E+01
  1.151348E+01  2.019910E+01
  1.131149E+01  2.019910E+01
  1.110950E+01  2.019910E+01
  1.090751E+01  2.019910E+01
  1.070552E+01  2.019910E+01
  1.050353E+01  2.019910E+01
  1.030154E+01  2.019910E+01
  1.009955E+01  2.019910E+01
  9.897562E+00  2.019910E+01
  9.695572E+00  2.019910E+01
  9.493582E+00  2.019910E+01
  9.291592E+00  2.019910E+01
  9.089602E+00  2.019910E+01
  8.887612E+00  2.019910E+01
  8.685622E+00  2.019910E+01
  8.483631E+00  2.019910E+01
  8.281641E+00  2.019910E+01
  8.079651E+00  2.019910E+01
  7.877661E+00  2.019910E+01
  7.675671E+00  2.019910E+01
  7.473681E+00  2.019910E+01
  7.271691E+00  2.019910E+01
  7.069701E+00  2.019910E+01
  6.867711E+00  2.019910E+01
  6.665721E+00  2.019910E+01
  6.463731E+00  2.019910E+01
  6.261741E+00  2.019910E+01
  6.059751E+00  2.019910E+01
  5.857761E+00  2.019910E+01
  5.655771E+00  2.019910E+01
  5.453781E+00  2.019910E+01
  5.251791E+00  2.019910E+01
  5.049801E+00  2.019910E+01
  4.847811E+00  2.019910E+01
  4.645821E+00  2.019910E+01
  4.443830E+00  2.019910E+01
  4.241840E+00  2.019910E+01
  4.039850E+00  2.019910E+01
  3.837860E+00  2.019910E+01
  3.635870E+00  2.019910E+01
  3.433880E+00  2.019910E+01
  3.231890E+00  2.019910E+01
  3.029900E+00  2.019910E+01
  2.827910E+00  2.019910E+01
  2.625920E+00  2.019910E+01
  2.423930E+00  2.019910E+01
  2.221940E+00  2.019910E+01
  2.019950E+00  2.019910E+01
  1.817960E+00  2.019910E+01
  1.615970E+00  2.019910E+01
  1.413980E+00  2.019910E+01
  1.211990E+00  2.019910E+01
  1.010000E+00  2.019910E+01
  8.080096E-01  2.019910E+01
  6.060195E-01  2.019910E+01
  4.040295E-01  2.019910E+01
  2.020394E-01  2.019910E+01
  4.938271E-05  2.019910E+01
 -2.019407E-01  2.019910E+01
 -4.039307E-01  2.019910E+01
 -6.059208E-01  2.019910E+01
 -8.079108E-01  2.019910E+01
 -1.009901E+00  2.019910E+01
 -1.211891E+00  2.019910E+01
 -1.413881E+00  2.019910E+01
 -1.615871E+00  2.019910E+01
 -1.817861E+00  2.019910E+01
 -2.019851E+00  2.019910E+01
 -2.221841E+00  2.019910E+01
 -2.423831E+00  2.019910E+01
 -2.625821E+00  2.019910E+01
 -2.827811E+00  2.019910E+01
 -3.029801E+00  2.019910E+01
 -3.231791E+00  2.019910E+01
 -3.433781E+00  2.019910E+01
 -3.635772E+00  2.019910E+01
 -3.837762E+00  2.019910E+01
 -4.039752E+00  2.019910E+01
 -4.241742E+00  2.019910E+01
 -4.443732E+00  2.019910E+01
 -4.645722E+00  2.019910E+01
 -4.847712E+00  2.019910E+01
 -5.049702E+00  2.019910E+01
 -5.251692E+00  2.019910E+01
 -5.453682E+00  2.019910E+01
 -5.655672E+00  2.019910E+01
 -5.857662E+00  2.019910E+01
 -6.059652E+00  2.019910E+01
 -6.261642E+00  2.019910E+01
 -6.463632E+00  2.019910E+01
 -6.665622E+00  2.019910E+01
 -6.867612E+00  2.019910E+01
 -7.069602E+00  2.019910E+01
 -7.271592E+00  2.019910E+01
 -7.473582E+00  2.019910E+01
 -7.675573E+00  2.019910E+01
 -7.877563E+00  2.019910E+01
 -8.079553E+00  2.019910E+01
 -8.281543E+00  2.019910E+01
 -8.483533E+00  2.019910E+01
 -8.685523E+00  2.019910E+01
 -8.887513E+00  2.019910E+01
 -9.089503E+00  2.019910E+01
 -9.291493E+00  2.019910E+01
 -9.493483E+00  2.019910E+01
 -9.695473E+00  2.019910E+01
 -9.897463E+00  2.019910E+01
 -1.009945E+01  2.019910E+01
 -1.030144E+01  2.019910E+01
 -1.050343E+01  2.019910E+01
 -1.070542E+01  2.019910E+01
 -1.090741E+01  2.019910E+01
 -1.110940E+01  2.019910E+01
 -1.131139E+01  2.019910E+01
 -1.151338E+01  2.019910E+01
 -1.171537E+01  2.019910E+01
 -1.191736E+01  2.019910E+01
 -1.211935E+01  2.019910E+01
 -1.232134E+01  2.019910E+01
 -1.252333E+01  2.019910E+01
 -1.272532E+01  2.019910E+01
 -1.292731E+01  2.019910E+01
 -1.312930E+01  2.019910E+01
 -1.333129E+01  2.019910E+01
 -1.353328E+01  2.019910E+01
 -1.373527E+01  2.019910E+01
 -1.393726E+01  2.019910E+01
 -1.413925E+01  2.019910E+01
 -1.434124E+01  2.019910E+01
 -1.454323E+01  2.019910E+01
 -1.474522E+01  2.019910E+01
 -1.494721E+01  2.019910E+01
 -1.514920E+01  2.019910E+01
 -1.535119E+01  2.019910E+01
 -1.555318E+01  2.019910E+01
 -1.575517E+01  2.019910E+01
 -1.595716E+01  2.019910E+01
 -1.615915E+01  2.019910E+01
 -1.636114E+01  2.019910E+01
 -1.656313E+01  2.019910E+01
 -1.676512E+01  2.019910E+01
 -1.696711E+01  2.019910E+01
 -1.716910E+01  2.019910E+01
 -1.737109E+01  2.019910E+01
 -1.757308E+01  2.019910E+01
 -1.777507E+01  2.019910E+01
 -1.797707E+01  2.019910E+01
 -1.817906E+01  2.019910E+01
 -1.838105E+01  2.019910E+01
 -1.858304E+01  2.019910E+01
 -1.878503E+01  2.019910E+01
 -1.898702E+01  2.019910E+01
 -1.918901E+01  2.019910E+01
 -1.939100E+01  2.019910E+01
 -1.959299E+01  2.019910E+01
 -1.979498E+01  2.019910E+01
 -1.999697E+01  2.019910E+01
 -2.019896E+01  2.019910E+01
 -2.019896E+01  1.999711E+01
 -2.019896E+01  1.979512E+01
 -2.019896E+01  1.959313E+01
 -2.019896E+01  1.939114E+01
 -2.019896E+01  1.918915E+01
 -2.019896E+01  1.898716E+01
 -2.019896E+01  1.878517E+01
 -2.019896E+01  1.858318E+01
 -2.019896E+01  1.838119E+01
 -2.019896E+01  1.817920E+01
 -2.019896E+01  1.797721E+01
 -2.019896E+01  1.777522E+01
 -2.019896E+01  1.757323E+01
 -2.019896E+01  1.737124E+01
 -2.019896E+01  1.716925E+01
 -2.019896E+01  1.696726E+01
 -2.019896E+01  1.676527E+01
 -2.019896E+01  1.656328E+01
 -2.019896E+01  1.636129E+01
 -2.019896E+01  1.615930E+01
 -2.019896E+01  1.595731E+01
 -2.019896E+01  1.575532E+01
 -2.019896E+01  1.555333E+01
 -2.019896E+01  1.535134E+01
 -2.019896E+01  1.514935E+01
 -2.019896E+01  1.494736E+01
 -2.019896E+01  1.474537E+01
 -2.019896E+01  1.454338E+01
 -2.019896E+01  1.434139E+01
 -2.019896E+01  1.413940E+01
 -2.019896E+01  1.393741E+01
 -2.019896E+01  1.373542E+01
 -2.019896E+01  1.353343E+01
 -2.019896E+01  1.333144E+01
 -2.019896E+01  1.312945E+01
 -2.019896E+01  1.292746E+01
 -2.019896E+01  1.272547E+01
 -2.019896E+01  1.252348E+01
 -2.019896E+01  1.232149E+01
 -2.019896E+01  1.211950E+01
 -2.019896E+01  1.191751E+01
 -2.019896E+01  1.171552E+01
 -2.019896E+01  1.151353E+01
 -2.019896E+01  1.131154E+01
 -2.019896E+01  1.110955E+01
 -2.019896E+01  1.090756E+01
 -2.019896E+01  1.070557E+01
 -2.019896E+01  1.050358E+01
 -2.019896E+01  1.030159E+01
 -2.019896E+01  1.009960E+01
 -2.019896E+01  9.897606E+00
 -2.019896E+01  9.695616E+00
 -2.019896E+01  9.493626E+00
 -2.019896E+01  9.291636E+00
 -2.019896E+01  9.089646E+00
 -2.019896E+01  8.887656E+00
 -2.019896E+01  8.685666E+00
 -2.019896E+01  8.483676E+00
 -2.019896E+01  8.281686E+00
 -2.019896E+01  8.079696E+00
 -2.019896E+01  7.877706E+00
 -2.019896E+01  7.675716E+00
 -2.019896E+01  7.473726E+00
 -2.019896E+01  7.271736E+00
 -2.019896E+01  7.069746E+00
 -2.019896E+01  6.867756E+00
 -2.019896E+01  6.665765E+00
 -2.019896E+01  6.463775E+00
 -2.019896E+01  6.261785E+00
 -2.019896E+01  6.059795E+00
 -2.019896E+01  5.857805E+00
 -2.019896E+01  5.655815E+00
 -2.019896E+01  5.453825E+00
 -2.019896E+01  5.251835E+00
 -2.019896E+01  5.049845E+00
 -2.019896E+01  4.847855E+00
 -2.019896E+01  4.645865E+00
 -2.019896E+01  4.443875E+00
 -2.019896E+01  4.241885E+00
 -2.019896E+01  4.039895E+00
 -2.019896E+01  3.837905E+00
 -2.019896E+01  3.635915E+00
 -2.019896E+01  3.433925E+00
 -2.019896E+01  3.231935E+00
 -2.019896E+01  3.029945E+00
 -2.019896E+01  2.827955E+00
 -2.019896E+01  2.625964E+00
 -2.019896E+01  2.423974E+00
 -2.019896E+01  2.221984E+00
 -2.019896E+01  2.019994E+00
 -2.019896E+01  1.818004E+00
 -2.019896E+01  1.616014E+00
 -2.019896E+01  1.414024E+00
 -2.019896E+01  1.212034E+00
 -2.019896E+01  1.010044E+00
 -2.019896E+01  8.080540E-01
 -2.019896E+01  6.060640E-01
 -2.019896E+01  4.040739E-01
 -2.019896E+01  2.020839E-01
 -2.019896E+01  9.382716E-05
 -2.019896E+01 -2.018962E-01
 -2.019896E+01 -4.038863E-01
 -2.019896E+01 -6.058763E-01
 -2.019896E+01 -8.078664E-01
 -2.019896E+01 -1.009856E+00
 -2.019896E+01 -1.211846E+00
 -2.019896E+01 -1.413837E+00
 -2.019896E+01 -1.615827E+00
 -2.019896E+01 -1.817817E+00
 -2.019896E+01 -2.019807E+00
 -2.019896E+01 -2.221797E+00
 -2.019896E+01 -2.423787E+00
 -2.019896E+01 -2.625777E+00
 -2.019896E+01 -2.827767E+00
 -2.019896E+01 -3.029757E+00
 -2.019896E+01 -3.231747E+00
 -2.019896E+01 -3.433737E+00
 -2.019896E+01 -3.635727E+00
 -2.019896E+01 -3.837717E+00
 -2.019896E+01 -4.039707E+00
 -2.019896E+01 -4.241697E+00
 -2.019896E+01 -4.443687E+00
 -2.019896E+01 -4.645677E+00
 -2.019896E+01 -4.847667E+00
 -2.019896E+01 -5.049657E+00
 -2.019896E+01 -5.251647E+00
 -2.019896E+01 -5.453638E+00
 -2.019896E+01 -5.655628E+00
 -2.019896E+01 -5.857618E+00
 -2.019896E+01 -6.059608E+00
 -2.019896E+01 -6.261598E+00
 -2.019896E+01 -6.463588E+00
 -2.019896E+01 -6.665578E+00
 -2.019896E+01 -6.867568E+00
 -2.019896E+01 -7.069558E+00
 -2.019896E+01 -7.271548E+00
 -2.019896E+01 -7.473538E+00
 -2.019896E+01 -7.675528E+00
 -2.019896E+01 -7.877518E+00
 -2.019896E+01 -8.079508E+00
 -2.019896E+01 -8.281498E+00
 -2.019896E+01 -8.483488E+00
 -2.019896E+01 -8.685478E+00
 -2.019896E+01 -8.887468E+00
 -2.019896E+01 -9.089458E+00
 -2.019896E+01 -9.291448E+00
 -2.019896E+01 -9.493439E+00
 -2.019896E+01 -9.695429E+00
 -2.019896E+01 -9.897419E+00
 -2.019896E+01 -1.009941E+01
 -2.019896E+01 -1.030140E+01
 -2.019896E+01 -1.050339E+01
 -2.019896E+01 -1.070538E+01
 -2.019896E+01 -1.090737E+01
 -2.019896E+01 -1.110936E+01
 -2.019896E+01 -1.131135E+01
 -2.019896E+01 -1.151334E+01
 -2.019896E+01 -1.171533E+01
 -2.019896E+01 -1.191732E+01
 -2.019896E+01 -1.211931E+01
 -2.019896E+01 -1.232130E+01
 -2.019896E+01 -1.252329E+01
 -2.019896E+01 -1.272528E+01
 -2.019896E+01 -1.292727E+01
 -2.019896E+01 -1.312926E+01
 -2.019896E+01 -1.333125E+01
 -2.019896E+01 -1.353324E+01
 -2.019896E+01 -1.373523E+01
 -2.019896E+01 -1.393722E+01
 -2.019896E+01 -1.413921E+01
 -2.019896E+01 -1.434120E+01
 -2.019896E+01 -1.454319E+01
 -2.019896E+01 -1.474518E+01
 -2.019896E+01 -1.494717E+01
 -2.019896E+01 -1.514916E+01
 -2.019896E+01 -1.535115E+01
 -2.019896E+01 -1.555314E+01
 -2.019896E+01 -1.575513E+01
 -2.019896E+01 -1.595712E+01
 -2.019896E+01 -1.615911E+01
 -2.019896E+01 -1.636110E+01
 -2.019896E+01 -1.656309E+01
 -2.019896E+01 -1.676508E+01
 -2.019896E+01 -1.696707E+01
 -2.019896E+01 -1.716906E+01
 -2.019896E+01 -1.737105E+01
 -2.019896E+01 -1.757304E+01
 -2.019896E+01 -1.777503E+01
 -2.019896E+01 -1.797702E+01
 -2.019896E+01 -1.817901E+01
 -2.019896E+01 -1.838100E+01
 -2.019896E+01 -1.858299E+01
 -2.019896E+01 -1.878498E+01
 -2.019896E+01 -1.898697E+01
 -2.019896E+01 -1.918896E+01
 -2.019896E+01 -1.939095E+01
 -2.019896E+01 -1.959294E+01
 -2.019896E+01 -1.979493E+01
 -2.019896E+01 -1.999692E+01
 -2.019896E+01 -2.019891E+01

w:105/ x(  -0.1100000E+02) y(  -0.3000000E+01) ix(2) iy(2) s(   0.7000E+00)

h: x ny1,0  y2=[y1](Water),ic[pastelblue]
 -1.000000E+00 -1.000000E+00

hb:   line clip z   cb(pastelblue)
clip:
 -1.600000E+01 -4.890503E+00
 -1.595716E+01 -5.000000E+00
 -1.580483E+01 -5.000000E+00
 -1.575517E+01 -5.000000E+00
 -1.560284E+01 -5.000000E+00
 -1.555318E+01 -5.000000E+00
 -1.540085E+01 -5.000000E+00
 -1.535119E+01 -5.000000E+00
 -1.519886E+01 -5.000000E+00
 -1.514920E+01 -5.000000E+00
 -1.499687E+01 -5.000000E+00
 -1.494721E+01 -5.000000E+00
 -1.479488E+01 -5.000000E+00
 -1.474522E+01 -5.000000E+00
 -1.459289E+01 -5.000000E+00
 -1.454323E+01 -5.000000E+00
 -1.439090E+01 -5.000000E+00
 -1.434124E+01 -5.000000E+00
 -1.418891E+01 -5.000000E+00
 -1.413925E+01 -5.000000E+00
 -1.398692E+01 -5.000000E+00
 -1.393726E+01 -5.000000E+00
 -1.378493E+01 -5.000000E+00
 -1.373527E+01 -5.000000E+00
 -1.358294E+01 -5.000000E+00
 -1.353328E+01 -5.000000E+00
 -1.338095E+01 -5.000000E+00
 -1.333129E+01 -5.000000E+00
 -1.317896E+01 -5.000000E+00
 -1.312930E+01 -5.000000E+00
 -1.297697E+01 -5.000000E+00
 -1.292731E+01 -5.000000E+00
 -1.277498E+01 -5.000000E+00
 -1.272532E+01 -5.000000E+00
 -1.257299E+01 -5.000000E+00
 -1.252333E+01 -5.000000E+00
 -1.237100E+01 -5.000000E+00
 -1.232134E+01 -5.000000E+00
 -1.216901E+01 -5.000000E+00
 -1.211935E+01 -5.000000E+00
 -1.196702E+01 -5.000000E+00
 -1.191736E+01 -5.000000E+00
 -1.176503E+01 -5.000000E+00
 -1.171537E+01 -5.000000E+00
 -1.156304E+01 -5.000000E+00
 -1.151338E+01 -5.000000E+00
 -1.136105E+01 -5.000000E+00
 -1.131139E+01 -5.000000E+00
 -1.115906E+01 -5.000000E+00
 -1.110940E+01 -5.000000E+00
 -1.095707E+01 -5.000000E+00
 -1.090741E+01 -5.000000E+00
 -1.075508E+01 -5.000000E+00
 -1.070542E+01 -5.000000E+00
 -1.055309E+01 -5.000000E+00
 -1.050343E+01 -5.000000E+00
 -1.035110E+01 -5.000000E+00
 -1.030144E+01 -5.000000E+00
 -1.014911E+01 -5.000000E+00
 -1.009945E+01 -5.000000E+00
 -9.947120E+00 -5.000000E+00
 -9.897463E+00 -5.000000E+00
 -9.745130E+00 -5.000000E+00
 -9.695473E+00 -5.000000E+00
 -9.543140E+00 -5.000000E+00
 -9.493483E+00 -5.000000E+00
 -9.341150E+00 -5.000000E+00
 -9.291493E+00 -5.000000E+00
 -9.139160E+00 -5.000000E+00
 -9.089503E+00 -5.000000E+00
 -8.937170E+00 -5.000000E+00
 -8.887513E+00 -5.000000E+00
 -8.735180E+00 -5.000000E+00
 -8.685523E+00 -5.000000E+00
 -8.533190E+00 -5.000000E+00
 -8.483533E+00 -5.000000E+00
 -8.331200E+00 -5.000000E+00
 -8.281543E+00 -5.000000E+00
 -8.129210E+00 -5.000000E+00
 -8.079553E+00 -5.000000E+00
 -7.927220E+00 -5.000000E+00
 -7.877563E+00 -5.000000E+00
 -7.725230E+00 -5.000000E+00
 -7.675573E+00 -5.000000E+00
 -7.523240E+00 -5.000000E+00
 -7.473582E+00 -5.000000E+00
 -7.321250E+00 -5.000000E+00
 -7.271592E+00 -5.000000E+00
 -7.119260E+00 -5.000000E+00
 -7.069602E+00 -5.000000E+00
 -6.917270E+00 -5.000000E+00
 -6.867612E+00 -5.000000E+00
 -6.715280E+00 -5.000000E+00
 -6.665622E+00 -5.000000E+00
 -6.513290E+00 -5.000000E+00
 -6.463632E+00 -5.000000E+00
 -6.311300E+00 -5.000000E+00
 -6.261642E+00 -5.000000E+00
 -6.109310E+00 -5.000000E+00
 -6.059652E+00 -5.000000E+00
 -6.000000E+00 -4.907319E+00
 -6.000000E+00 -4.847667E+00
 -6.000000E+00 -4.788015E+00
 -6.000000E+00 -4.645677E+00
 -6.000000E+00 -4.586025E+00
 -6.000000E+00 -4.443687E+00
 -6.000000E+00 -4.384035E+00
 -6.000000E+00 -4.241697E+00
 -6.000000E+00 -4.182045E+00
 -6.000000E+00 -4.039707E+00
 -6.000000E+00 -3.980055E+00
 -6.000000E+00 -3.837717E+00
 -6.000000E+00 -3.778065E+00
 -6.000000E+00 -3.635727E+00
 -6.000000E+00 -3.576075E+00
 -6.000000E+00 -3.433737E+00
 -6.000000E+00 -3.374085E+00
 -6.000000E+00 -3.231747E+00
 -6.000000E+00 -3.172095E+00
 -6.000000E+00 -3.029757E+00
 -6.000000E+00 -2.970105E+00
 -6.000000E+00 -2.827767E+00
 -6.000000E+00 -2.768115E+00
 -6.000000E+00 -2.625777E+00
 -6.000000E+00 -2.566125E+00
 -6.000000E+00 -2.423787E+00
 -6.000000E+00 -2.364135E+00
 -6.000000E+00 -2.221797E+00
 -6.000000E+00 -2.162145E+00
 -6.000000E+00 -2.019807E+00
 -6.000000E+00 -1.960155E+00
 -6.000000E+00 -1.817817E+00
 -6.000000E+00 -1.758165E+00
 -6.000000E+00 -1.615827E+00
 -6.000000E+00 -1.556174E+00
 -6.000000E+00 -1.413837E+00
 -6.000000E+00 -1.354184E+00
 -6.000000E+00 -1.211846E+00
 -6.000000E+00 -1.152194E+00
 -6.000000E+00 -1.009856E+00
 -6.049796E+00 -1.000000E+00
 -6.059652E+00 -1.000000E+00
 -6.069509E+00 -1.000000E+00
 -6.261642E+00 -1.000000E+00
 -6.271499E+00 -1.000000E+00
 -6.463632E+00 -1.000000E+00
 -6.473489E+00 -1.000000E+00
 -6.665622E+00 -1.000000E+00
 -6.675479E+00 -1.000000E+00
 -6.867612E+00 -1.000000E+00
 -6.877469E+00 -1.000000E+00
 -7.069602E+00 -1.000000E+00
 -7.079459E+00 -1.000000E+00
 -7.271592E+00 -1.000000E+00
 -7.281449E+00 -1.000000E+00
 -7.473582E+00 -1.000000E+00
 -7.483439E+00 -1.000000E+00
 -7.675573E+00 -1.000000E+00
 -7.685429E+00 -1.000000E+00
 -7.877563E+00 -1.000000E+00
 -7.887419E+00 -1.000000E+00
 -8.079553E+00 -1.000000E+00
 -8.089409E+00 -1.000000E+00
 -8.281543E+00 -1.000000E+00
 -8.291399E+00 -1.000000E+00
 -8.483533E+00 -1.000000E+00
 -8.493389E+00 -1.000000E+00
 -8.685523E+00 -1.000000E+00
 -8.695379E+00 -1.000000E+00
 -8.887513E+00 -1.000000E+00
 -8.897369E+00 -1.000000E+00
 -9.089503E+00 -1.000000E+00
 -9.099359E+00 -1.000000E+00
 -9.291493E+00 -1.000000E+00
 -9.301349E+00 -1.000000E+00
 -9.493483E+00 -1.000000E+00
 -9.503339E+00 -1.000000E+00
 -9.695473E+00 -1.000000E+00
 -9.705329E+00 -1.000000E+00
 -9.897463E+00 -1.000000E+00
 -9.907319E+00 -1.000000E+00
 -1.009945E+01 -1.000000E+00
 -1.010931E+01 -1.000000E+00
 -1.030144E+01 -1.000000E+00
 -1.031130E+01 -1.000000E+00
 -1.050343E+01 -1.000000E+00
 -1.051329E+01 -1.000000E+00
 -1.070542E+01 -1.000000E+00
 -1.071528E+01 -1.000000E+00
 -1.090741E+01 -1.000000E+00
 -1.091727E+01 -1.000000E+00
 -1.110940E+01 -1.000000E+00
 -1.111926E+01 -1.000000E+00
 -1.131139E+01 -1.000000E+00
 -1.132125E+01 -1.000000E+00
 -1.151338E+01 -1.000000E+00
 -1.152324E+01 -1.000000E+00
 -1.171537E+01 -1.000000E+00
 -1.172523E+01 -1.000000E+00
 -1.191736E+01 -1.000000E+00
 -1.192722E+01 -1.000000E+00
 -1.211935E+01 -1.000000E+00
 -1.212921E+01 -1.000000E+00
 -1.232134E+01 -1.000000E+00
 -1.233120E+01 -1.000000E+00
 -1.252333E+01 -1.000000E+00
 -1.253319E+01 -1.000000E+00
 -1.272532E+01 -1.000000E+00
 -1.273518E+01 -1.000000E+00
 -1.292731E+01 -1.000000E+00
 -1.293717E+01 -1.000000E+00
 -1.312930E+01 -1.000000E+00
 -1.313916E+01 -1.000000E+00
 -1.333129E+01 -1.000000E+00
 -1.334115E+01 -1.000000E+00
 -1.353328E+01 -1.000000E+00
 -1.354314E+01 -1.000000E+00
 -1.373527E+01 -1.000000E+00
 -1.374513E+01 -1.000000E+00
 -1.393726E+01 -1.000000E+00
 -1.394712E+01 -1.000000E+00
 -1.413925E+01 -1.000000E+00
 -1.414911E+01 -1.000000E+00
 -1.434124E+01 -1.000000E+00
 -1.435110E+01 -1.000000E+00
 -1.454323E+01 -1.000000E+00
 -1.455309E+01 -1.000000E+00
 -1.474522E+01 -1.000000E+00
 -1.475508E+01 -1.000000E+00
 -1.494721E+01 -1.000000E+00
 -1.495707E+01 -1.000000E+00
 -1.514920E+01 -1.000000E+00
 -1.515906E+01 -1.000000E+00
 -1.535119E+01 -1.000000E+00
 -1.536105E+01 -1.000000E+00
 -1.555318E+01 -1.000000E+00
 -1.556304E+01 -1.000000E+00
 -1.575517E+01 -1.000000E+00
 -1.576503E+01 -1.000000E+00
 -1.595716E+01 -1.000000E+00
 -1.596702E+01 -1.000000E+00
 -1.600000E+01 -1.052692E+00
 -1.600000E+01 -1.211846E+00
 -1.600000E+01 -4.847667E+00

w:102/ x(  -0.4597244E+00) y(  -0.3000000E+01) ix(2) iy(2) s(   0.7000E+00)

hb:   line clip z   cb(pastelblue)
clip:
 -1.214484E+00 -4.850261E+00
 -1.207572E+00 -4.851986E+00
 -1.009901E+00 -4.896948E+00
 -9.483237E-01 -4.909245E+00
 -8.079108E-01 -4.934296E+00
 -7.056183E-01 -4.949960E+00
 -6.059208E-01 -4.963150E+00
 -4.763288E-01 -4.977259E+00
 -4.039307E-01 -4.983657E+00
 -2.582730E-01 -4.993325E+00
 -2.019407E-01 -4.995920E+00
 -4.985661E-02 -4.999751E+00
  4.938271E-05 -5.000000E+00
  1.501277E-01 -4.997746E+00
  2.020394E-01 -4.995916E+00
  3.426194E-01 -4.988247E+00
  4.040295E-01 -4.983649E+00
  5.283666E-01 -4.972004E+00
  6.060195E-01 -4.963138E+00
  7.079755E-01 -4.949623E+00
  8.080096E-01 -4.934280E+00
  8.819449E-01 -4.921603E+00
  1.010000E+00 -4.896928E+00
  1.050691E+00 -4.888359E+00
  1.211990E+00 -4.850885E+00
  1.224794E+00 -4.847667E+00
  1.413980E+00 -4.795900E+00
  1.528834E+00 -4.760532E+00
  1.615970E+00 -4.731664E+00
  1.679707E+00 -4.709414E+00
  1.817960E+00 -4.657792E+00
  1.848697E+00 -4.645677E+00
  2.019950E+00 -4.573817E+00
  2.109483E+00 -4.533220E+00
  2.221940E+00 -4.479172E+00
  2.292083E+00 -4.443687E+00
  2.423930E+00 -4.373164E+00
  2.507830E+00 -4.325597E+00
  2.625920E+00 -4.254943E+00
  2.647264E+00 -4.241697E+00
  2.827910E+00 -4.123460E+00
  2.877331E+00 -4.089128E+00
  2.946314E+00 -4.039707E+00
  3.029900E+00 -3.977399E+00
  3.108478E+00 -3.916295E+00
  3.204985E+00 -3.837717E+00
  3.231890E+00 -3.815087E+00
  3.327845E+00 -3.731682E+00
  3.432417E+00 -3.635727E+00
  3.535606E+00 -3.535462E+00
  3.635870E+00 -3.432266E+00
  3.815208E+00 -3.231747E+00
  3.916422E+00 -3.108318E+00
  3.977508E+00 -3.029757E+00
  3.943905E+00 -2.923712E+00
  3.876442E+00 -2.827767E+00
  3.837860E+00 -2.770667E+00
  3.744968E+00 -2.625777E+00
  3.703794E+00 -2.557853E+00
  3.635870E+00 -2.440158E+00
  3.559471E+00 -2.298196E+00
  3.492267E+00 -2.163410E+00
  3.426120E+00 -2.019807E+00
  3.342153E+00 -1.817817E+00
  3.268287E+00 -1.615827E+00
  3.231890E+00 -1.505034E+00
  3.166014E+00 -1.277723E+00
  3.126064E+00 -1.115683E+00
  3.103043E+00 -1.009856E+00
  3.039757E+00 -1.000000E+00
 -4.857568E+00 -1.000000E+00
 -4.896957E+00 -1.009856E+00
 -4.888392E+00 -1.050536E+00
 -4.850920E+00 -1.211846E+00
 -4.850278E+00 -1.214413E+00
 -4.847712E+00 -1.224618E+00
 -4.795943E+00 -1.413837E+00
 -4.760578E+00 -1.528692E+00
 -4.731713E+00 -1.615827E+00
 -4.709464E+00 -1.679569E+00
 -4.657847E+00 -1.817817E+00
 -4.654437E+00 -1.826532E+00
 -4.645722E+00 -1.848586E+00
 -4.573880E+00 -2.019807E+00
 -4.533280E+00 -2.109355E+00
 -4.479243E+00 -2.221797E+00
 -4.467417E+00 -2.245482E+00
 -4.443732E+00 -2.291997E+00
 -4.373243E+00 -2.423787E+00
 -4.325666E+00 -2.507711E+00
 -4.255032E+00 -2.625777E+00
 -4.249953E+00 -2.633989E+00
 -4.241742E+00 -2.647192E+00
 -4.123558E+00 -2.827767E+00
 -4.089205E+00 -2.877221E+00
 -4.039752E+00 -2.946253E+00
 -3.977508E+00 -3.029757E+00
 -3.916378E+00 -3.108373E+00
 -3.837762E+00 -3.204932E+00
 -3.815208E+00 -3.231747E+00
 -3.731770E+00 -3.327746E+00
 -3.635772E+00 -3.432370E+00
 -3.634481E+00 -3.433737E+00
 -3.535556E+00 -3.535512E+00
 -3.433781E+00 -3.634439E+00
 -3.432417E+00 -3.635727E+00
 -3.327793E+00 -3.731728E+00
 -3.231791E+00 -3.815170E+00
 -3.204985E+00 -3.837717E+00
 -3.108423E+00 -3.916339E+00
 -3.029801E+00 -3.977475E+00
 -2.946314E+00 -4.039707E+00
 -2.877273E+00 -4.089169E+00
 -2.827811E+00 -4.123528E+00
 -2.647264E+00 -4.241697E+00
 -2.634043E+00 -4.249919E+00
 -2.625821E+00 -4.255004E+00
 -2.591561E+00 -4.275957E+00
 -2.423831E+00 -4.373219E+00
 -2.292083E+00 -4.443687E+00
 -2.245541E+00 -4.467387E+00
 -2.221841E+00 -4.479221E+00
 -2.152644E+00 -4.512884E+00
 -2.019851E+00 -4.573861E+00
 -1.848697E+00 -4.645677E+00
 -1.826596E+00 -4.654412E+00
 -1.817861E+00 -4.657830E+00
 -1.798009E+00 -4.665529E+00
 -1.615871E+00 -4.731697E+00
 -1.488138E+00 -4.773410E+00
 -1.413881E+00 -4.795930E+00
 -1.224794E+00 -4.847667E+00

w:103/ x(   0.8450640E+01) y(  -0.2999955E+01) ix(2) iy(2) s(   0.7000E+00)

hb:   line clip z   cb(pastelblue)
clip:
  6.849535E+00 -4.865843E+00
  6.896826E+00 -4.876783E+00
  7.069701E+00 -4.912692E+00
  7.149098E+00 -4.927065E+00
  7.271691E+00 -4.946672E+00
  7.386207E+00 -4.962183E+00
  7.473681E+00 -4.972222E+00
  7.610847E+00 -4.984833E+00
  7.675671E+00 -4.989470E+00
  7.824938E+00 -4.996934E+00
  7.877661E+00 -4.998503E+00
  8.029905E+00 -4.999911E+00
  8.079651E+00 -4.999366E+00
  8.226836E+00 -4.994852E+00
  8.281641E+00 -4.992062E+00
  8.416589E+00 -4.982615E+00
  8.483631E+00 -4.976555E+00
  8.599852E+00 -4.963887E+00
  8.685622E+00 -4.952769E+00
  8.777183E+00 -4.939229E+00
  8.887612E+00 -4.920584E+00
  8.949049E+00 -4.909104E+00
  9.089602E+00 -4.879833E+00
  9.224794E+00 -4.847667E+00
  9.435436E+00 -4.789522E+00
  9.588770E+00 -4.740866E+00
  9.738080E+00 -4.688185E+00
  9.897562E+00 -4.625933E+00
  1.009955E+01 -4.537828E+00
  1.029208E+01 -4.443687E+00
  1.042977E+01 -4.369923E+00
  1.055797E+01 -4.296136E+00
  1.070552E+01 -4.204777E+00
  1.090751E+01 -4.067723E+00
  1.094631E+01 -4.039707E+00
  1.110950E+01 -3.915482E+00
  1.115263E+01 -3.880843E+00
  1.120498E+01 -3.837717E+00
  1.131149E+01 -3.746201E+00
  1.136970E+01 -3.693933E+00
  1.143242E+01 -3.635727E+00
  1.151348E+01 -3.557449E+00
  1.157518E+01 -3.495436E+00
  1.163448E+01 -3.433737E+00
  1.171547E+01 -3.345933E+00
  1.176911E+01 -3.285389E+00
  1.181521E+01 -3.231747E+00
  1.191746E+01 -3.107006E+00
  1.195142E+01 -3.063710E+00
  1.211945E+01 -2.833745E+00
  1.213242E+01 -2.814795E+00
  1.225503E+01 -2.625777E+00
  1.232144E+01 -2.514982E+00
  1.235466E+01 -2.457009E+00
  1.237324E+01 -2.423787E+00
  1.243350E+01 -2.311733E+00
  1.247924E+01 -2.221797E+00
  1.252343E+01 -2.130389E+00
  1.255832E+01 -2.054690E+00
  1.257388E+01 -2.019807E+00
  1.261196E+01 -1.931282E+00
  1.265785E+01 -1.817817E+00
  1.272542E+01 -1.634130E+00
  1.273496E+01 -1.606291E+00
  1.279594E+01 -1.413837E+00
  1.282387E+01 -1.315385E+00
  1.285092E+01 -1.211846E+00
  1.288885E+01 -1.048424E+00
  1.289696E+01 -1.009856E+00
  1.273528E+01 -1.000000E+00
  1.272542E+01 -1.000000E+00
  1.271557E+01 -1.000000E+00
  1.252343E+01 -1.000000E+00
  1.251358E+01 -1.000000E+00
  1.232144E+01 -1.000000E+00
  1.231159E+01 -1.000000E+00
  1.211945E+01 -1.000000E+00
  1.210960E+01 -1.000000E+00
  1.191746E+01 -1.000000E+00
  1.190761E+01 -1.000000E+00
  1.171547E+01 -1.000000E+00
  1.170562E+01 -1.000000E+00
  1.151348E+01 -1.000000E+00
  1.150363E+01 -1.000000E+00
  1.131149E+01 -1.000000E+00
  1.130164E+01 -1.000000E+00
  1.110950E+01 -1.000000E+00
  1.109965E+01 -1.000000E+00
  1.090751E+01 -1.000000E+00
  1.089766E+01 -1.000000E+00
  1.070552E+01 -1.000000E+00
  1.069567E+01 -1.000000E+00
  1.050353E+01 -1.000000E+00
  1.049368E+01 -1.000000E+00
  1.030154E+01 -1.000000E+00
  1.029169E+01 -1.000000E+00
  1.009955E+01 -1.000000E+00
  1.008970E+01 -1.000000E+00
  9.897562E+00 -1.000000E+00
  9.887705E+00 -1.000000E+00
  9.695572E+00 -1.000000E+00
  9.685715E+00 -1.000000E+00
  9.493582E+00 -1.000000E+00
  9.483725E+00 -1.000000E+00
  9.291592E+00 -1.000000E+00
  9.281735E+00 -1.000000E+00
  9.089602E+00 -1.000000E+00
  9.079745E+00 -1.000000E+00
  8.887612E+00 -1.000000E+00
  8.877755E+00 -1.000000E+00
  8.685622E+00 -1.000000E+00
  8.675765E+00 -1.000000E+00
  8.483631E+00 -1.000000E+00
  8.473775E+00 -1.000000E+00
  8.281641E+00 -1.000000E+00
  8.271785E+00 -1.000000E+00
  8.079651E+00 -1.000000E+00
  8.069795E+00 -1.000000E+00
  7.877661E+00 -1.000000E+00
  7.867805E+00 -1.000000E+00
  7.675671E+00 -1.000000E+00
  7.665815E+00 -1.000000E+00
  7.473681E+00 -1.000000E+00
  7.463825E+00 -1.000000E+00
  7.271691E+00 -1.000000E+00
  7.261835E+00 -1.000000E+00
  7.069701E+00 -1.000000E+00
  7.059845E+00 -1.000000E+00
  6.867711E+00 -1.000000E+00
  6.857855E+00 -1.000000E+00
  6.665721E+00 -1.000000E+00
  6.655865E+00 -1.000000E+00
  6.463731E+00 -1.000000E+00
  6.453875E+00 -1.000000E+00
  6.261741E+00 -1.000000E+00
  6.251885E+00 -1.000000E+00
  6.059751E+00 -1.000000E+00
  6.049894E+00 -1.000000E+00
  5.857761E+00 -1.000000E+00
  5.847904E+00 -1.000000E+00
  5.655771E+00 -1.000000E+00
  5.645914E+00 -1.000000E+00
  5.453781E+00 -1.000000E+00
  5.443924E+00 -1.000000E+00
  5.251791E+00 -1.000000E+00
  5.241934E+00 -1.000000E+00
  5.049801E+00 -1.000000E+00
  5.039944E+00 -1.000000E+00
  4.896957E+00 -1.009856E+00
  4.851953E+00 -1.207704E+00
  4.850920E+00 -1.211846E+00
  4.847811E+00 -1.224227E+00
  4.807611E+00 -1.373637E+00
  4.795943E+00 -1.413837E+00
  4.773365E+00 -1.488282E+00
  4.731713E+00 -1.615827E+00
  4.665467E+00 -1.798170E+00
  4.657847E+00 -1.817817E+00
  4.645821E+00 -1.848338E+00
  4.595691E+00 -1.969677E+00
  4.573880E+00 -2.019807E+00
  4.512794E+00 -2.152833E+00
  4.479243E+00 -2.221797E+00
  4.443830E+00 -2.291805E+00
  4.398215E+00 -2.378172E+00
  4.373243E+00 -2.423787E+00
  4.275805E+00 -2.591812E+00
  4.255032E+00 -2.625777E+00
  4.241840E+00 -2.647034E+00
  4.171153E+00 -2.757079E+00
  4.123558E+00 -2.827767E+00
  4.039850E+00 -2.946118E+00
  4.004322E+00 -2.994229E+00
  4.022492E+00 -3.029757E+00
  4.030008E+00 -3.039599E+00
  4.039850E+00 -3.052411E+00
  4.184792E+00 -3.231747E+00
  4.211071E+00 -3.262517E+00
  4.241840E+00 -3.297914E+00
  4.365519E+00 -3.433737E+00
  4.403780E+00 -3.473788E+00
  4.443830E+00 -3.514777E+00
  4.567583E+00 -3.635727E+00
  4.608044E+00 -3.673504E+00
  4.645821E+00 -3.708029E+00
  4.795015E+00 -3.837717E+00
  4.823884E+00 -3.861643E+00
  4.847811E+00 -3.881199E+00
  5.039183E+00 -4.029090E+00
  5.049801E+00 -4.036871E+00
  5.053686E+00 -4.039707E+00
  5.169687E+00 -4.121811E+00
  5.251791E+00 -4.177002E+00
  5.352736E+00 -4.241697E+00
  5.415344E+00 -4.280134E+00
  5.453781E+00 -4.303111E+00
  5.596520E+00 -4.384437E+00
  5.655771E+00 -4.416400E+00
  5.707917E+00 -4.443687E+00
  5.807696E+00 -4.493752E+00
  5.857761E+00 -4.517833E+00
  5.994046E+00 -4.579973E+00
  6.059751E+00 -4.608192E+00
  6.151303E+00 -4.645677E+00
  6.230864E+00 -4.676554E+00
  6.261741E+00 -4.688119E+00
  6.328341E+00 -4.712277E+00
  6.463731E+00 -4.758138E+00
  6.625385E+00 -4.807331E+00
  6.665721E+00 -4.818682E+00
  6.775206E+00 -4.847667E+00

w:104/ x(   0.4000000E+01) y(  -0.1973059E+01) ix(2) iy(2) s(   0.7000E+00)

hb:   line clip z   cb(pastelblue)
clip:
  3.943905E+00 -2.923712E+00
  4.039850E+00 -2.946118E+00
  4.089246E+00 -2.877163E+00
  4.123558E+00 -2.827767E+00
  4.241840E+00 -2.647034E+00
  4.275805E+00 -2.591812E+00
  4.373243E+00 -2.423787E+00
  4.443830E+00 -2.291805E+00
  4.479243E+00 -2.221797E+00
  4.573880E+00 -2.019807E+00
  4.654465E+00 -1.826461E+00
  4.665467E+00 -1.798170E+00
  4.731713E+00 -1.615827E+00
  4.773365E+00 -1.488282E+00
  4.795943E+00 -1.413837E+00
  4.847811E+00 -1.224227E+00
  4.851953E+00 -1.207704E+00
  4.896957E+00 -1.009856E+00
  4.857667E+00 -1.000000E+00
  4.847811E+00 -1.000000E+00
  4.837954E+00 -1.000000E+00
  4.645821E+00 -1.000000E+00
  4.635964E+00 -1.000000E+00
  4.443830E+00 -1.000000E+00
  4.433974E+00 -1.000000E+00
  4.241840E+00 -1.000000E+00
  4.231984E+00 -1.000000E+00
  4.039850E+00 -1.000000E+00
  4.029994E+00 -1.000000E+00
  3.837860E+00 -1.000000E+00
  3.828004E+00 -1.000000E+00
  3.635870E+00 -1.000000E+00
  3.626014E+00 -1.000000E+00
  3.433880E+00 -1.000000E+00
  3.424024E+00 -1.000000E+00
  3.231890E+00 -1.000000E+00
  3.222034E+00 -1.000000E+00
  3.103043E+00 -1.009856E+00
  3.126064E+00 -1.115683E+00
  3.149080E+00 -1.211846E+00
  3.166014E+00 -1.277723E+00
  3.204057E+00 -1.413837E+00
  3.210435E+00 -1.435292E+00
  3.231890E+00 -1.505034E+00
  3.268287E+00 -1.615827E+00
  3.311764E+00 -1.737943E+00
  3.342153E+00 -1.817817E+00
  3.368287E+00 -1.883410E+00
  3.426120E+00 -2.019807E+00
  3.428500E+00 -2.025187E+00
  3.433880E+00 -2.037290E+00
  3.520757E+00 -2.221797E+00
  3.559471E+00 -2.298196E+00
  3.626757E+00 -2.423787E+00
  3.630010E+00 -2.429647E+00
  3.635870E+00 -2.440158E+00
  3.744968E+00 -2.625777E+00
  3.780747E+00 -2.682890E+00
  3.837860E+00 -2.770667E+00
  3.876442E+00 -2.827767E+00

w:106/ x(   0.0000000E+00) y(   0.0000000E+00) ix(2) iy(2) s(   0.7000E+00)

h: x ny1,0  y2=[y1](Copper),ic[darkred]
 -1.000000E+00 -1.000000E+00

hb:   line clip z   cb(darkred)
clip:
 -1.900000E+01 -8.208511E-01
 -1.898702E+01 -1.000000E+00
 -1.879488E+01 -1.000000E+00
  1.898711E+01 -1.000000E+00
  1.900000E+01 -8.207523E-01
  1.900000E+01 -8.078664E-01
  1.900000E+01 -7.949804E-01
  1.900000E+01 -6.058763E-01
  1.900000E+01 -5.929904E-01
  1.900000E+01 -4.038863E-01
  1.900000E+01 -3.910003E-01
  1.900000E+01 -2.018962E-01
  1.900000E+01 -1.890103E-01
  1.900000E+01  9.382716E-05
  1.900000E+01  1.297977E-02
  1.900000E+01  2.020839E-01
  1.900000E+01  2.149698E-01
  1.900000E+01  4.040739E-01
  1.900000E+01  4.169599E-01
  1.900000E+01  6.060640E-01
  1.900000E+01  6.189499E-01
  1.900000E+01  8.080540E-01
  1.900000E+01  8.209400E-01
  1.898711E+01  1.000000E+00
  1.879517E+01  1.000000E+00
  1.878512E+01  1.000000E+00
  1.859318E+01  1.000000E+00
  1.858313E+01  1.000000E+00
  1.839119E+01  1.000000E+00
  1.838114E+01  1.000000E+00
  1.818920E+01  1.000000E+00
  1.817915E+01  1.000000E+00
  1.798721E+01  1.000000E+00
  1.797716E+01  1.000000E+00
  1.778522E+01  1.000000E+00
  1.777517E+01  1.000000E+00
  1.758323E+01  1.000000E+00
  1.757318E+01  1.000000E+00
  1.738124E+01  1.000000E+00
  1.737119E+01  1.000000E+00
  1.717925E+01  1.000000E+00
  1.716920E+01  1.000000E+00
  1.697726E+01  1.000000E+00
  1.696721E+01  1.000000E+00
  1.677527E+01  1.000000E+00
  1.676522E+01  1.000000E+00
  1.657328E+01  1.000000E+00
  1.656323E+01  1.000000E+00
  1.637129E+01  1.000000E+00
  1.636124E+01  1.000000E+00
  1.616930E+01  1.000000E+00
  1.615925E+01  1.000000E+00
  1.596731E+01  1.000000E+00
  1.595726E+01  1.000000E+00
  1.576532E+01  1.000000E+00
  1.575527E+01  1.000000E+00
  1.556333E+01  1.000000E+00
  1.555328E+01  1.000000E+00
  1.536134E+01  1.000000E+00
  1.535129E+01  1.000000E+00
  1.515935E+01  1.000000E+00
  1.514930E+01  1.000000E+00
  1.495736E+01  1.000000E+00
  1.494731E+01  1.000000E+00
  1.475537E+01  1.000000E+00
  1.474532E+01  1.000000E+00
  1.455338E+01  1.000000E+00
  1.454333E+01  1.000000E+00
  1.435139E+01  1.000000E+00
  1.434134E+01  1.000000E+00
  1.414940E+01  1.000000E+00
  1.413935E+01  1.000000E+00
  1.394741E+01  1.000000E+00
  1.393736E+01  1.000000E+00
  1.374542E+01  1.000000E+00
  1.373537E+01  1.000000E+00
  1.354343E+01  1.000000E+00
  1.353338E+01  1.000000E+00
  1.334144E+01  1.000000E+00
  1.333139E+01  1.000000E+00
  1.313945E+01  1.000000E+00
  1.312940E+01  1.000000E+00
  1.293746E+01  1.000000E+00
  1.292741E+01  1.000000E+00
  1.273547E+01  1.000000E+00
  1.272542E+01  1.000000E+00
  1.253348E+01  1.000000E+00
  1.252343E+01  1.000000E+00
  1.233149E+01  1.000000E+00
  1.232144E+01  1.000000E+00
  1.212950E+01  1.000000E+00
  1.211945E+01  1.000000E+00
  1.192751E+01  1.000000E+00
  1.191746E+01  1.000000E+00
  1.172552E+01  1.000000E+00
  1.171547E+01  1.000000E+00
  1.152353E+01  1.000000E+00
  1.151348E+01  1.000000E+00
  1.132154E+01  1.000000E+00
  1.131149E+01  1.000000E+00
  1.111955E+01  1.000000E+00
  1.110950E+01  1.000000E+00
  1.091756E+01  1.000000E+00
  1.090751E+01  1.000000E+00
  1.071557E+01  1.000000E+00
  1.070552E+01  1.000000E+00
  1.051358E+01  1.000000E+00
  1.050353E+01  1.000000E+00
  1.031159E+01  1.000000E+00
  1.030154E+01  1.000000E+00
  1.010960E+01  1.000000E+00
  1.009955E+01  1.000000E+00
  9.907606E+00  1.000000E+00
  9.897562E+00  1.000000E+00
  9.705616E+00  1.000000E+00
  9.695572E+00  1.000000E+00
  9.503626E+00  1.000000E+00
  9.493582E+00  1.000000E+00
  9.301636E+00  1.000000E+00
  9.291592E+00  1.000000E+00
  9.099646E+00  1.000000E+00
  9.089602E+00  1.000000E+00
  8.897656E+00  1.000000E+00
  8.887612E+00  1.000000E+00
  8.695666E+00  1.000000E+00
  8.685622E+00  1.000000E+00
  8.493676E+00  1.000000E+00
  8.483631E+00  1.000000E+00
  8.291685E+00  1.000000E+00
  8.281641E+00  1.000000E+00
  8.089695E+00  1.000000E+00
  8.079651E+00  1.000000E+00
  7.887705E+00  1.000000E+00
  7.877661E+00  1.000000E+00
  7.685715E+00  1.000000E+00
  7.675671E+00  1.000000E+00
  7.483725E+00  1.000000E+00
  7.473681E+00  1.000000E+00
  7.281735E+00  1.000000E+00
  7.271691E+00  1.000000E+00
  7.079745E+00  1.000000E+00
  7.069701E+00  1.000000E+00
  6.877755E+00  1.000000E+00
  6.867711E+00  1.000000E+00
  6.675765E+00  1.000000E+00
  6.665721E+00  1.000000E+00
  6.473775E+00  1.000000E+00
  6.463731E+00  1.000000E+00
  6.271785E+00  1.000000E+00
  6.261741E+00  1.000000E+00
  6.069795E+00  1.000000E+00
  6.059751E+00  1.000000E+00
  5.867805E+00  1.000000E+00
  5.857761E+00  1.000000E+00
  5.665815E+00  1.000000E+00
  5.655771E+00  1.000000E+00
  5.463825E+00  1.000000E+00
  5.453781E+00  1.000000E+00
  5.261835E+00  1.000000E+00
  5.251791E+00  1.000000E+00
  5.059845E+00  1.000000E+00
  5.049801E+00  1.000000E+00
  4.857855E+00  1.000000E+00
  4.847811E+00  1.000000E+00
  4.655865E+00  1.000000E+00
  4.645821E+00  1.000000E+00
  4.453875E+00  1.000000E+00
  4.443830E+00  1.000000E+00
  4.251885E+00  1.000000E+00
  4.241840E+00  1.000000E+00
  4.049894E+00  1.000000E+00
  4.039850E+00  1.000000E+00
  3.847904E+00  1.000000E+00
  3.837860E+00  1.000000E+00
  3.645914E+00  1.000000E+00
  3.635870E+00  1.000000E+00
  3.443924E+00  1.000000E+00
  3.433880E+00  1.000000E+00
  3.241934E+00  1.000000E+00
  3.231890E+00  1.000000E+00
  3.039944E+00  1.000000E+00
  3.029900E+00  1.000000E+00
  2.837954E+00  1.000000E+00
  2.827910E+00  1.000000E+00
  2.635964E+00  1.000000E+00
  2.625920E+00  1.000000E+00
  2.433974E+00  1.000000E+00
  2.423930E+00  1.000000E+00
  2.231984E+00  1.000000E+00
  2.221940E+00  1.000000E+00
  2.029994E+00  1.000000E+00
  2.019950E+00  1.000000E+00
  1.828004E+00  1.000000E+00
  1.817960E+00  1.000000E+00
  1.626014E+00  1.000000E+00
  1.615970E+00  1.000000E+00
  1.424024E+00  1.000000E+00
  1.413980E+00  1.000000E+00
  1.222034E+00  1.000000E+00
  1.211990E+00  1.000000E+00
  1.020044E+00  1.000000E+00
  1.010000E+00  1.000000E+00
  8.180537E-01  1.000000E+00
  8.080096E-01  1.000000E+00
  6.160636E-01  1.000000E+00
  6.060195E-01  1.000000E+00
  4.140736E-01  1.000000E+00
  4.040295E-01  1.000000E+00
  2.120835E-01  1.000000E+00
  2.020394E-01  1.000000E+00
  1.009346E-02  1.000000E+00
  4.938271E-05  1.000000E+00
 -1.918966E-01  1.000000E+00
 -2.019407E-01  1.000000E+00
 -3.938866E-01  1.000000E+00
 -4.039307E-01  1.000000E+00
 -5.958767E-01  1.000000E+00
 -6.059208E-01  1.000000E+00
 -7.978667E-01  1.000000E+00
 -8.079108E-01  1.000000E+00
 -9.998568E-01  1.000000E+00
 -1.009901E+00  1.000000E+00
 -1.201847E+00  1.000000E+00
 -1.211891E+00  1.000000E+00
 -1.403837E+00  1.000000E+00
 -1.413881E+00  1.000000E+00
 -1.605827E+00  1.000000E+00
 -1.615871E+00  1.000000E+00
 -1.807817E+00  1.000000E+00
 -1.817861E+00  1.000000E+00
 -2.009807E+00  1.000000E+00
 -2.019851E+00  1.000000E+00
 -2.211797E+00  1.000000E+00
 -2.221841E+00  1.000000E+00
 -2.413787E+00  1.000000E+00
 -2.423831E+00  1.000000E+00
 -2.615777E+00  1.000000E+00
 -2.625821E+00  1.000000E+00
 -2.817767E+00  1.000000E+00
 -2.827811E+00  1.000000E+00
 -3.019757E+00  1.000000E+00
 -3.029801E+00  1.000000E+00
 -3.221747E+00  1.000000E+00
 -3.231791E+00  1.000000E+00
 -3.423737E+00  1.000000E+00
 -3.433781E+00  1.000000E+00
 -3.625727E+00  1.000000E+00
 -3.635772E+00  1.000000E+00
 -3.827717E+00  1.000000E+00
 -3.837762E+00  1.000000E+00
 -4.029708E+00  1.000000E+00
 -4.039752E+00  1.000000E+00
 -4.231698E+00  1.000000E+00
 -4.241742E+00  1.000000E+00
 -4.433688E+00  1.000000E+00
 -4.443732E+00  1.000000E+00
 -4.635678E+00  1.000000E+00
 -4.645722E+00  1.000000E+00
 -4.837668E+00  1.000000E+00
 -4.847712E+00  1.000000E+00
 -5.039658E+00  1.000000E+00
 -5.049702E+00  1.000000E+00
 -5.241648E+00  1.000000E+00
 -5.251692E+00  1.000000E+00
 -5.443638E+00  1.000000E+00
 -5.453682E+00  1.000000E+00
 -5.645628E+00  1.000000E+00
 -5.655672E+00  1.000000E+00
 -5.847618E+00  1.000000E+00
 -5.857662E+00  1.000000E+00
 -6.049608E+00  1.000000E+00
 -6.059652E+00  1.000000E+00
 -6.251598E+00  1.000000E+00
 -6.261642E+00  1.000000E+00
 -6.453588E+00  1.000000E+00
 -6.463632E+00  1.000000E+00
 -6.655578E+00  1.000000E+00
 -6.665622E+00  1.000000E+00
 -6.857568E+00  1.000000E+00
 -6.867612E+00  1.000000E+00
 -7.059558E+00  1.000000E+00
 -7.069602E+00  1.000000E+00
 -7.261548E+00  1.000000E+00
 -7.271592E+00  1.000000E+00
 -7.463538E+00  1.000000E+00
 -7.473582E+00  1.000000E+00
 -7.665528E+00  1.000000E+00
 -7.675573E+00  1.000000E+00
 -7.867518E+00  1.000000E+00
 -7.877563E+00  1.000000E+00
 -8.069509E+00  1.000000E+00
 -8.079553E+00  1.000000E+00
 -8.271499E+00  1.000000E+00
 -8.281543E+00  1.000000E+00
 -8.473489E+00  1.000000E+00
 -8.483533E+00  1.000000E+00
 -8.675479E+00  1.000000E+00
 -8.685523E+00  1.000000E+00
 -8.877469E+00  1.000000E+00
 -8.887513E+00  1.000000E+00
 -9.079459E+00  1.000000E+00
 -9.089503E+00  1.000000E+00
 -9.281449E+00  1.000000E+00
 -9.291493E+00  1.000000E+00
 -9.483439E+00  1.000000E+00
 -9.493483E+00  1.000000E+00
 -9.685429E+00  1.000000E+00
 -9.695473E+00  1.000000E+00
 -9.887419E+00  1.000000E+00
 -9.897463E+00  1.000000E+00
 -1.008941E+01  1.000000E+00
 -1.009945E+01  1.000000E+00
 -1.029140E+01  1.000000E+00
 -1.030144E+01  1.000000E+00
 -1.049339E+01  1.000000E+00
 -1.050343E+01  1.000000E+00
 -1.069538E+01  1.000000E+00
 -1.070542E+01  1.000000E+00
 -1.089737E+01  1.000000E+00
 -1.090741E+01  1.000000E+00
 -1.109936E+01  1.000000E+00
 -1.110940E+01  1.000000E+00
 -1.130135E+01  1.000000E+00
 -1.131139E+01  1.000000E+00
 -1.150334E+01  1.000000E+00
 -1.151338E+01  1.000000E+00
 -1.170533E+01  1.000000E+00
 -1.171537E+01  1.000000E+00
 -1.190732E+01  1.000000E+00
 -1.191736E+01  1.000000E+00
 -1.210931E+01  1.000000E+00
 -1.211935E+01  1.000000E+00
 -1.231130E+01  1.000000E+00
 -1.232134E+01  1.000000E+00
 -1.251329E+01  1.000000E+00
 -1.252333E+01  1.000000E+00
 -1.271528E+01  1.000000E+00
 -1.272532E+01  1.000000E+00
 -1.291727E+01  1.000000E+00
 -1.292731E+01  1.000000E+00
 -1.311926E+01  1.000000E+00
 -1.312930E+01  1.000000E+00
 -1.332125E+01  1.000000E+00
 -1.333129E+01  1.000000E+00
 -1.352324E+01  1.000000E+00
 -1.353328E+01  1.000000E+00
 -1.372523E+01  1.000000E+00
 -1.373527E+01  1.000000E+00
 -1.392722E+01  1.000000E+00
 -1.393726E+01  1.000000E+00
 -1.412921E+01  1.000000E+00
 -1.413925E+01  1.000000E+00
 -1.433120E+01  1.000000E+00
 -1.434124E+01  1.000000E+00
 -1.453319E+01  1.000000E+00
 -1.454323E+01  1.000000E+00
 -1.473518E+01  1.000000E+00
 -1.474522E+01  1.000000E+00
 -1.493717E+01  1.000000E+00
 -1.494721E+01  1.000000E+00
 -1.513916E+01  1.000000E+00
 -1.514920E+01  1.000000E+00
 -1.534115E+01  1.000000E+00
 -1.535119E+01  1.000000E+00
 -1.554314E+01  1.000000E+00
 -1.555318E+01  1.000000E+00
 -1.574513E+01  1.000000E+00
 -1.575517E+01  1.000000E+00
 -1.594712E+01  1.000000E+00
 -1.595716E+01  1.000000E+00
 -1.614911E+01  1.000000E+00
 -1.615915E+01  1.000000E+00
 -1.635110E+01  1.000000E+00
 -1.636114E+01  1.000000E+00
 -1.655309E+01  1.000000E+00
 -1.656313E+01  1.000000E+00
 -1.675508E+01  1.000000E+00
 -1.676512E+01  1.000000E+00
 -1.695707E+01  1.000000E+00
 -1.696711E+01  1.000000E+00
 -1.715906E+01  1.000000E+00
 -1.716910E+01  1.000000E+00
 -1.736105E+01  1.000000E+00
 -1.737109E+01  1.000000E+00
 -1.756304E+01  1.000000E+00
 -1.757308E+01  1.000000E+00
 -1.776503E+01  1.000000E+00
 -1.777507E+01  1.000000E+00
 -1.796702E+01  1.000000E+00
 -1.797707E+01  1.000000E+00
 -1.816901E+01  1.000000E+00
 -1.817906E+01  1.000000E+00
 -1.837100E+01  1.000000E+00
 -1.838105E+01  1.000000E+00
 -1.857299E+01  1.000000E+00
 -1.858304E+01  1.000000E+00
 -1.877498E+01  1.000000E+00
 -1.878503E+01  1.000000E+00
 -1.897697E+01  1.000000E+00
 -1.898702E+01  1.000000E+00
 -1.900000E+01  8.210387E-01
 -1.900000E+01  8.080540E-01
 -1.900000E+01  7.950693E-01
 -1.900000E+01  6.060640E-01
 -1.900000E+01  5.930793E-01
 -1.900000E+01  4.040739E-01
 -1.900000E+01  3.910892E-01
 -1.900000E+01  2.020839E-01
 -1.900000E+01  1.890992E-01
 -1.900000E+01  9.382716E-05
 -1.900000E+01 -1.289088E-02
 -1.900000E+01 -2.018962E-01
 -1.900000E+01 -2.148809E-01
 -1.900000E+01 -4.038863E-01
 -1.900000E+01 -4.168710E-01
 -1.900000E+01 -6.058763E-01
 -1.900000E+01 -6.188610E-01
 -1.900000E+01 -8.078664E-01

w:105/ x(  -0.1100000E+02) y(   0.3000000E+01) ix(2) iy(2) s(   0.7000E+00)

hb:   line clip z   cb(pastelblue)
clip:
 -1.596721E+01  1.000000E+00
 -6.049608E+00  1.000000E+00
 -6.000000E+00  1.010044E+00
 -6.000000E+00  1.069696E+00
 -6.000000E+00  1.212034E+00
 -6.000000E+00  1.271686E+00
 -6.000000E+00  1.414024E+00
 -6.000000E+00  1.473676E+00
 -6.000000E+00  1.616014E+00
 -6.000000E+00  1.675666E+00
 -6.000000E+00  1.818004E+00
 -6.000000E+00  1.877656E+00
 -6.000000E+00  2.019994E+00
 -6.000000E+00  2.079646E+00
 -6.000000E+00  2.221984E+00
 -6.000000E+00  2.281636E+00
 -6.000000E+00  2.423974E+00
 -6.000000E+00  2.483627E+00
 -6.000000E+00  2.625964E+00
 -6.000000E+00  2.685617E+00
 -6.000000E+00  2.827955E+00
 -6.000000E+00  2.887607E+00
 -6.000000E+00  3.029945E+00
 -6.000000E+00  3.089597E+00
 -6.000000E+00  3.231935E+00
 -6.000000E+00  3.291587E+00
 -6.000000E+00  3.433925E+00
 -6.000000E+00  3.493577E+00
 -6.000000E+00  3.635915E+00
 -6.000000E+00  3.695567E+00
 -6.000000E+00  3.837905E+00
 -6.000000E+00  3.897557E+00
 -6.000000E+00  4.039895E+00
 -6.000000E+00  4.099547E+00
 -6.000000E+00  4.241885E+00
 -6.000000E+00  4.301537E+00
 -6.000000E+00  4.443875E+00
 -6.000000E+00  4.503527E+00
 -6.000000E+00  4.645865E+00
 -6.000000E+00  4.705517E+00
 -6.000000E+00  4.847855E+00
 -6.000000E+00  4.907507E+00
 -6.059652E+00  5.000000E+00
 -6.211797E+00  5.000000E+00
 -6.261642E+00  5.000000E+00
 -6.413787E+00  5.000000E+00
 -6.463632E+00  5.000000E+00
 -6.615777E+00  5.000000E+00
 -6.665622E+00  5.000000E+00
 -6.817767E+00  5.000000E+00
 -6.867612E+00  5.000000E+00
 -7.019757E+00  5.000000E+00
 -7.069602E+00  5.000000E+00
 -7.221747E+00  5.000000E+00
 -7.271592E+00  5.000000E+00
 -7.423737E+00  5.000000E+00
 -7.473582E+00  5.000000E+00
 -7.625727E+00  5.000000E+00
 -7.675573E+00  5.000000E+00
 -7.827717E+00  5.000000E+00
 -7.877563E+00  5.000000E+00
 -8.029708E+00  5.000000E+00
 -8.079553E+00  5.000000E+00
 -8.231698E+00  5.000000E+00
 -8.281543E+00  5.000000E+00
 -8.433688E+00  5.000000E+00
 -8.483533E+00  5.000000E+00
 -8.635678E+00  5.000000E+00
 -8.685523E+00  5.000000E+00
 -8.837668E+00  5.000000E+00
 -8.887513E+00  5.000000E+00
 -9.039658E+00  5.000000E+00
 -9.089503E+00  5.000000E+00
 -9.241648E+00  5.000000E+00
 -9.291493E+00  5.000000E+00
 -9.443638E+00  5.000000E+00
 -9.493483E+00  5.000000E+00
 -9.645628E+00  5.000000E+00
 -9.695473E+00  5.000000E+00
 -9.847618E+00  5.000000E+00
 -9.897463E+00  5.000000E+00
 -1.004961E+01  5.000000E+00
 -1.009945E+01  5.000000E+00
 -1.025160E+01  5.000000E+00
 -1.030144E+01  5.000000E+00
 -1.045359E+01  5.000000E+00
 -1.050343E+01  5.000000E+00
 -1.065558E+01  5.000000E+00
 -1.070542E+01  5.000000E+00
 -1.085757E+01  5.000000E+00
 -1.090741E+01  5.000000E+00
 -1.105956E+01  5.000000E+00
 -1.110940E+01  5.000000E+00
 -1.126155E+01  5.000000E+00
 -1.131139E+01  5.000000E+00
 -1.146354E+01  5.000000E+00
 -1.151338E+01  5.000000E+00
 -1.166553E+01  5.000000E+00
 -1.171537E+01  5.000000E+00
 -1.186752E+01  5.000000E+00
 -1.191736E+01  5.000000E+00
 -1.206951E+01  5.000000E+00
 -1.211935E+01  5.000000E+00
 -1.227150E+01  5.000000E+00
 -1.232134E+01  5.000000E+00
 -1.247349E+01  5.000000E+00
 -1.252333E+01  5.000000E+00
 -1.267548E+01  5.000000E+00
 -1.272532E+01  5.000000E+00
 -1.287747E+01  5.000000E+00
 -1.292731E+01  5.000000E+00
 -1.307946E+01  5.000000E+00
 -1.312930E+01  5.000000E+00
 -1.328145E+01  5.000000E+00
 -1.333129E+01  5.000000E+00
 -1.348344E+01  5.000000E+00
 -1.353328E+01  5.000000E+00
 -1.368543E+01  5.000000E+00
 -1.373527E+01  5.000000E+00
 -1.388742E+01  5.000000E+00
 -1.393726E+01  5.000000E+00
 -1.408941E+01  5.000000E+00
 -1.413925E+01  5.000000E+00
 -1.429140E+01  5.000000E+00
 -1.434124E+01  5.000000E+00
 -1.449339E+01  5.000000E+00
 -1.454323E+01  5.000000E+00
 -1.469538E+01  5.000000E+00
 -1.474522E+01  5.000000E+00
 -1.489737E+01  5.000000E+00
 -1.494721E+01  5.000000E+00
 -1.509936E+01  5.000000E+00
 -1.514920E+01  5.000000E+00
 -1.530135E+01  5.000000E+00
 -1.535119E+01  5.000000E+00
 -1.550334E+01  5.000000E+00
 -1.555318E+01  5.000000E+00
 -1.570533E+01  5.000000E+00
 -1.575517E+01  5.000000E+00
 -1.590732E+01  5.000000E+00
 -1.595716E+01  5.000000E+00
 -1.600000E+01  4.890690E+00
 -1.600000E+01  4.847855E+00
 -1.600000E+01  4.805020E+00
 -1.600000E+01  4.645865E+00
 -1.600000E+01  4.603030E+00
 -1.600000E+01  4.443875E+00
 -1.600000E+01  4.401039E+00
 -1.600000E+01  4.241885E+00
 -1.600000E+01  4.199049E+00
 -1.600000E+01  4.039895E+00
 -1.600000E+01  3.997059E+00
 -1.600000E+01  3.837905E+00
 -1.600000E+01  3.795069E+00
 -1.600000E+01  3.635915E+00
 -1.600000E+01  3.593079E+00
 -1.600000E+01  3.433925E+00
 -1.600000E+01  3.391089E+00
 -1.600000E+01  3.231935E+00
 -1.600000E+01  3.189099E+00
 -1.600000E+01  3.029945E+00
 -1.600000E+01  2.987109E+00
 -1.600000E+01  2.827955E+00
 -1.600000E+01  2.785119E+00
 -1.600000E+01  2.625964E+00
 -1.600000E+01  2.583129E+00
 -1.600000E+01  2.423974E+00
 -1.600000E+01  2.381139E+00
 -1.600000E+01  2.221984E+00
 -1.600000E+01  2.179149E+00
 -1.600000E+01  2.019994E+00
 -1.600000E+01  1.977159E+00
 -1.600000E+01  1.818004E+00
 -1.600000E+01  1.775169E+00
 -1.600000E+01  1.616014E+00
 -1.600000E+01  1.573179E+00
 -1.600000E+01  1.414024E+00
 -1.600000E+01  1.371189E+00
 -1.600000E+01  1.212034E+00
 -1.600000E+01  1.169199E+00
 -1.600000E+01  1.010044E+00

w:102/ x(  -0.4627438E+00) y(   0.2000000E+01) ix(2) iy(2) s(   0.7000E+00)

hb:   line clip z   cb(pastelblue)
clip:
 -4.857756E+00  1.000000E+00
  3.039944E+00  1.000000E+00
  3.123272E+00  1.103416E+00
  3.192744E+00  1.374878E+00
  3.231890E+00  1.505034E+00
  3.268351E+00  1.616014E+00
  3.342226E+00  1.818004E+00
  3.426203E+00  2.019994E+00
  3.492328E+00  2.163537E+00
  3.615791E+00  2.403895E+00
  3.635870E+00  2.440158E+00
  3.703864E+00  2.557971E+00
  3.745084E+00  2.625964E+00
  3.837860E+00  2.770667E+00
  3.860878E+00  2.804937E+00
  3.971431E+00  2.961525E+00
  3.837860E+00  3.000000E+00
  3.665815E+00  3.000000E+00
  3.635870E+00  3.000000E+00
  3.463825E+00  3.000000E+00
  3.433880E+00  3.000000E+00
  3.261835E+00  3.000000E+00
  3.231890E+00  3.000000E+00
  3.059845E+00  3.000000E+00
  3.029900E+00  3.000000E+00
  2.857855E+00  3.000000E+00
  2.827910E+00  3.000000E+00
  2.655865E+00  3.000000E+00
  2.625920E+00  3.000000E+00
  2.453875E+00  3.000000E+00
  2.423930E+00  3.000000E+00
  2.251885E+00  3.000000E+00
  2.221940E+00  3.000000E+00
  2.049894E+00  3.000000E+00
  2.019950E+00  3.000000E+00
  1.847904E+00  3.000000E+00
  1.817960E+00  3.000000E+00
  1.645914E+00  3.000000E+00
  1.615970E+00  3.000000E+00
  1.443924E+00  3.000000E+00
  1.413980E+00  3.000000E+00
  1.241934E+00  3.000000E+00
  1.211990E+00  3.000000E+00
  1.039944E+00  3.000000E+00
  1.010000E+00  3.000000E+00
  8.379542E-01  3.000000E+00
  8.080096E-01  3.000000E+00
  6.359641E-01  3.000000E+00
  6.060195E-01  3.000000E+00
  4.339741E-01  3.000000E+00
  4.040295E-01  3.000000E+00
  2.319840E-01  3.000000E+00
  2.020394E-01  3.000000E+00
  2.999396E-02  3.000000E+00
  4.938271E-05  3.000000E+00
 -1.719961E-01  3.000000E+00
 -2.019407E-01  3.000000E+00
 -3.739861E-01  3.000000E+00
 -4.039307E-01  3.000000E+00
 -5.759762E-01  3.000000E+00
 -6.059208E-01  3.000000E+00
 -7.779662E-01  3.000000E+00
 -8.079108E-01  3.000000E+00
 -9.799563E-01  3.000000E+00
 -1.009901E+00  3.000000E+00
 -1.181946E+00  3.000000E+00
 -1.211891E+00  3.000000E+00
 -1.383936E+00  3.000000E+00
 -1.413881E+00  3.000000E+00
 -1.585926E+00  3.000000E+00
 -1.615871E+00  3.000000E+00
 -1.787916E+00  3.000000E+00
 -1.817861E+00  3.000000E+00
 -1.989907E+00  3.000000E+00
 -2.019851E+00  3.000000E+00
 -2.191897E+00  3.000000E+00
 -2.221841E+00  3.000000E+00
 -2.393887E+00  3.000000E+00
 -2.423831E+00  3.000000E+00
 -2.595877E+00  3.000000E+00
 -2.625821E+00  3.000000E+00
 -2.797867E+00  3.000000E+00
 -2.827811E+00  3.000000E+00
 -2.999857E+00  3.000000E+00
 -3.029801E+00  3.000000E+00
 -3.201847E+00  3.000000E+00
 -3.231791E+00  3.000000E+00
 -3.403837E+00  3.000000E+00
 -3.433781E+00  3.000000E+00
 -3.605827E+00  3.000000E+00
 -3.635772E+00  3.000000E+00
 -3.807817E+00  3.000000E+00
 -3.837762E+00  3.000000E+00
 -4.004200E+00  2.994392E+00
 -4.039752E+00  2.946253E+00
 -4.089128E+00  2.877331E+00
 -4.123430E+00  2.827955E+00
 -4.241742E+00  2.647192E+00
 -4.249882E+00  2.634104E+00
 -4.254916E+00  2.625964E+00
 -4.275668E+00  2.592038E+00
 -4.373139E+00  2.423974E+00
 -4.443732E+00  2.291997E+00
 -4.467354E+00  2.245607E+00
 -4.479150E+00  2.221984E+00
 -4.512713E+00  2.153003E+00
 -4.573797E+00  2.019994E+00
 -4.645722E+00  1.848586E+00
 -4.654384E+00  1.826666E+00
 -4.657774E+00  1.818004E+00
 -4.665412E+00  1.798314E+00
 -4.731649E+00  1.616014E+00
 -4.773325E+00  1.488411E+00
 -4.795887E+00  1.414024E+00
 -4.847712E+00  1.224618E+00
 -4.850241E+00  1.214563E+00
 -4.850873E+00  1.212034E+00
 -4.851924E+00  1.207822E+00
 -4.896919E+00  1.010044E+00

w:104/ x(   0.4000000E+01) y(   0.1973059E+01) ix(2) iy(2) s(   0.7000E+00)

hb:   line clip z   cb(pastelblue)
clip:
  3.221846E+00  1.000000E+00
  4.857855E+00  1.000000E+00
  4.896919E+00  1.010044E+00
  4.888376E+00  1.050609E+00
  4.850873E+00  1.212034E+00
  4.850261E+00  1.214484E+00
  4.847811E+00  1.224227E+00
  4.795887E+00  1.414024E+00
  4.760556E+00  1.528760E+00
  4.731649E+00  1.616014E+00
  4.709440E+00  1.679634E+00
  4.657774E+00  1.818004E+00
  4.654412E+00  1.826596E+00
  4.645821E+00  1.848338E+00
  4.573797E+00  2.019994E+00
  4.533251E+00  2.109415E+00
  4.479150E+00  2.221984E+00
  4.467387E+00  2.245541E+00
  4.443830E+00  2.291805E+00
  4.373139E+00  2.423974E+00
  4.325633E+00  2.507767E+00
  4.254916E+00  2.625964E+00
  4.249919E+00  2.634043E+00
  4.241840E+00  2.647034E+00
  4.123430E+00  2.827955E+00
  4.089169E+00  2.877273E+00
  4.039850E+00  2.946118E+00
  3.943984E+00  2.923821E+00
  3.876570E+00  2.827955E+00
  3.837860E+00  2.770667E+00
  3.780820E+00  2.683005E+00
  3.745084E+00  2.625964E+00
  3.635870E+00  2.440158E+00
  3.630077E+00  2.429768E+00
  3.626861E+00  2.423974E+00
  3.615791E+00  2.403895E+00
  3.520850E+00  2.221984E+00
  3.433880E+00  2.037290E+00
  3.428557E+00  2.025317E+00
  3.426203E+00  2.019994E+00
  3.420174E+00  2.006288E+00
  3.342226E+00  1.818004E+00
  3.287826E+00  1.671950E+00
  3.268351E+00  1.616014E+00
  3.231890E+00  1.505034E+00
  3.210478E+00  1.435436E+00
  3.204113E+00  1.414024E+00
  3.192744E+00  1.374878E+00
  3.149127E+00  1.212034E+00
  3.123272E+00  1.103416E+00
  3.103081E+00  1.010044E+00

w:103/ x(   0.8450580E+01) y(   0.2999741E+01) ix(2) iy(2) s(   0.7000E+00)

hb:   line clip z   cb(pastelblue)
clip:
  5.039757E+00  1.000000E+00
  1.273547E+01  1.000000E+00
  1.289692E+01  1.010044E+00
  1.286584E+01  1.150465E+00
  1.285087E+01  1.212034E+00
  1.282492E+01  1.311534E+00
  1.279589E+01  1.414024E+00
  1.277958E+01  1.468186E+00
  1.273165E+01  1.616014E+00
  1.273006E+01  1.620653E+00
  1.272542E+01  1.634130E+00
  1.265777E+01  1.818004E+00
  1.261924E+01  1.913808E+00
  1.257380E+01  2.019994E+00
  1.255826E+01  2.054820E+00
  1.252343E+01  2.130389E+00
  1.247915E+01  2.221984E+00
  1.242583E+01  2.326374E+00
  1.237314E+01  2.423974E+00
  1.235460E+01  2.457129E+00
  1.232144E+01  2.514982E+00
  1.225492E+01  2.625964E+00
  1.220252E+01  2.709030E+00
  1.212343E+01  2.827955E+00
  1.212181E+01  2.830313E+00
  1.211945E+01  2.833745E+00
  1.197737E+01  3.029945E+00
  1.195133E+01  3.063816E+00
  1.191746E+01  3.107006E+00
  1.181505E+01  3.231935E+00
  1.176903E+01  3.285489E+00
  1.171547E+01  3.345933E+00
  1.163430E+01  3.433925E+00
  1.157509E+01  3.495531E+00
  1.151348E+01  3.557449E+00
  1.143222E+01  3.635915E+00
  1.136960E+01  3.694022E+00
  1.131149E+01  3.746201E+00
  1.120476E+01  3.837905E+00
  1.115252E+01  3.880927E+00
  1.110950E+01  3.915482E+00
  1.094606E+01  4.039895E+00
  1.092371E+01  4.056095E+00
  1.090751E+01  4.067723E+00
  1.081538E+01  4.132023E+00
  1.070552E+01  4.204777E+00
  1.064696E+01  4.241885E+00
  1.055785E+01  4.296206E+00
  1.050353E+01  4.328086E+00
  1.031212E+01  4.433292E+00
  1.030154E+01  4.438795E+00
  1.029172E+01  4.443875E+00
  1.016341E+01  4.507733E+00
  1.009955E+01  4.537828E+00
  9.931605E+00  4.611822E+00
  9.897562E+00  4.625933E+00
  9.848226E+00  4.645865E+00
  9.737943E+00  4.688236E+00
  9.695572E+00  4.703726E+00
  9.606575E+00  4.734862E+00
  9.493582E+00  4.771710E+00
  9.315643E+00  4.823804E+00
  9.291592E+00  4.830299E+00
  9.224051E+00  4.847855E+00
  9.115683E+00  4.873936E+00
  9.089602E+00  4.879833E+00
  9.048663E+00  4.888794E+00
  8.887612E+00  4.920584E+00
  8.799859E+00  4.935608E+00
  8.685622E+00  4.952769E+00
  8.565566E+00  4.967911E+00
  8.483631E+00  4.976555E+00
  8.343285E+00  4.988202E+00
  8.281641E+00  4.992062E+00
  8.131219E+00  4.998278E+00
  8.079651E+00  4.999366E+00
  7.928024E+00  4.999482E+00
  7.877661E+00  4.998503E+00
  7.732668E+00  4.992848E+00
  7.675671E+00  4.989470E+00
  7.544333E+00  4.979193E+00
  7.473681E+00  4.972222E+00
  7.362361E+00  4.959175E+00
  7.271691E+00  4.946672E+00
  7.186215E+00  4.933331E+00
  7.069701E+00  4.912692E+00
  7.015449E+00  4.902108E+00
  6.867711E+00  4.870105E+00
  6.849687E+00  4.865879E+00
  6.775949E+00  4.847855E+00
  6.665721E+00  4.818682E+00
  6.531957E+00  4.779629E+00
  6.463731E+00  4.758138E+00
  6.379486E+00  4.730109E+00
  6.261741E+00  4.688119E+00
  6.231000E+00  4.676606E+00
  6.151774E+00  4.645865E+00
  6.059751E+00  4.608192E+00
  5.945310E+00  4.558316E+00
  5.857761E+00  4.517833E+00
  5.807822E+00  4.493813E+00
  5.708281E+00  4.443875E+00
  5.655771E+00  4.416400E+00
  5.542991E+00  4.354665E+00
  5.453781E+00  4.303111E+00
  5.415461E+00  4.280205E+00
  5.353037E+00  4.241885E+00
  5.251791E+00  4.177002E+00
  5.169798E+00  4.121888E+00
  5.053943E+00  4.039895E+00
  5.049801E+00  4.036871E+00
  4.936290E+00  3.951415E+00
  4.847811E+00  3.881199E+00
  4.823987E+00  3.861728E+00
  4.795240E+00  3.837905E+00
  4.645821E+00  3.708029E+00
  4.608141E+00  3.673594E+00
  4.567781E+00  3.635915E+00
  4.443830E+00  3.514777E+00
  4.403872E+00  3.473883E+00
  4.365697E+00  3.433925E+00
  4.241840E+00  3.297914E+00
  4.211158E+00  3.262617E+00
  4.184951E+00  3.231935E+00
  4.039850E+00  3.052411E+00
  4.030089E+00  3.039706E+00
  4.022635E+00  3.029945E+00
  4.039850E+00  2.946118E+00
  4.123430E+00  2.827955E+00
  4.171078E+00  2.757192E+00
  4.241840E+00  2.647034E+00
  4.325633E+00  2.507767E+00
  4.398150E+00  2.378294E+00
  4.479150E+00  2.221984E+00
  4.573797E+00  2.019994E+00
  4.645821E+00  1.848338E+00
  4.709440E+00  1.679634E+00
  4.760556E+00  1.528760E+00
  4.807569E+00  1.373783E+00
  4.850873E+00  1.212034E+00
  4.896919E+00  1.010044E+00

wt: s[c5]
\vspace{-3}
  emin  &=&   0.0000E+00 [MeV]
  emax  &=&   1.0000E+03 [MeV]
  ymin  &=&  -5.0000E+00 [cm]
  ymax  &=&   5.0000E+00 [cm]
  part. &=& all     
  tmin  &=&   0.0000E+00 [nsec]
  tmax  &=&   1.0000E-01 [nsec]
e:
 
# Information for Restart Calculation
# This calculation was newly started
# istdev =  2 # 1:Batch variance, 2:History variance
# resc2  = 0.00000000000000000E+00 # Total source weight or Total source weight / maxcas
# resc3  = 0.00000000000000000E+00 # Total history number or Total batch number
# maxcas =         500 # History / Batch, only used for istdev=1
# bitrseed = 0000000000000000000000000000000000000000000000000000000000000000 # bit data of rseed
